<?xml version="1.0" encoding="UTF-8"?>
<robot generator="Robot 4.1.1 (Python 3.9.7 on darwin)" generated="20211027 11:53:21.667" rpa="false" schemaversion="2">
<suite id="s1" name="login with FB" source="/Users/qa_tester/Desktop/MBC-APP/Tests/MBC/Android/login_with_FB.robot">
<kw name="Open MBC Application" library="resources" type="SETUP">
<kw name="Open Application" library="AppiumLibrary">
<arg>http://localhost:4723/wd/hub</arg>
<arg>platformName=Android</arg>
<arg>deviceName=Galaxy J5 Prime</arg>
<arg>appPackage=${MBC-APPLICATION-ID}</arg>
<arg>appActivity=${MBC-APPLICATION-ACTIVITY}</arg>
<arg>udid=4200933406a59453</arg>
<arg>automationName=Uiautomator2</arg>
<doc>Opens a new application to given Appium server.
Capabilities of appium server, Android and iOS,
Please check https://github.com/appium/appium/blob/master/docs/en/writing-running-appium/server-args.md
| *Option*            | *Man.* | *Description*     |
| remote_url          | Yes    | Appium server url |
| alias               | no     | alias             |</doc>
<status status="PASS" starttime="20211027 11:53:23.314" endtime="20211027 11:53:34.690"/>
</kw>
<status status="PASS" starttime="20211027 11:53:23.314" endtime="20211027 11:53:34.690"/>
</kw>
<test id="s1-t1" name="Login with Facebook test case">
<kw name="Launch Application" library="AppiumLibrary" type="SETUP">
<doc>Launch application. Application can be launched while Appium session running.
This keyword can be used to launch application during test case or between test cases.</doc>
<status status="PASS" starttime="20211027 11:53:34.694" endtime="20211027 11:53:37.961"/>
</kw>
<kw name="Sleep" library="BuiltIn">
<arg>5</arg>
<doc>Pauses the test executed for the given time.</doc>
<msg timestamp="20211027 11:53:42.965" level="INFO">Slept 5 seconds</msg>
<status status="PASS" starttime="20211027 11:53:37.962" endtime="20211027 11:53:42.965"/>
</kw>
<kw name="Wait Until Page Contains Element" library="AppiumLibrary">
<arg>//android.widget.TextView[@text='OR REGISTER']</arg>
<doc>Waits until element specified with `locator` appears on current page.</doc>
<status status="PASS" starttime="20211027 11:53:42.966" endtime="20211027 11:53:46.598"/>
</kw>
<kw name="Wait Until Page Contains Element" library="AppiumLibrary">
<arg>${LOGIN_WITH_FACEBOOK_BUTTON}</arg>
<doc>Waits until element specified with `locator` appears on current page.</doc>
<status status="PASS" starttime="20211027 11:53:46.598" endtime="20211027 11:53:46.818"/>
</kw>
<kw name="Run Keyword Until Success" library="resources">
<arg>Click Element</arg>
<arg>${LOGIN_WITH_FACEBOOK_BUTTON}</arg>
<kw name="Wait Until Keyword Succeeds" library="BuiltIn">
<arg>5s</arg>
<arg>1s</arg>
<arg>${KW}</arg>
<arg>@{KWARGS}</arg>
<doc>Runs the specified keyword and retries if it fails.</doc>
<kw name="Click Element" library="AppiumLibrary">
<arg>@{KWARGS}</arg>
<doc>Click element identified by `locator`.</doc>
<msg timestamp="20211027 11:53:46.825" level="INFO">Clicking element '//android.view.ViewGroup[@index=2]'.</msg>
<status status="PASS" starttime="20211027 11:53:46.820" endtime="20211027 11:53:47.087"/>
</kw>
<status status="PASS" starttime="20211027 11:53:46.819" endtime="20211027 11:53:47.087"/>
</kw>
<status status="PASS" starttime="20211027 11:53:46.818" endtime="20211027 11:53:47.088"/>
</kw>
<kw name="Sleep" library="BuiltIn">
<arg>10</arg>
<doc>Pauses the test executed for the given time.</doc>
<msg timestamp="20211027 11:53:57.089" level="INFO">Slept 10 seconds</msg>
<status status="PASS" starttime="20211027 11:53:47.088" endtime="20211027 11:53:57.089"/>
</kw>
<kw name="Handle Modals" library="resources">
<arg>${MODAL_LOGGED_IN_ANOTHER_DEVICE}</arg>
<arg>${USE_HERE_BUTTON}</arg>
<kw name="Run Keyword And Return Status" library="BuiltIn">
<var>${PASSED}</var>
<arg>Wait Until Page Contains Element</arg>
<arg>${MODAL_NAME}</arg>
<doc>Runs the given keyword with given arguments and returns the status as a Boolean value.</doc>
<kw name="Wait Until Page Contains Element" library="AppiumLibrary">
<arg>${MODAL_NAME}</arg>
<doc>Waits until element specified with `locator` appears on current page.</doc>
<status status="PASS" starttime="20211027 11:53:57.091" endtime="20211027 11:53:57.236"/>
</kw>
<msg timestamp="20211027 11:53:57.237" level="INFO">${PASSED} = True</msg>
<status status="PASS" starttime="20211027 11:53:57.091" endtime="20211027 11:53:57.237"/>
</kw>
<kw name="Run Keyword If" library="BuiltIn">
<arg>${PASSED}</arg>
<arg>Tap The Element</arg>
<arg>${BUTTON}</arg>
<doc>Runs the given keyword with the given arguments, if ``condition`` is true.</doc>
<kw name="Tap The Element" library="resources">
<arg>${BUTTON}</arg>
<kw name="Wait Until Page Contains Element" library="AppiumLibrary">
<arg>${locator}</arg>
<doc>Waits until element specified with `locator` appears on current page.</doc>
<status status="PASS" starttime="20211027 11:53:57.238" endtime="20211027 11:53:57.370"/>
</kw>
<kw name="Click Element" library="AppiumLibrary">
<arg>${locator}</arg>
<doc>Click element identified by `locator`.</doc>
<msg timestamp="20211027 11:53:57.376" level="INFO">Clicking element '//android.widget.TextView[@text='USE HERE']'.</msg>
<status status="PASS" starttime="20211027 11:53:57.370" endtime="20211027 11:53:57.529"/>
</kw>
<status status="PASS" starttime="20211027 11:53:57.237" endtime="20211027 11:53:57.529"/>
</kw>
<status status="PASS" starttime="20211027 11:53:57.237" endtime="20211027 11:53:57.529"/>
</kw>
<status status="PASS" starttime="20211027 11:53:57.090" endtime="20211027 11:53:57.530"/>
</kw>
<kw name="Wait Until Page Contains Element" library="AppiumLibrary">
<arg>${SKIP_TUTORIAL}</arg>
<doc>Waits until element specified with `locator` appears on current page.</doc>
<status status="PASS" starttime="20211027 11:53:57.530" endtime="20211027 11:54:04.621"/>
</kw>
<kw name="Run Keyword And Return Status" library="BuiltIn">
<var>${PASSED}</var>
<arg>Wait Until Page Contains Element</arg>
<arg>//android.widget.TextView[@text='SIGN UP VIA FACEBOOK']</arg>
<doc>Runs the given keyword with given arguments and returns the status as a Boolean value.</doc>
<kw name="Wait Until Page Contains Element" library="AppiumLibrary">
<arg>//android.widget.TextView[@text='SIGN UP VIA FACEBOOK']</arg>
<doc>Waits until element specified with `locator` appears on current page.</doc>
<status status="PASS" starttime="20211027 11:54:04.622" endtime="20211027 11:54:05.873"/>
</kw>
<msg timestamp="20211027 11:54:05.873" level="INFO">${PASSED} = True</msg>
<status status="PASS" starttime="20211027 11:54:04.621" endtime="20211027 11:54:05.873"/>
</kw>
<kw name="Run Keyword If" library="BuiltIn">
<arg>'${PASSED}' == 'True'</arg>
<arg>Handle Sign Up Via Facebook</arg>
<doc>Runs the given keyword with the given arguments, if ``condition`` is true.</doc>
<kw name="Handle Sign Up Via Facebook" library="resources">
<kw name="Log To Console" library="BuiltIn">
<arg>'Handle Sign Up Via Facebook'</arg>
<doc>Logs the given message to the console.</doc>
<status status="PASS" starttime="20211027 11:54:05.874" endtime="20211027 11:54:05.875"/>
</kw>
<kw name="Input Text" library="AppiumLibrary">
<arg>//android.widget.EditText[@text='Mobile No.']</arg>
<arg>0912345678901</arg>
<doc>Types the given `text` into text field identified by `locator`.</doc>
<msg timestamp="20211027 11:54:05.880" level="INFO">Typing text '0912345678901' into text field '//android.widget.EditText[@text='Mobile No.']'</msg>
<status status="PASS" starttime="20211027 11:54:05.875" endtime="20211027 11:54:06.160"/>
</kw>
<kw name="Tap The Element" library="resources">
<arg>//android.view.ViewGroup[@index=9]</arg>
<kw name="Wait Until Page Contains Element" library="AppiumLibrary">
<arg>${locator}</arg>
<doc>Waits until element specified with `locator` appears on current page.</doc>
<status status="PASS" starttime="20211027 11:54:06.161" endtime="20211027 11:54:07.018"/>
</kw>
<kw name="Click Element" library="AppiumLibrary">
<arg>${locator}</arg>
<doc>Click element identified by `locator`.</doc>
<msg timestamp="20211027 11:54:07.026" level="INFO">Clicking element '//android.view.ViewGroup[@index=9]'.</msg>
<status status="PASS" starttime="20211027 11:54:07.018" endtime="20211027 11:54:07.286"/>
</kw>
<status status="PASS" starttime="20211027 11:54:06.160" endtime="20211027 11:54:07.286"/>
</kw>
<status status="PASS" starttime="20211027 11:54:05.874" endtime="20211027 11:54:07.286"/>
</kw>
<status status="PASS" starttime="20211027 11:54:05.873" endtime="20211027 11:54:07.286"/>
</kw>
<kw name="Sleep" library="BuiltIn">
<arg>10</arg>
<doc>Pauses the test executed for the given time.</doc>
<msg timestamp="20211027 11:54:17.288" level="INFO">Slept 10 seconds</msg>
<status status="PASS" starttime="20211027 11:54:07.287" endtime="20211027 11:54:17.288"/>
</kw>
<kw name="Log To Console" library="BuiltIn">
<arg>'Login with facebook'</arg>
<doc>Logs the given message to the console.</doc>
<status status="PASS" starttime="20211027 11:54:17.289" endtime="20211027 11:54:17.289"/>
</kw>
<kw name="Quit Application" library="AppiumLibrary" type="TEARDOWN">
<doc>Quit application. Application can be quit while Appium session is kept alive.
This keyword can be used to close application during test case or between test cases.</doc>
<status status="PASS" starttime="20211027 11:54:17.289" endtime="20211027 11:54:17.466"/>
</kw>
<tag>sanity</tag>
<status status="PASS" starttime="20211027 11:53:34.690" endtime="20211027 11:54:17.466"/>
</test>
<kw name="Close Application" library="AppiumLibrary" type="TEARDOWN">
<doc>Closes the current application and also close webdriver session.</doc>
<status status="PASS" starttime="20211027 11:54:17.470" endtime="20211027 11:54:17.729"/>
</kw>
<doc>A test case for user is able to login with facebook</doc>
<status status="PASS" starttime="20211027 11:53:21.670" endtime="20211027 11:54:17.730"/>
</suite>
<statistics>
<total>
<stat pass="1" fail="0" skip="0">All Tests</stat>
</total>
<tag>
<stat pass="1" fail="0" skip="0">sanity</stat>
</tag>
<suite>
<stat pass="1" fail="0" skip="0" id="s1" name="login with FB">login with FB</stat>
</suite>
</statistics>
<errors>
</errors>
</robot>
