<?xml version="1.0" encoding="UTF-8"?>
<robot generator="Robot 4.1.1 (Python 3.9.7 on darwin)" generated="20211021 17:05:12.807" rpa="false" schemaversion="2">
<suite id="s1" name="Papremyo" source="/Users/qa_tester/Desktop/MBC-APP/Tests/MBC/Android/papremyo.robot">
<kw name="Open MBC Application" library="resources" type="SETUP">
<kw name="Open Application" library="AppiumLibrary">
<arg>http://localhost:4723/wd/hub</arg>
<arg>platformName=Android</arg>
<arg>deviceName=Galaxy J5 Prime</arg>
<arg>appPackage=${MBC-APPLICATION-ID}</arg>
<arg>appActivity=${MBC-APPLICATION-ACTIVITY}</arg>
<arg>udid=4200933406a59453</arg>
<arg>automationName=Uiautomator2</arg>
<doc>Opens a new application to given Appium server.
Capabilities of appium server, Android and iOS,
Please check https://github.com/appium/appium/blob/master/docs/en/writing-running-appium/server-args.md
| *Option*            | *Man.* | *Description*     |
| remote_url          | Yes    | Appium server url |
| alias               | no     | alias             |</doc>
<status status="PASS" starttime="20211021 17:05:14.546" endtime="20211021 17:05:27.092"/>
</kw>
<status status="PASS" starttime="20211021 17:05:14.545" endtime="20211021 17:05:27.093"/>
</kw>
<test id="s1-t1" name="My Papremyo test case">
<kw name="Launch Application" library="AppiumLibrary" type="SETUP">
<doc>Launch application. Application can be launched while Appium session running.
This keyword can be used to launch application during test case or between test cases.</doc>
<status status="PASS" starttime="20211021 17:05:27.098" endtime="20211021 17:05:31.421"/>
</kw>
<kw name="Go To Login Screen" library="resources">
<arg>${LOGIN_BUTTON}</arg>
<kw name="Sleep" library="BuiltIn">
<arg>5</arg>
<doc>Pauses the test executed for the given time.</doc>
<msg timestamp="20211021 17:05:36.423" level="INFO">Slept 5 seconds</msg>
<status status="PASS" starttime="20211021 17:05:31.422" endtime="20211021 17:05:36.423"/>
</kw>
<kw name="Submit Login Button" library="resources">
<arg>${BUTTON}</arg>
<kw name="Sleep" library="BuiltIn">
<arg>3</arg>
<doc>Pauses the test executed for the given time.</doc>
<msg timestamp="20211021 17:05:39.424" level="INFO">Slept 3 seconds</msg>
<status status="PASS" starttime="20211021 17:05:36.424" endtime="20211021 17:05:39.425"/>
</kw>
<kw name="Run Keyword Until Success" library="resources">
<arg>appiumlibrary.Wait Until Page Contains Element</arg>
<arg>${BUTTON}</arg>
<kw name="Wait Until Keyword Succeeds" library="BuiltIn">
<arg>5s</arg>
<arg>1s</arg>
<arg>${KW}</arg>
<arg>@{KWARGS}</arg>
<doc>Runs the specified keyword and retries if it fails.</doc>
<kw name="Wait Until Page Contains Element" library="AppiumLibrary">
<arg>@{KWARGS}</arg>
<doc>Waits until element specified with `locator` appears on current page.</doc>
<status status="PASS" starttime="20211021 17:05:39.428" endtime="20211021 17:05:40.879"/>
</kw>
<status status="PASS" starttime="20211021 17:05:39.427" endtime="20211021 17:05:40.879"/>
</kw>
<status status="PASS" starttime="20211021 17:05:39.426" endtime="20211021 17:05:40.879"/>
</kw>
<kw name="Run Keyword Until Success" library="resources">
<arg>appiumlibrary.Click Element</arg>
<arg>${BUTTON}</arg>
<kw name="Wait Until Keyword Succeeds" library="BuiltIn">
<arg>5s</arg>
<arg>1s</arg>
<arg>${KW}</arg>
<arg>@{KWARGS}</arg>
<doc>Runs the specified keyword and retries if it fails.</doc>
<kw name="Click Element" library="AppiumLibrary">
<arg>@{KWARGS}</arg>
<doc>Click element identified by `locator`.</doc>
<msg timestamp="20211021 17:05:40.884" level="INFO">Clicking element '//android.widget.TextView[@text='LOG IN']'.</msg>
<status status="PASS" starttime="20211021 17:05:40.880" endtime="20211021 17:05:41.296"/>
</kw>
<status status="PASS" starttime="20211021 17:05:40.880" endtime="20211021 17:05:41.296"/>
</kw>
<status status="PASS" starttime="20211021 17:05:40.879" endtime="20211021 17:05:41.296"/>
</kw>
<status status="PASS" starttime="20211021 17:05:36.423" endtime="20211021 17:05:41.297"/>
</kw>
<status status="PASS" starttime="20211021 17:05:31.421" endtime="20211021 17:05:41.297"/>
</kw>
<kw name="Sign with User" library="resources">
<arg>${USER_DETAILS}[email]</arg>
<arg>${LOGIN_EMAIL_FIELD}</arg>
<arg>${USER_DETAILS}[password]</arg>
<arg>${LOGIN_PASSWORD_FIELD}</arg>
<kw name="Input User Email" library="resources">
<arg>${EMAIL}</arg>
<arg>${EMAIL_FIELD}</arg>
<kw name="Run Keyword Until Success" library="resources">
<arg>Wait Until Page Contains Element</arg>
<arg>${FIELD}</arg>
<kw name="Wait Until Keyword Succeeds" library="BuiltIn">
<arg>5s</arg>
<arg>1s</arg>
<arg>${KW}</arg>
<arg>@{KWARGS}</arg>
<doc>Runs the specified keyword and retries if it fails.</doc>
<kw name="Wait Until Page Contains Element" library="AppiumLibrary">
<arg>@{KWARGS}</arg>
<doc>Waits until element specified with `locator` appears on current page.</doc>
<status status="PASS" starttime="20211021 17:05:41.299" endtime="20211021 17:05:42.904"/>
</kw>
<status status="PASS" starttime="20211021 17:05:41.299" endtime="20211021 17:05:42.904"/>
</kw>
<status status="PASS" starttime="20211021 17:05:41.298" endtime="20211021 17:05:42.905"/>
</kw>
<kw name="Run Keyword Until Success" library="resources">
<arg>Input Text</arg>
<arg>${FIELD}</arg>
<arg>${EMAIL}</arg>
<kw name="Wait Until Keyword Succeeds" library="BuiltIn">
<arg>5s</arg>
<arg>1s</arg>
<arg>${KW}</arg>
<arg>@{KWARGS}</arg>
<doc>Runs the specified keyword and retries if it fails.</doc>
<kw name="Input Text" library="AppiumLibrary">
<arg>@{KWARGS}</arg>
<doc>Types the given `text` into text field identified by `locator`.</doc>
<msg timestamp="20211021 17:05:42.910" level="INFO">Typing text 'bliimocheck@mailinator.com' into text field '//android.widget.EditText[@text='Email']'</msg>
<status status="PASS" starttime="20211021 17:05:42.906" endtime="20211021 17:05:43.749"/>
</kw>
<status status="PASS" starttime="20211021 17:05:42.905" endtime="20211021 17:05:43.749"/>
</kw>
<status status="PASS" starttime="20211021 17:05:42.905" endtime="20211021 17:05:43.749"/>
</kw>
<status status="PASS" starttime="20211021 17:05:41.298" endtime="20211021 17:05:43.749"/>
</kw>
<kw name="Input User Password" library="resources">
<arg>${USERPASSWORD}</arg>
<arg>${PASSWORD_FIELD}</arg>
<kw name="Run Keyword Until Success" library="resources">
<arg>Wait Until Page Contains Element</arg>
<arg>${FIELD}</arg>
<kw name="Wait Until Keyword Succeeds" library="BuiltIn">
<arg>5s</arg>
<arg>1s</arg>
<arg>${KW}</arg>
<arg>@{KWARGS}</arg>
<doc>Runs the specified keyword and retries if it fails.</doc>
<kw name="Wait Until Page Contains Element" library="AppiumLibrary">
<arg>@{KWARGS}</arg>
<doc>Waits until element specified with `locator` appears on current page.</doc>
<status status="PASS" starttime="20211021 17:05:43.751" endtime="20211021 17:05:44.479"/>
</kw>
<status status="PASS" starttime="20211021 17:05:43.750" endtime="20211021 17:05:44.479"/>
</kw>
<status status="PASS" starttime="20211021 17:05:43.750" endtime="20211021 17:05:44.479"/>
</kw>
<kw name="Run Keyword Until Success" library="resources">
<arg>Input Password</arg>
<arg>${FIELD}</arg>
<arg>${PASSWORD}</arg>
<kw name="Wait Until Keyword Succeeds" library="BuiltIn">
<arg>5s</arg>
<arg>1s</arg>
<arg>${KW}</arg>
<arg>@{KWARGS}</arg>
<doc>Runs the specified keyword and retries if it fails.</doc>
<kw name="Input Password" library="AppiumLibrary">
<arg>@{KWARGS}</arg>
<doc>Types the given password into text field identified by `locator`.</doc>
<msg timestamp="20211021 17:05:44.485" level="INFO">Typing password into text field '//android.widget.EditText[@text='Password']'</msg>
<status status="PASS" starttime="20211021 17:05:44.481" endtime="20211021 17:05:44.776"/>
</kw>
<status status="PASS" starttime="20211021 17:05:44.480" endtime="20211021 17:05:44.776"/>
</kw>
<status status="PASS" starttime="20211021 17:05:44.479" endtime="20211021 17:05:44.776"/>
</kw>
<status status="PASS" starttime="20211021 17:05:43.749" endtime="20211021 17:05:44.776"/>
</kw>
<status status="PASS" starttime="20211021 17:05:41.297" endtime="20211021 17:05:44.776"/>
</kw>
<kw name="Submit Login Button" library="resources">
<arg>${LOGIN_BUTTON}</arg>
<kw name="Sleep" library="BuiltIn">
<arg>3</arg>
<doc>Pauses the test executed for the given time.</doc>
<msg timestamp="20211021 17:05:47.778" level="INFO">Slept 3 seconds</msg>
<status status="PASS" starttime="20211021 17:05:44.777" endtime="20211021 17:05:47.778"/>
</kw>
<kw name="Run Keyword Until Success" library="resources">
<arg>appiumlibrary.Wait Until Page Contains Element</arg>
<arg>${BUTTON}</arg>
<kw name="Wait Until Keyword Succeeds" library="BuiltIn">
<arg>5s</arg>
<arg>1s</arg>
<arg>${KW}</arg>
<arg>@{KWARGS}</arg>
<doc>Runs the specified keyword and retries if it fails.</doc>
<kw name="Wait Until Page Contains Element" library="AppiumLibrary">
<arg>@{KWARGS}</arg>
<doc>Waits until element specified with `locator` appears on current page.</doc>
<status status="PASS" starttime="20211021 17:05:47.779" endtime="20211021 17:05:47.997"/>
</kw>
<status status="PASS" starttime="20211021 17:05:47.779" endtime="20211021 17:05:47.997"/>
</kw>
<status status="PASS" starttime="20211021 17:05:47.778" endtime="20211021 17:05:47.997"/>
</kw>
<kw name="Run Keyword Until Success" library="resources">
<arg>appiumlibrary.Click Element</arg>
<arg>${BUTTON}</arg>
<kw name="Wait Until Keyword Succeeds" library="BuiltIn">
<arg>5s</arg>
<arg>1s</arg>
<arg>${KW}</arg>
<arg>@{KWARGS}</arg>
<doc>Runs the specified keyword and retries if it fails.</doc>
<kw name="Click Element" library="AppiumLibrary">
<arg>@{KWARGS}</arg>
<doc>Click element identified by `locator`.</doc>
<msg timestamp="20211021 17:05:48.003" level="INFO">Clicking element '//android.widget.TextView[@text='LOG IN']'.</msg>
<status status="PASS" starttime="20211021 17:05:47.999" endtime="20211021 17:05:48.295"/>
</kw>
<status status="PASS" starttime="20211021 17:05:47.998" endtime="20211021 17:05:48.295"/>
</kw>
<status status="PASS" starttime="20211021 17:05:47.998" endtime="20211021 17:05:48.295"/>
</kw>
<status status="PASS" starttime="20211021 17:05:44.777" endtime="20211021 17:05:48.295"/>
</kw>
<kw name="Handle Modals" library="resources">
<arg>${MODAL_LOGGED_IN_ANOTHER_DEVICE}</arg>
<arg>${USE_HERE_BUTTON}</arg>
<kw name="Run Keyword And Return Status" library="BuiltIn">
<var>${PASSED}</var>
<arg>Wait Until Page Contains Element</arg>
<arg>${MODAL_NAME}</arg>
<doc>Runs the given keyword with given arguments and returns the status as a Boolean value.</doc>
<kw name="Wait Until Page Contains Element" library="AppiumLibrary">
<arg>${MODAL_NAME}</arg>
<doc>Waits until element specified with `locator` appears on current page.</doc>
<status status="PASS" starttime="20211021 17:05:48.297" endtime="20211021 17:05:50.306"/>
</kw>
<msg timestamp="20211021 17:05:50.306" level="INFO">${PASSED} = True</msg>
<status status="PASS" starttime="20211021 17:05:48.296" endtime="20211021 17:05:50.306"/>
</kw>
<kw name="Run Keyword If" library="BuiltIn">
<arg>${PASSED}</arg>
<arg>Tap The Element</arg>
<arg>${BUTTON}</arg>
<doc>Runs the given keyword with the given arguments, if ``condition`` is true.</doc>
<kw name="Tap The Element" library="resources">
<arg>${BUTTON}</arg>
<kw name="Wait Until Page Contains Element" library="AppiumLibrary">
<arg>${locator}</arg>
<doc>Waits until element specified with `locator` appears on current page.</doc>
<status status="PASS" starttime="20211021 17:05:50.307" endtime="20211021 17:05:50.396"/>
</kw>
<kw name="Click Element" library="AppiumLibrary">
<arg>${locator}</arg>
<doc>Click element identified by `locator`.</doc>
<msg timestamp="20211021 17:05:50.400" level="INFO">Clicking element '//android.widget.TextView[@text='USE HERE']'.</msg>
<status status="PASS" starttime="20211021 17:05:50.396" endtime="20211021 17:05:50.522"/>
</kw>
<status status="PASS" starttime="20211021 17:05:50.306" endtime="20211021 17:05:50.522"/>
</kw>
<status status="PASS" starttime="20211021 17:05:50.306" endtime="20211021 17:05:50.523"/>
</kw>
<status status="PASS" starttime="20211021 17:05:48.296" endtime="20211021 17:05:50.523"/>
</kw>
<kw name="Run Keyword And Return Status" library="BuiltIn">
<var>${PASSED}</var>
<arg>Wait Until Page Contains Element</arg>
<arg>${VERIFICATION_MODAL}</arg>
<doc>Runs the given keyword with given arguments and returns the status as a Boolean value.</doc>
<kw name="Wait Until Page Contains Element" library="AppiumLibrary">
<arg>${VERIFICATION_MODAL}</arg>
<doc>Waits until element specified with `locator` appears on current page.</doc>
<kw name="Capture Page Screenshot" library="AppiumLibrary">
<doc>Takes a screenshot of the current page and embeds it into the log.</doc>
<msg timestamp="20211021 17:05:57.999" level="INFO" html="true">&lt;/td&gt;&lt;/tr&gt;&lt;tr&gt;&lt;td colspan="3"&gt;&lt;a href="appium-screenshot-1.png"&gt;&lt;img src="appium-screenshot-1.png" width="800px"&gt;&lt;/a&gt;</msg>
<status status="PASS" starttime="20211021 17:05:56.431" endtime="20211021 17:05:57.999"/>
</kw>
<msg timestamp="20211021 17:05:58.001" level="FAIL">Element '//android.widget.TextView[@text='VERIFICATION!']' did not appear in 5 seconds</msg>
<status status="FAIL" starttime="20211021 17:05:50.523" endtime="20211021 17:05:58.001"/>
</kw>
<msg timestamp="20211021 17:05:58.001" level="INFO">${PASSED} = False</msg>
<status status="PASS" starttime="20211021 17:05:50.523" endtime="20211021 17:05:58.001"/>
</kw>
<kw name="Run Keyword If" library="BuiltIn">
<arg>'${PASSED}' == 'True'</arg>
<arg>Handle Verification</arg>
<doc>Runs the given keyword with the given arguments, if ``condition`` is true.</doc>
<status status="PASS" starttime="20211021 17:05:58.001" endtime="20211021 17:05:58.002"/>
</kw>
<kw name="Wait Until Page Contains Element" library="AppiumLibrary">
<arg>${SKIP_TUTORIAL}</arg>
<doc>Waits until element specified with `locator` appears on current page.</doc>
<status status="PASS" starttime="20211021 17:05:58.002" endtime="20211021 17:05:58.174"/>
</kw>
<kw name="Tap The Element" library="resources">
<arg>${SKIP_TUTORIAL}</arg>
<kw name="Wait Until Page Contains Element" library="AppiumLibrary">
<arg>${locator}</arg>
<doc>Waits until element specified with `locator` appears on current page.</doc>
<status status="PASS" starttime="20211021 17:05:58.175" endtime="20211021 17:05:58.384"/>
</kw>
<kw name="Click Element" library="AppiumLibrary">
<arg>${locator}</arg>
<doc>Click element identified by `locator`.</doc>
<msg timestamp="20211021 17:05:58.388" level="INFO">Clicking element '//android.widget.TextView[@text='Skip Tutorial']'.</msg>
<status status="PASS" starttime="20211021 17:05:58.384" endtime="20211021 17:05:58.811"/>
</kw>
<status status="PASS" starttime="20211021 17:05:58.174" endtime="20211021 17:05:58.811"/>
</kw>
<kw name="Sleep" library="BuiltIn">
<arg>5</arg>
<doc>Pauses the test executed for the given time.</doc>
<msg timestamp="20211021 17:06:03.812" level="INFO">Slept 5 seconds</msg>
<status status="PASS" starttime="20211021 17:05:58.811" endtime="20211021 17:06:03.813"/>
</kw>
<kw name="Swipe" library="AppiumLibrary">
<arg>5</arg>
<arg>173</arg>
<arg>176</arg>
<arg>178</arg>
<doc>Swipe from one point to another point, for an optional duration.</doc>
<status status="PASS" starttime="20211021 17:06:03.813" endtime="20211021 17:06:05.151"/>
</kw>
<kw name="Swipe" library="AppiumLibrary">
<arg>205</arg>
<arg>1122</arg>
<arg>207</arg>
<arg>553</arg>
<doc>Swipe from one point to another point, for an optional duration.</doc>
<status status="PASS" starttime="20211021 17:06:05.151" endtime="20211021 17:06:06.412"/>
</kw>
<kw name="Sleep" library="BuiltIn">
<arg>5</arg>
<doc>Pauses the test executed for the given time.</doc>
<msg timestamp="20211021 17:06:11.413" level="INFO">Slept 5 seconds</msg>
<status status="PASS" starttime="20211021 17:06:06.412" endtime="20211021 17:06:11.414"/>
</kw>
<kw name="Tap The Element" library="resources">
<arg>${MY_PAPREMYO}</arg>
<kw name="Wait Until Page Contains Element" library="AppiumLibrary">
<arg>${locator}</arg>
<doc>Waits until element specified with `locator` appears on current page.</doc>
<status status="PASS" starttime="20211021 17:06:11.415" endtime="20211021 17:06:11.741"/>
</kw>
<kw name="Click Element" library="AppiumLibrary">
<arg>${locator}</arg>
<doc>Click element identified by `locator`.</doc>
<msg timestamp="20211021 17:06:11.746" level="INFO">Clicking element '//android.widget.TextView[@text='My Papremyo']'.</msg>
<status status="PASS" starttime="20211021 17:06:11.742" endtime="20211021 17:06:12.055"/>
</kw>
<status status="PASS" starttime="20211021 17:06:11.414" endtime="20211021 17:06:12.055"/>
</kw>
<kw name="Sleep" library="BuiltIn">
<arg>10</arg>
<doc>Pauses the test executed for the given time.</doc>
<msg timestamp="20211021 17:06:22.057" level="INFO">Slept 10 seconds</msg>
<status status="PASS" starttime="20211021 17:06:12.055" endtime="20211021 17:06:22.057"/>
</kw>
<kw name="Log To Console" library="BuiltIn">
<arg>'My Papremyo'</arg>
<doc>Logs the given message to the console.</doc>
<status status="PASS" starttime="20211021 17:06:22.057" endtime="20211021 17:06:22.058"/>
</kw>
<kw name="Quit Application" library="AppiumLibrary" type="TEARDOWN">
<doc>Quit application. Application can be quit while Appium session is kept alive.
This keyword can be used to close application during test case or between test cases.</doc>
<status status="PASS" starttime="20211021 17:06:22.058" endtime="20211021 17:06:22.243"/>
</kw>
<tag>positive</tag>
<tag>sanity</tag>
<status status="PASS" starttime="20211021 17:05:27.093" endtime="20211021 17:06:22.243"/>
</test>
<kw name="Close Application" library="AppiumLibrary" type="TEARDOWN">
<doc>Closes the current application and also close webdriver session.</doc>
<status status="PASS" starttime="20211021 17:06:22.249" endtime="20211021 17:06:22.513"/>
</kw>
<doc>A test case for a user is able to view My Papremyo list screen</doc>
<status status="PASS" starttime="20211021 17:05:12.811" endtime="20211021 17:06:22.513"/>
</suite>
<statistics>
<total>
<stat pass="1" fail="0" skip="0">All Tests</stat>
</total>
<tag>
<stat pass="1" fail="0" skip="0">positive</stat>
<stat pass="1" fail="0" skip="0">sanity</stat>
</tag>
<suite>
<stat pass="1" fail="0" skip="0" id="s1" name="Papremyo">Papremyo</stat>
</suite>
</statistics>
<errors>
</errors>
</robot>
