<?xml version="1.0" encoding="UTF-8"?>
<robot generator="Robot 4.1.1 (Python 3.9.7 on darwin)" generated="20211112 16:05:58.796" rpa="false" schemaversion="2">
<suite id="s1" name="Game" source="/Users/qa_tester/Desktop/MBC-APP/Tests/MBC/Android/game.robot">
<test id="s1-t1" name="Admin create a game">
<kw name="New Page" library="Browser">
<arg>${URL}[1]</arg>
<tag>BrowserControl</tag>
<tag>Setter</tag>
<doc>Open a new Page. A Page is the Playwright equivalent to a tab.
See `Browser, Context and Page` for more information about Page concept.
Returns a stable identifier for the created page.</doc>
<msg timestamp="20211112 16:06:12.011" level="WARN">Keyword 'Take Screenshot' could not be run on failure:
Error: Tried to take screenshot, but no page was open.</msg>
<msg timestamp="20211112 16:06:12.021" level="FAIL">TimeoutError: page.goto: Timeout 10000ms exceeded.
=========================== logs ===========================
navigating to "http://mbc-api-staging.bliimo.com/", waiting until "load"
============================================================</msg>
<status status="FAIL" starttime="20211112 16:06:00.711" endtime="20211112 16:06:12.021"/>
</kw>
<kw name="Input Field" library="resources">
<arg>\#admin_user_email</arg>
<arg>elvin@mailinator.com</arg>
<status status="NOT RUN" starttime="20211112 16:06:12.021" endtime="20211112 16:06:12.021"/>
</kw>
<kw name="Input Field" library="resources">
<arg>\#admin_user_password</arg>
<arg>password</arg>
<status status="NOT RUN" starttime="20211112 16:06:12.021" endtime="20211112 16:06:12.021"/>
</kw>
<kw name="Click" library="Browser">
<arg>\#admin_user_submit_action &gt; input:nth-child(1)</arg>
<tag>PageContent</tag>
<tag>Setter</tag>
<doc>Simulates mouse click on the element found by ``selector``.</doc>
<status status="NOT RUN" starttime="20211112 16:06:12.022" endtime="20211112 16:06:12.022"/>
</kw>
<kw name="Click" library="Browser">
<arg>\#games &gt; a:nth-child(1)</arg>
<tag>PageContent</tag>
<tag>Setter</tag>
<doc>Simulates mouse click on the element found by ``selector``.</doc>
<status status="NOT RUN" starttime="20211112 16:06:12.022" endtime="20211112 16:06:12.022"/>
</kw>
<kw name="Click" library="Browser">
<arg>\#roulettes &gt; a:nth-child(1)</arg>
<tag>PageContent</tag>
<tag>Setter</tag>
<doc>Simulates mouse click on the element found by ``selector``.</doc>
<status status="NOT RUN" starttime="20211112 16:06:12.022" endtime="20211112 16:06:12.022"/>
</kw>
<kw name="Click" library="Browser">
<arg>text=New Roulette</arg>
<tag>PageContent</tag>
<tag>Setter</tag>
<doc>Simulates mouse click on the element found by ``selector``.</doc>
<status status="NOT RUN" starttime="20211112 16:06:12.022" endtime="20211112 16:06:12.022"/>
</kw>
<kw name="Click" library="Browser">
<arg>\#roulette_radio_station_input &gt; span:nth-child(3) &gt; span:nth-child(1) &gt; span:nth-child(1)</arg>
<tag>PageContent</tag>
<tag>Setter</tag>
<doc>Simulates mouse click on the element found by ``selector``.</doc>
<status status="NOT RUN" starttime="20211112 16:06:12.023" endtime="20211112 16:06:12.023"/>
</kw>
<kw name="Click" library="Browser">
<arg>\#select2-roulette_radio_station_id-results &gt; li:nth-child(5)</arg>
<tag>PageContent</tag>
<tag>Setter</tag>
<doc>Simulates mouse click on the element found by ``selector``.</doc>
<status status="NOT RUN" starttime="20211112 16:06:12.023" endtime="20211112 16:06:12.023"/>
</kw>
<kw name="Check Checkbox" library="Browser">
<arg>\#roulette_location_restriction</arg>
<tag>PageContent</tag>
<tag>Setter</tag>
<doc>Checks the checkbox or selects radio button found by ``selector``.</doc>
<status status="NOT RUN" starttime="20211112 16:06:12.023" endtime="20211112 16:06:12.023"/>
</kw>
<kw name="Click" library="Browser">
<arg>\.select2-selection--multiple</arg>
<tag>PageContent</tag>
<tag>Setter</tag>
<doc>Simulates mouse click on the element found by ``selector``.</doc>
<status status="NOT RUN" starttime="20211112 16:06:12.023" endtime="20211112 16:06:12.023"/>
</kw>
<kw name="Input Field" library="resources">
<arg>\.select2-search__field</arg>
<arg>Pangasinan | ${CITY}</arg>
<status status="NOT RUN" starttime="20211112 16:06:12.023" endtime="20211112 16:06:12.023"/>
</kw>
<kw name="Click" library="Browser">
<arg>\#select2-roulette_city_ids-results</arg>
<tag>PageContent</tag>
<tag>Setter</tag>
<doc>Simulates mouse click on the element found by ``selector``.</doc>
<status status="NOT RUN" starttime="20211112 16:06:12.024" endtime="20211112 16:06:12.024"/>
</kw>
<kw name="Select Options By" library="Browser">
<arg>\#roulette_location_restriction_type</arg>
<arg>value</arg>
<arg>address</arg>
<tag>PageContent</tag>
<tag>Setter</tag>
<doc>Selects options from select element found by ``selector``.</doc>
<status status="NOT RUN" starttime="20211112 16:06:12.024" endtime="20211112 16:06:12.024"/>
</kw>
<kw name="Input Field" library="resources">
<arg>\#roulette_text_description</arg>
<arg>${CITY} Only</arg>
<status status="NOT RUN" starttime="20211112 16:06:12.024" endtime="20211112 16:06:12.024"/>
</kw>
<kw name="Log To Console" library="BuiltIn">
<arg>'Location restriction type'</arg>
<doc>Logs the given message to the console.</doc>
<status status="NOT RUN" starttime="20211112 16:06:12.024" endtime="20211112 16:06:12.024"/>
</kw>
<kw name="Select Element From List" library="resources">
<arg>xpath=/html/body/div/div[4]/div/div/form/div/div/div[1]/li[3]/span/span[1]/span/span[2]</arg>
<arg>\#select2-roulette_dj_id-results &gt; li:nth-child(5)</arg>
<status status="NOT RUN" starttime="20211112 16:06:12.024" endtime="20211112 16:06:12.025"/>
</kw>
<kw name="Select Element From List" library="resources">
<arg>xpath=/html/body/div/div[4]/div/div/form/div/div/div[1]/li[4]/span/span[1]/span/span[2]</arg>
<arg>\#select2-roulette_sponsor_id-results &gt; li:nth-child(6)</arg>
<status status="NOT RUN" starttime="20211112 16:06:12.025" endtime="20211112 16:06:12.025"/>
</kw>
<kw name="Input Field" library="resources">
<arg>\#roulette_name</arg>
<arg>${GAME_TITLE}</arg>
<status status="NOT RUN" starttime="20211112 16:06:12.025" endtime="20211112 16:06:12.025"/>
</kw>
<kw name="Input Field" library="resources">
<arg>\#roulette_number_of_winner</arg>
<arg>1</arg>
<status status="NOT RUN" starttime="20211112 16:06:12.025" endtime="20211112 16:06:12.025"/>
</kw>
<kw name="Input Field" library="resources">
<arg>\#roulette_price</arg>
<arg>10000</arg>
<status status="NOT RUN" starttime="20211112 16:06:12.025" endtime="20211112 16:06:12.026"/>
</kw>
<kw name="Type Text" library="Browser">
<arg>xpath=//*[@id="roulette_schedule"]</arg>
<arg>${ROULETTE_SCHED}</arg>
<tag>PageContent</tag>
<tag>Setter</tag>
<doc>Types the given ``txt`` into the text field found by ``selector``.</doc>
<status status="NOT RUN" starttime="20211112 16:06:12.026" endtime="20211112 16:06:12.026"/>
</kw>
<kw name="Input Field" library="resources">
<arg>\#roulette_redemption_details</arg>
<arg>Rdemption details here ....</arg>
<status status="NOT RUN" starttime="20211112 16:06:12.026" endtime="20211112 16:06:12.027"/>
</kw>
<kw name="Input Field" library="resources">
<arg>\#roulette_dti_permit</arg>
<arg>dti_permit12345</arg>
<status status="NOT RUN" starttime="20211112 16:06:12.027" endtime="20211112 16:06:12.027"/>
</kw>
<kw name="Input Field" library="resources">
<arg>\#roulette_winner_prompt</arg>
<arg>Panalo ka!</arg>
<status status="NOT RUN" starttime="20211112 16:06:12.027" endtime="20211112 16:06:12.027"/>
</kw>
<kw name="Take Screenshot" library="Browser">
<tag>PageContent</tag>
<doc>Takes a screenshot of the current window or element and saves it to disk.</doc>
<status status="NOT RUN" starttime="20211112 16:06:12.028" endtime="20211112 16:06:12.028"/>
</kw>
<kw name="Log To Console" library="BuiltIn">
<arg>'Successfully created the game :)'</arg>
<doc>Logs the given message to the console.</doc>
<status status="NOT RUN" starttime="20211112 16:06:12.028" endtime="20211112 16:06:12.028"/>
</kw>
<status status="FAIL" starttime="20211112 16:06:00.706" endtime="20211112 16:06:12.029">TimeoutError: page.goto: Timeout 10000ms exceeded.
=========================== logs ===========================
navigating to "http://mbc-api-staging.bliimo.com/", waiting until "load"
============================================================</status>
</test>
<doc>A test case for a user is able to create and join the game</doc>
<status status="FAIL" starttime="20211112 16:05:58.798" endtime="20211112 16:06:12.083"/>
</suite>
<statistics>
<total>
<stat pass="0" fail="1" skip="0">All Tests</stat>
</total>
<tag>
</tag>
<suite>
<stat pass="0" fail="1" skip="0" id="s1" name="Game">Game</stat>
</suite>
</statistics>
<errors>
<msg timestamp="20211112 16:06:12.011" level="WARN">Keyword 'Take Screenshot' could not be run on failure:
Error: Tried to take screenshot, but no page was open.</msg>
</errors>
</robot>
