<?xml version="1.0" encoding="UTF-8"?>
<robot generator="Robot 4.1.1 (Python 3.9.7 on darwin)" generated="20211203 16:19:47.432" rpa="false" schemaversion="2">
<suite id="s1" name="Login With Gmail" source="/Users/qa_tester/Desktop/MBC-APP/Tests/MBC/Android/login_with_gmail.robot">
<kw name="Open MBC Application" library="resources" type="SETUP">
<kw name="Open Application" library="AppiumLibrary">
<arg>http://localhost:4723/wd/hub</arg>
<arg>platformName=Android</arg>
<arg>appPackage=${MBC-APPLICATION-ID}</arg>
<arg>appActivity=${MBC-APPLICATION-ACTIVITY}</arg>
<arg>udid=${ADB_NAME}</arg>
<arg>automationName=Uiautomator2</arg>
<doc>Opens a new application to given Appium server.
Capabilities of appium server, Android and iOS,
Please check https://github.com/appium/appium/blob/master/docs/en/writing-running-appium/server-args.md
| *Option*            | *Man.* | *Description*     |
| remote_url          | Yes    | Appium server url |
| alias               | no     | alias             |</doc>
<status status="PASS" starttime="20211203 16:19:48.850" endtime="20211203 16:20:01.570"/>
</kw>
<status status="PASS" starttime="20211203 16:19:48.849" endtime="20211203 16:20:01.571"/>
</kw>
<test id="s1-t1" name="Login with Gmail test case">
<kw name="Launch Application" library="AppiumLibrary" type="SETUP">
<doc>Launch application. Application can be launched while Appium session running.
This keyword can be used to launch application during test case or between test cases.</doc>
<status status="PASS" starttime="20211203 16:20:01.574" endtime="20211203 16:20:04.723"/>
</kw>
<kw name="Sleep" library="BuiltIn">
<arg>8</arg>
<doc>Pauses the test executed for the given time.</doc>
<msg timestamp="20211203 16:20:12.725" level="INFO">Slept 8 seconds</msg>
<status status="PASS" starttime="20211203 16:20:04.723" endtime="20211203 16:20:12.726"/>
</kw>
<kw name="Run Keyword And Return Status" library="BuiltIn">
<var>${PASSED}</var>
<arg>Page Should Contain Element</arg>
<arg>//android.widget.TextView[@text='OR REGISTER']</arg>
<doc>Runs the given keyword with given arguments and returns the status as a Boolean value.</doc>
<kw name="Page Should Contain Element" library="AppiumLibrary">
<arg>//android.widget.TextView[@text='OR REGISTER']</arg>
<doc>Verifies that current page contains `locator` element.</doc>
<msg timestamp="20211203 16:20:13.607" level="INFO">Current page contains element '//android.widget.TextView[@text='OR REGISTER']'.</msg>
<status status="PASS" starttime="20211203 16:20:12.727" endtime="20211203 16:20:13.607"/>
</kw>
<msg timestamp="20211203 16:20:13.608" level="INFO">${PASSED} = True</msg>
<status status="PASS" starttime="20211203 16:20:12.726" endtime="20211203 16:20:13.608"/>
</kw>
<kw name="Run Keyword If" library="BuiltIn">
<arg>'${PASSED}' == 'True'</arg>
<arg>Gmail Sign Up</arg>
<doc>Runs the given keyword with the given arguments, if ``condition`` is true.</doc>
<kw name="Gmail Sign Up" library="resources">
<kw name="Tap The Element" library="resources">
<arg>${LOGIN_WITH_GMAIL_BUTTON}</arg>
<kw name="Wait Until Page Contains Element" library="AppiumLibrary">
<arg>${locator}</arg>
<doc>Waits until element specified with `locator` appears on current page.</doc>
<status status="PASS" starttime="20211203 16:20:13.609" endtime="20211203 16:20:13.856"/>
</kw>
<kw name="Click Element" library="AppiumLibrary">
<arg>${locator}</arg>
<doc>Click element identified by `locator`.</doc>
<msg timestamp="20211203 16:20:13.862" level="INFO">Clicking element 'xpath=/hierarchy/android.widget.FrameLayout/android.widget.LinearLayout/android.widget.FrameLayout/android.widget.LinearLayout/android.widget.FrameLayout/android.widget.FrameLayout/android.view.ViewGroup/android.view.ViewGroup/android.view.ViewGroup/android.view.ViewGroup/android.view.ViewGroup/android.view.ViewGroup/android.view.ViewGroup/android.view.ViewGroup/android.view.ViewGroup[3]/android.view.ViewGroup/android.view.ViewGroup[3]/android.view.ViewGroup/android.view.View'.</msg>
<status status="PASS" starttime="20211203 16:20:13.856" endtime="20211203 16:20:14.159"/>
</kw>
<status status="PASS" starttime="20211203 16:20:13.609" endtime="20211203 16:20:14.159"/>
</kw>
<kw name="Sleep" library="BuiltIn">
<arg>3</arg>
<doc>Pauses the test executed for the given time.</doc>
<msg timestamp="20211203 16:20:17.161" level="INFO">Slept 3 seconds</msg>
<status status="PASS" starttime="20211203 16:20:14.159" endtime="20211203 16:20:17.161"/>
</kw>
<kw name="Comment" library="BuiltIn">
<arg>Sign Up with Google</arg>
<doc>Displays the given messages in the log file as keyword arguments.</doc>
<status status="PASS" starttime="20211203 16:20:17.161" endtime="20211203 16:20:17.161"/>
</kw>
<status status="PASS" starttime="20211203 16:20:13.608" endtime="20211203 16:20:17.162"/>
</kw>
<status status="PASS" starttime="20211203 16:20:13.608" endtime="20211203 16:20:17.162"/>
</kw>
<kw name="Comment" library="BuiltIn">
<arg>Login Gmail account successfully</arg>
<doc>Displays the given messages in the log file as keyword arguments.</doc>
<status status="PASS" starttime="20211203 16:20:17.162" endtime="20211203 16:20:17.162"/>
</kw>
<kw name="Quit Application" library="AppiumLibrary" type="TEARDOWN">
<doc>Quit application. Application can be quit while Appium session is kept alive.
This keyword can be used to close application during test case or between test cases.</doc>
<status status="PASS" starttime="20211203 16:20:17.163" endtime="20211203 16:20:17.393"/>
</kw>
<tag>sanity</tag>
<status status="PASS" starttime="20211203 16:20:01.571" endtime="20211203 16:20:17.393"/>
</test>
<kw name="Close Application" library="AppiumLibrary" type="TEARDOWN">
<doc>Closes the current application and also close webdriver session.</doc>
<status status="PASS" starttime="20211203 16:20:17.396" endtime="20211203 16:20:17.566"/>
</kw>
<doc>A test case for user is able to sign up and login with gmail</doc>
<status status="PASS" starttime="20211203 16:19:47.434" endtime="20211203 16:20:17.566"/>
</suite>
<statistics>
<total>
<stat pass="1" fail="0" skip="0">All Tests</stat>
</total>
<tag>
<stat pass="1" fail="0" skip="0">sanity</stat>
</tag>
<suite>
<stat pass="1" fail="0" skip="0" id="s1" name="Login With Gmail">Login With Gmail</stat>
</suite>
</statistics>
<errors>
</errors>
</robot>
