<?xml version="1.0" encoding="UTF-8"?>
<robot generator="Robot 4.1.1 (Python 3.9.7 on darwin)" generated="20211020 15:42:29.420" rpa="false" schemaversion="2">
<suite id="s1" name="Forgot Password" source="/Users/qa_tester/Desktop/MBC-APP/Tests/MBC/Android/forgot_password.robot">
<kw name="Open MBC Application" library="resources" type="SETUP">
<kw name="Open Application" library="AppiumLibrary">
<arg>http://localhost:4723/wd/hub</arg>
<arg>platformName=Android</arg>
<arg>deviceName=Galaxy J5 Prime</arg>
<arg>appPackage=${MBC-APPLICATION-ID}</arg>
<arg>appActivity=${MBC-APPLICATION-ACTIVITY}</arg>
<arg>udid=4200933406a59453</arg>
<arg>automationName=Uiautomator2</arg>
<arg>app=/Users/qa_tester/Downloads/MBC PaPremyo 1.0.32(44).apk</arg>
<doc>Opens a new application to given Appium server.
Capabilities of appium server, Android and iOS,
Please check https://github.com/appium/appium/blob/master/docs/en/writing-running-appium/server-args.md
| *Option*            | *Man.* | *Description*     |
| remote_url          | Yes    | Appium server url |
| alias               | no     | alias             |</doc>
<status status="PASS" starttime="20211020 15:42:31.004" endtime="20211020 15:42:42.398"/>
</kw>
<status status="PASS" starttime="20211020 15:42:31.003" endtime="20211020 15:42:42.398"/>
</kw>
<test id="s1-t1" name="Forgot password test case">
<kw name="Launch Application" library="AppiumLibrary" type="SETUP">
<doc>Launch application. Application can be launched while Appium session running.
This keyword can be used to launch application during test case or between test cases.</doc>
<status status="PASS" starttime="20211020 15:42:42.402" endtime="20211020 15:42:46.982"/>
</kw>
<kw name="Go To Login Screen" library="resources">
<arg>${LOGIN_BUTTON}</arg>
<kw name="Sleep" library="BuiltIn">
<arg>5</arg>
<doc>Pauses the test executed for the given time.</doc>
<msg timestamp="20211020 15:42:51.984" level="INFO">Slept 5 seconds</msg>
<status status="PASS" starttime="20211020 15:42:46.983" endtime="20211020 15:42:51.984"/>
</kw>
<kw name="Submit Login Button" library="resources">
<arg>${BUTTON}</arg>
<kw name="Sleep" library="BuiltIn">
<arg>3</arg>
<doc>Pauses the test executed for the given time.</doc>
<msg timestamp="20211020 15:42:54.985" level="INFO">Slept 3 seconds</msg>
<status status="PASS" starttime="20211020 15:42:51.985" endtime="20211020 15:42:54.986"/>
</kw>
<kw name="Run Keyword Until Success" library="resources">
<arg>appiumlibrary.Wait Until Page Contains Element</arg>
<arg>${BUTTON}</arg>
<kw name="Wait Until Keyword Succeeds" library="BuiltIn">
<arg>5s</arg>
<arg>1s</arg>
<arg>${KW}</arg>
<arg>@{KWARGS}</arg>
<doc>Runs the specified keyword and retries if it fails.</doc>
<kw name="Wait Until Page Contains Element" library="AppiumLibrary">
<arg>@{KWARGS}</arg>
<doc>Waits until element specified with `locator` appears on current page.</doc>
<status status="PASS" starttime="20211020 15:42:54.988" endtime="20211020 15:42:56.629"/>
</kw>
<status status="PASS" starttime="20211020 15:42:54.987" endtime="20211020 15:42:56.629"/>
</kw>
<status status="PASS" starttime="20211020 15:42:54.986" endtime="20211020 15:42:56.629"/>
</kw>
<kw name="Run Keyword Until Success" library="resources">
<arg>appiumlibrary.Click Element</arg>
<arg>${BUTTON}</arg>
<kw name="Wait Until Keyword Succeeds" library="BuiltIn">
<arg>5s</arg>
<arg>1s</arg>
<arg>${KW}</arg>
<arg>@{KWARGS}</arg>
<doc>Runs the specified keyword and retries if it fails.</doc>
<kw name="Click Element" library="AppiumLibrary">
<arg>@{KWARGS}</arg>
<doc>Click element identified by `locator`.</doc>
<msg timestamp="20211020 15:42:56.635" level="INFO">Clicking element '//android.widget.TextView[@text='LOG IN']'.</msg>
<status status="PASS" starttime="20211020 15:42:56.631" endtime="20211020 15:42:56.963"/>
</kw>
<status status="PASS" starttime="20211020 15:42:56.630" endtime="20211020 15:42:56.963"/>
</kw>
<status status="PASS" starttime="20211020 15:42:56.630" endtime="20211020 15:42:56.964"/>
</kw>
<status status="PASS" starttime="20211020 15:42:51.984" endtime="20211020 15:42:56.966"/>
</kw>
<status status="PASS" starttime="20211020 15:42:46.983" endtime="20211020 15:42:56.967"/>
</kw>
<kw name="Forgot Password" library="resources">
<kw name="Tap The Element" library="resources">
<arg>${FORGOT PASSWORD TEXT}</arg>
<kw name="Wait Until Page Contains Element" library="AppiumLibrary">
<arg>${locator}</arg>
<doc>Waits until element specified with `locator` appears on current page.</doc>
<status status="PASS" starttime="20211020 15:42:56.971" endtime="20211020 15:42:58.557"/>
</kw>
<kw name="Click Element" library="AppiumLibrary">
<arg>${locator}</arg>
<doc>Click element identified by `locator`.</doc>
<msg timestamp="20211020 15:42:58.565" level="INFO">Clicking element '//android.widget.TextView[@text='Forgot your password?']'.</msg>
<status status="PASS" starttime="20211020 15:42:58.558" endtime="20211020 15:42:58.898"/>
</kw>
<status status="PASS" starttime="20211020 15:42:56.969" endtime="20211020 15:42:58.898"/>
</kw>
<kw name="Wait Until Page Contains Element" library="AppiumLibrary">
<arg>${FORGOT PASSWORD FIELD}</arg>
<doc>Waits until element specified with `locator` appears on current page.</doc>
<status status="PASS" starttime="20211020 15:42:58.899" endtime="20211020 15:43:00.394"/>
</kw>
<kw name="Input Text" library="AppiumLibrary">
<arg>${FORGOT PASSWORD FIELD}</arg>
<arg>${USER_DETAILS}[email]</arg>
<doc>Types the given `text` into text field identified by `locator`.</doc>
<msg timestamp="20211020 15:43:00.401" level="INFO">Typing text 'bliimocheck@mailinator.com' into text field '//android.widget.EditText[@text='Please enter your email']'</msg>
<status status="PASS" starttime="20211020 15:43:00.395" endtime="20211020 15:43:01.372"/>
</kw>
<kw name="Run Keyword Until Success" library="resources">
<arg>Click Element</arg>
<arg>//android.widget.TextView[@text='CONFIRM']</arg>
<kw name="Wait Until Keyword Succeeds" library="BuiltIn">
<arg>5s</arg>
<arg>1s</arg>
<arg>${KW}</arg>
<arg>@{KWARGS}</arg>
<doc>Runs the specified keyword and retries if it fails.</doc>
<kw name="Click Element" library="AppiumLibrary">
<arg>@{KWARGS}</arg>
<doc>Click element identified by `locator`.</doc>
<msg timestamp="20211020 15:43:01.396" level="INFO">Clicking element '//android.widget.TextView[@text='CONFIRM']'.</msg>
<status status="PASS" starttime="20211020 15:43:01.383" endtime="20211020 15:43:02.139"/>
</kw>
<status status="PASS" starttime="20211020 15:43:01.380" endtime="20211020 15:43:02.140"/>
</kw>
<status status="PASS" starttime="20211020 15:43:01.374" endtime="20211020 15:43:02.141"/>
</kw>
<kw name="Wait Until Page Contains Element" library="AppiumLibrary">
<arg>//android.widget.TextView[@text='SUCCESS']</arg>
<doc>Waits until element specified with `locator` appears on current page.</doc>
<status status="PASS" starttime="20211020 15:43:02.141" endtime="20211020 15:43:05.801"/>
</kw>
<kw name="Run Keyword Until Success" library="resources">
<arg>Click Element</arg>
<arg>//android.widget.TextView[@text='OK']</arg>
<kw name="Wait Until Keyword Succeeds" library="BuiltIn">
<arg>5s</arg>
<arg>1s</arg>
<arg>${KW}</arg>
<arg>@{KWARGS}</arg>
<doc>Runs the specified keyword and retries if it fails.</doc>
<kw name="Click Element" library="AppiumLibrary">
<arg>@{KWARGS}</arg>
<doc>Click element identified by `locator`.</doc>
<msg timestamp="20211020 15:43:05.807" level="INFO">Clicking element '//android.widget.TextView[@text='OK']'.</msg>
<status status="PASS" starttime="20211020 15:43:05.802" endtime="20211020 15:43:05.935"/>
</kw>
<status status="PASS" starttime="20211020 15:43:05.802" endtime="20211020 15:43:05.935"/>
</kw>
<status status="PASS" starttime="20211020 15:43:05.801" endtime="20211020 15:43:05.935"/>
</kw>
<status status="PASS" starttime="20211020 15:42:56.968" endtime="20211020 15:43:05.935"/>
</kw>
<kw name="Sleep" library="BuiltIn">
<arg>5</arg>
<doc>Pauses the test executed for the given time.</doc>
<msg timestamp="20211020 15:43:10.938" level="INFO">Slept 5 seconds</msg>
<status status="PASS" starttime="20211020 15:43:05.936" endtime="20211020 15:43:10.939"/>
</kw>
<kw name="Log To Console" library="BuiltIn">
<arg>'Successfully :)'</arg>
<doc>Logs the given message to the console.</doc>
<status status="PASS" starttime="20211020 15:43:10.939" endtime="20211020 15:43:10.940"/>
</kw>
<kw name="Quit Application" library="AppiumLibrary" type="TEARDOWN">
<doc>Quit application. Application can be quit while Appium session is kept alive.
This keyword can be used to close application during test case or between test cases.</doc>
<status status="PASS" starttime="20211020 15:43:10.940" endtime="20211020 15:43:11.105"/>
</kw>
<tag>sanity</tag>
<status status="PASS" starttime="20211020 15:42:42.398" endtime="20211020 15:43:11.106"/>
</test>
<test id="s1-t2" name="Check the email in mailinator">
<kw name="Launch Application" library="AppiumLibrary" type="SETUP">
<doc>Launch application. Application can be launched while Appium session running.
This keyword can be used to launch application during test case or between test cases.</doc>
<status status="PASS" starttime="20211020 15:43:11.113" endtime="20211020 15:43:15.073"/>
</kw>
<kw name="Open Mailinator" library="resources">
<kw name="Open Browser" library="Browser">
<arg>${URL}</arg>
<arg>${BROWSER}</arg>
<tag>BrowserControl</tag>
<tag>Setter</tag>
<doc>Opens a new browser instance. Use this keyword for quick experiments or debugging sessions.
Use `New Page` directly instead of `Open Browser` for production and automated execution.
See `Browser, Context and Page` for more information about Browser and related concepts.</doc>
<msg timestamp="20211020 15:43:15.074" level="WARN">Open Browser is for quick experimentation and debugging only. Use New Page for production.</msg>
<msg timestamp="20211020 15:43:15.075" level="INFO">{"browser": "chromium", "headless": false, "handleSIGINT": true, "handleSIGTERM": true, "handleSIGHUP": true, "timeout": 30000.0, "devtools": false, "slowMo": 0.0, "tracesDir": "/Users/qa_tester/Desktop/MBC-APP/Output/browser/traces/bea0c2c5-89dd-4a41-b297-47723ff8b2bd"}</msg>
<msg timestamp="20211020 15:43:16.039" level="INFO">Successfully created browser with options: {"browser":"chromium","headless":false,"handleSIGINT":true,"handleSIGTERM":true,"handleSIGHUP":true,"timeout":30000,"devtools":false,"slowMo":0,"tracesDir":"/Users/qa_tester/Desktop/MBC-APP/Output/browser/traces/bea0c2c5-89dd-4a41-b297-47723ff8b2bd"}</msg>
<msg timestamp="20211020 15:43:16.040" level="INFO">{"acceptDownloads": false, "ignoreHTTPSErrors": false, "bypassCSP": true, "deviceScaleFactor": 1.0, "isMobile": false, "hasTouch": false, "javaScriptEnabled": true, "offline": false, "hideRfBrowser": false}</msg>
<msg timestamp="20211020 15:43:16.136" level="INFO">Successfully created context. </msg>
<msg timestamp="20211020 15:43:16.136" level="INFO">{'acceptDownloads': False, 'ignoreHTTPSErrors': False, 'bypassCSP': True, 'deviceScaleFactor': 1, 'isMobile': False, 'hasTouch': False, 'javaScriptEnabled': True, 'offline': False, 'hideRfBrowser': False}</msg>
<msg timestamp="20211020 15:43:18.384" level="INFO">Successfully initialized new page object and opened url: https://www.mailinator.com/</msg>
<status status="PASS" starttime="20211020 15:43:15.073" endtime="20211020 15:43:18.385"/>
</kw>
<kw name="Get Title" library="Browser">
<arg>==</arg>
<arg>${TITLE}</arg>
<tag>Assertion</tag>
<tag>Getter</tag>
<tag>PageContent</tag>
<doc>Returns the title of the current page.</doc>
<status status="PASS" starttime="20211020 15:43:18.386" endtime="20211020 15:43:18.408"/>
</kw>
<status status="PASS" starttime="20211020 15:43:15.073" endtime="20211020 15:43:18.409"/>
</kw>
<kw name="Input Field" library="resources">
<arg>//*[@id="addOverlay"]</arg>
<arg>${USER_DETAILS}[email]</arg>
<kw name="Fill Text" library="Browser">
<arg>xpath=${field}</arg>
<arg>${value}</arg>
<tag>PageContent</tag>
<tag>Setter</tag>
<doc>Clears and fills the given ``txt`` into the text field found by ``selector``.</doc>
<msg timestamp="20211020 15:43:18.411" level="INFO">Fills the text 'bliimocheck@mailinator.com' in the given field.</msg>
<status status="PASS" starttime="20211020 15:43:18.410" endtime="20211020 15:43:18.530"/>
</kw>
<status status="PASS" starttime="20211020 15:43:18.409" endtime="20211020 15:43:18.531"/>
</kw>
<kw name="Wait For Elements State" library="Browser">
<arg>text='GO'</arg>
<tag>PageContent</tag>
<tag>Wait</tag>
<doc>Waits for the element found by ``selector`` to satisfy state option.</doc>
<msg timestamp="20211020 15:43:18.572" level="INFO">Wait for Element with selector: text='GO'</msg>
<status status="PASS" starttime="20211020 15:43:18.531" endtime="20211020 15:43:18.573"/>
</kw>
<kw name="Click" library="Browser">
<arg>"GO"</arg>
<tag>PageContent</tag>
<tag>Setter</tag>
<doc>Simulates mouse click on the element found by ``selector``.</doc>
<status status="PASS" starttime="20211020 15:43:18.573" endtime="20211020 15:43:18.959"/>
</kw>
<kw name="Wait For Elements State" library="Browser">
<arg>text="just now"</arg>
<tag>PageContent</tag>
<tag>Wait</tag>
<doc>Waits for the element found by ``selector`` to satisfy state option.</doc>
<msg timestamp="20211020 15:43:20.505" level="INFO">Wait for Element with selector: text="just now"</msg>
<status status="PASS" starttime="20211020 15:43:18.960" endtime="20211020 15:43:20.505"/>
</kw>
<kw name="Click" library="Browser">
<arg>xpath=/html/body/div/main/div[2]/div[3]/div/div[4]/div/div/table/tbody/tr[1]/td[3]</arg>
<tag>PageContent</tag>
<tag>Setter</tag>
<doc>Simulates mouse click on the element found by ``selector``.</doc>
<status status="PASS" starttime="20211020 15:43:20.505" endtime="20211020 15:43:20.607"/>
</kw>
<kw name="Sleep" library="BuiltIn">
<arg>5</arg>
<doc>Pauses the test executed for the given time.</doc>
<msg timestamp="20211020 15:43:25.610" level="INFO">Slept 5 seconds</msg>
<status status="PASS" starttime="20211020 15:43:20.608" endtime="20211020 15:43:25.610"/>
</kw>
<kw name="Get Text" library="Browser">
<var>${text}</var>
<arg>xpath=/html/body/b</arg>
<tag>Assertion</tag>
<tag>Getter</tag>
<tag>PageContent</tag>
<doc>Returns text attribute of the element found by ``selector``.</doc>
<msg timestamp="20211020 15:43:35.790" level="INFO" html="true">&lt;/td&gt;&lt;/tr&gt;&lt;tr&gt;&lt;td colspan="3"&gt;&lt;a href="browser/screenshot/fail-screenshot-1.png"&gt;&lt;img src="browser/screenshot/fail-screenshot-1.png" width="800px"&gt;&lt;/a&gt;</msg>
<status status="FAIL" starttime="20211020 15:43:25.611" endtime="20211020 15:48:52.623"/>
</kw>
<kw name="Sleep" library="BuiltIn">
<arg>5</arg>
<doc>Pauses the test executed for the given time.</doc>
<status status="NOT RUN" starttime="20211020 15:48:52.623" endtime="20211020 15:48:52.623"/>
</kw>
<kw name="Log To Console" library="BuiltIn">
<arg>'Successfully :)'</arg>
<doc>Logs the given message to the console.</doc>
<status status="NOT RUN" starttime="20211020 15:48:52.624" endtime="20211020 15:48:52.624"/>
</kw>
<kw name="Log To Console" library="BuiltIn">
<arg>${text}</arg>
<doc>Logs the given message to the console.</doc>
<status status="NOT RUN" starttime="20211020 15:48:52.624" endtime="20211020 15:48:52.624"/>
</kw>
<kw name="Quit Application" library="AppiumLibrary" type="TEARDOWN">
<doc>Quit application. Application can be quit while Appium session is kept alive.
This keyword can be used to close application during test case or between test cases.</doc>
<kw name="Capture Page Screenshot" library="AppiumLibrary">
<doc>Takes a screenshot of the current page and embeds it into the log.</doc>
<msg timestamp="20211020 15:48:52.673" level="FAIL">InvalidSessionIdException: Message: A session is either terminated or not started
</msg>
<status status="FAIL" starttime="20211020 15:48:52.646" endtime="20211020 15:48:52.673"/>
</kw>
<msg timestamp="20211020 15:48:52.680" level="WARN">Keyword 'Capture Page Screenshot' could not be run on failure: InvalidSessionIdException: Message: A session is either terminated or not started
</msg>
<msg timestamp="20211020 15:48:52.683" level="FAIL">InvalidSessionIdException: Message: A session is either terminated or not started
</msg>
<status status="FAIL" starttime="20211020 15:48:52.625" endtime="20211020 15:48:52.683">InvalidSessionIdException: Message: A session is either terminated or not started
</status>
</kw>
<status status="FAIL" starttime="20211020 15:43:11.108" endtime="20211020 15:48:52.684">Execution terminated by signal

Also teardown failed:
InvalidSessionIdException: Message: A session is either terminated or not started
</status>
</test>
<kw name="Close Application" library="AppiumLibrary" type="TEARDOWN">
<doc>Closes the current application and also close webdriver session.</doc>
<kw name="Capture Page Screenshot" library="AppiumLibrary">
<doc>Takes a screenshot of the current page and embeds it into the log.</doc>
<msg timestamp="20211020 15:48:52.793" level="FAIL">InvalidSessionIdException: Message: A session is either terminated or not started
</msg>
<status status="FAIL" starttime="20211020 15:48:52.773" endtime="20211020 15:48:52.793"/>
</kw>
<msg timestamp="20211020 15:48:52.803" level="WARN">Keyword 'Capture Page Screenshot' could not be run on failure: InvalidSessionIdException: Message: A session is either terminated or not started
</msg>
<msg timestamp="20211020 15:48:52.808" level="FAIL">InvalidSessionIdException: Message: A session is either terminated or not started
</msg>
<status status="FAIL" starttime="20211020 15:48:52.760" endtime="20211020 15:48:52.808">InvalidSessionIdException: Message: A session is either terminated or not started
</status>
</kw>
<doc>A test case for the user is able to forgot password</doc>
<status status="FAIL" starttime="20211020 15:42:29.422" endtime="20211020 15:48:52.808">Suite teardown failed:
InvalidSessionIdException: Message: A session is either terminated or not started
</status>
</suite>
<statistics>
<total>
<stat pass="0" fail="2" skip="0">All Tests</stat>
</total>
<tag>
<stat pass="0" fail="1" skip="0">sanity</stat>
</tag>
<suite>
<stat pass="0" fail="2" skip="0" id="s1" name="Forgot Password">Forgot Password</stat>
</suite>
</statistics>
<errors>
<msg timestamp="20211020 15:43:15.074" level="WARN">Open Browser is for quick experimentation and debugging only. Use New Page for production.</msg>
<msg timestamp="20211020 15:48:52.680" level="WARN">Keyword 'Capture Page Screenshot' could not be run on failure: InvalidSessionIdException: Message: A session is either terminated or not started
</msg>
<msg timestamp="20211020 15:48:52.803" level="WARN">Keyword 'Capture Page Screenshot' could not be run on failure: InvalidSessionIdException: Message: A session is either terminated or not started
</msg>
</errors>
</robot>
