<?xml version="1.0" encoding="UTF-8"?>
<robot generator="Robot 4.1.1 (Python 3.9.7 on darwin)" generated="20211104 14:20:27.653" rpa="false" schemaversion="2">
<suite id="s1" name="Login With Gmail" source="/Users/qa_tester/Desktop/MBC-APP/Tests/MBC/Android/login_with_gmail.robot">
<kw name="Open MBC Application" library="resources" type="SETUP">
<kw name="Open Application" library="AppiumLibrary">
<arg>http://localhost:4723/wd/hub</arg>
<arg>platformName=Android</arg>
<arg>deviceName=Galaxy J5 Prime</arg>
<arg>appPackage=${MBC-APPLICATION-ID}</arg>
<arg>appActivity=${MBC-APPLICATION-ACTIVITY}</arg>
<arg>udid=4200933406a59453</arg>
<arg>automationName=Uiautomator2</arg>
<doc>Opens a new application to given Appium server.
Capabilities of appium server, Android and iOS,
Please check https://github.com/appium/appium/blob/master/docs/en/writing-running-appium/server-args.md
| *Option*            | *Man.* | *Description*     |
| remote_url          | Yes    | Appium server url |
| alias               | no     | alias             |</doc>
<status status="PASS" starttime="20211104 14:20:29.373" endtime="20211104 14:20:48.385"/>
</kw>
<status status="PASS" starttime="20211104 14:20:29.372" endtime="20211104 14:20:48.385"/>
</kw>
<test id="s1-t1" name="Login with Gmail test case">
<kw name="Launch Application" library="AppiumLibrary" type="SETUP">
<doc>Launch application. Application can be launched while Appium session running.
This keyword can be used to launch application during test case or between test cases.</doc>
<status status="PASS" starttime="20211104 14:20:48.391" endtime="20211104 14:20:54.557"/>
</kw>
<kw name="Gmail Sign Up" library="resources">
<kw name="Sleep" library="BuiltIn">
<arg>5</arg>
<doc>Pauses the test executed for the given time.</doc>
<msg timestamp="20211104 14:20:59.560" level="INFO">Slept 5 seconds</msg>
<status status="PASS" starttime="20211104 14:20:54.558" endtime="20211104 14:20:59.560"/>
</kw>
<kw name="Wait Until Page Contains Element" library="AppiumLibrary">
<arg>//android.widget.TextView[@text='OR REGISTER']</arg>
<doc>Waits until element specified with `locator` appears on current page.</doc>
<status status="PASS" starttime="20211104 14:20:59.561" endtime="20211104 14:21:05.227"/>
</kw>
<kw name="Wait Until Page Contains Element" library="AppiumLibrary">
<arg>${LOGIN_WITH_GMAIL_BUTTON}</arg>
<doc>Waits until element specified with `locator` appears on current page.</doc>
<status status="PASS" starttime="20211104 14:21:05.228" endtime="20211104 14:21:05.397"/>
</kw>
<kw name="Run Keyword Until Success" library="resources">
<arg>Click Element</arg>
<arg>${LOGIN_WITH_GMAIL_BUTTON}</arg>
<kw name="Wait Until Keyword Succeeds" library="BuiltIn">
<arg>5s</arg>
<arg>1s</arg>
<arg>${KW}</arg>
<arg>@{KWARGS}</arg>
<doc>Runs the specified keyword and retries if it fails.</doc>
<kw name="Click Element" library="AppiumLibrary">
<arg>@{KWARGS}</arg>
<doc>Click element identified by `locator`.</doc>
<msg timestamp="20211104 14:21:05.408" level="INFO">Clicking element 'xpath=/hierarchy/android.widget.FrameLayout/android.widget.LinearLayout/android.widget.FrameLayout/android.widget.LinearLayout/android.widget.FrameLayout/android.widget.FrameLayout/android.view.ViewGroup/android.view.ViewGroup/android.view.ViewGroup/android.view.ViewGroup/android.view.ViewGroup/android.view.ViewGroup/android.view.ViewGroup/android.view.ViewGroup/android.view.ViewGroup[3]/android.view.ViewGroup/android.view.ViewGroup[3]/android.view.ViewGroup/android.view.View'.</msg>
<status status="PASS" starttime="20211104 14:21:05.400" endtime="20211104 14:21:05.652"/>
</kw>
<status status="PASS" starttime="20211104 14:21:05.399" endtime="20211104 14:21:05.652"/>
</kw>
<status status="PASS" starttime="20211104 14:21:05.398" endtime="20211104 14:21:05.653"/>
</kw>
<for flavor="IN RANGE">
<var>${i}</var>
<value>2</value>
<iter>
<var name="${i}">0</var>
<kw name="Sleep" library="BuiltIn">
<arg>5</arg>
<doc>Pauses the test executed for the given time.</doc>
<msg timestamp="20211104 14:21:10.656" level="INFO">Slept 5 seconds</msg>
<status status="PASS" starttime="20211104 14:21:05.654" endtime="20211104 14:21:10.656"/>
</kw>
<kw name="Swipe" library="AppiumLibrary">
<arg>383</arg>
<arg>851</arg>
<arg>375</arg>
<arg>492</arg>
<doc>Swipe from one point to another point, for an optional duration.</doc>
<status status="PASS" starttime="20211104 14:21:10.657" endtime="20211104 14:21:11.922"/>
</kw>
<kw name="Swipe" library="AppiumLibrary">
<arg>383</arg>
<arg>851</arg>
<arg>375</arg>
<arg>492</arg>
<doc>Swipe from one point to another point, for an optional duration.</doc>
<status status="PASS" starttime="20211104 14:21:11.922" endtime="20211104 14:21:13.182"/>
</kw>
<kw name="Tap The Element" library="resources">
<arg>//android.widget.TextView[@text='bliimombc2@gmail.com']</arg>
<kw name="Wait Until Page Contains Element" library="AppiumLibrary">
<arg>${locator}</arg>
<doc>Waits until element specified with `locator` appears on current page.</doc>
<status status="PASS" starttime="20211104 14:21:13.183" endtime="20211104 14:21:13.444"/>
</kw>
<kw name="Click Element" library="AppiumLibrary">
<arg>${locator}</arg>
<doc>Click element identified by `locator`.</doc>
<msg timestamp="20211104 14:21:13.451" level="INFO">Clicking element '//android.widget.TextView[@text='bliimombc2@gmail.com']'.</msg>
<status status="PASS" starttime="20211104 14:21:13.444" endtime="20211104 14:21:13.723"/>
</kw>
<status status="PASS" starttime="20211104 14:21:13.182" endtime="20211104 14:21:13.723"/>
</kw>
<kw name="Handle Modals" library="resources">
<arg>${MODAL_LOGGED_IN_ANOTHER_DEVICE}</arg>
<arg>${USE_HERE_BUTTON}</arg>
<kw name="Run Keyword And Return Status" library="BuiltIn">
<var>${PASSED}</var>
<arg>Wait Until Page Contains Element</arg>
<arg>${MODAL_NAME}</arg>
<doc>Runs the given keyword with given arguments and returns the status as a Boolean value.</doc>
<kw name="Wait Until Page Contains Element" library="AppiumLibrary">
<arg>${MODAL_NAME}</arg>
<doc>Waits until element specified with `locator` appears on current page.</doc>
<status status="PASS" starttime="20211104 14:21:13.725" endtime="20211104 14:21:16.592"/>
</kw>
<msg timestamp="20211104 14:21:16.592" level="INFO">${PASSED} = True</msg>
<status status="PASS" starttime="20211104 14:21:13.725" endtime="20211104 14:21:16.592"/>
</kw>
<kw name="Run Keyword If" library="BuiltIn">
<arg>${PASSED}</arg>
<arg>Tap The Element</arg>
<arg>${BUTTON}</arg>
<doc>Runs the given keyword with the given arguments, if ``condition`` is true.</doc>
<kw name="Tap The Element" library="resources">
<arg>${BUTTON}</arg>
<kw name="Wait Until Page Contains Element" library="AppiumLibrary">
<arg>${locator}</arg>
<doc>Waits until element specified with `locator` appears on current page.</doc>
<status status="PASS" starttime="20211104 14:21:16.594" endtime="20211104 14:21:16.717"/>
</kw>
<kw name="Click Element" library="AppiumLibrary">
<arg>${locator}</arg>
<doc>Click element identified by `locator`.</doc>
<msg timestamp="20211104 14:21:16.725" level="INFO">Clicking element '//android.widget.TextView[@text='USE HERE']'.</msg>
<status status="PASS" starttime="20211104 14:21:16.718" endtime="20211104 14:21:16.877"/>
</kw>
<status status="PASS" starttime="20211104 14:21:16.593" endtime="20211104 14:21:16.878"/>
</kw>
<status status="PASS" starttime="20211104 14:21:16.593" endtime="20211104 14:21:16.878"/>
</kw>
<status status="PASS" starttime="20211104 14:21:13.723" endtime="20211104 14:21:16.878"/>
</kw>
<kw name="Log To Console" library="BuiltIn">
<arg>${i}</arg>
<doc>Logs the given message to the console.</doc>
<status status="PASS" starttime="20211104 14:21:16.878" endtime="20211104 14:21:16.879"/>
</kw>
<status status="PASS" starttime="20211104 14:21:05.654" endtime="20211104 14:21:16.879"/>
</iter>
<iter>
<var name="${i}">1</var>
<kw name="Sleep" library="BuiltIn">
<arg>5</arg>
<doc>Pauses the test executed for the given time.</doc>
<msg timestamp="20211104 14:21:21.880" level="INFO">Slept 5 seconds</msg>
<status status="PASS" starttime="20211104 14:21:16.880" endtime="20211104 14:21:21.881"/>
</kw>
<kw name="Swipe" library="AppiumLibrary">
<arg>383</arg>
<arg>851</arg>
<arg>375</arg>
<arg>492</arg>
<doc>Swipe from one point to another point, for an optional duration.</doc>
<status status="PASS" starttime="20211104 14:21:21.881" endtime="20211104 14:21:23.147"/>
</kw>
<kw name="Swipe" library="AppiumLibrary">
<arg>383</arg>
<arg>851</arg>
<arg>375</arg>
<arg>492</arg>
<doc>Swipe from one point to another point, for an optional duration.</doc>
<status status="PASS" starttime="20211104 14:21:23.147" endtime="20211104 14:21:24.396"/>
</kw>
<kw name="Tap The Element" library="resources">
<arg>//android.widget.TextView[@text='bliimombc2@gmail.com']</arg>
<kw name="Wait Until Page Contains Element" library="AppiumLibrary">
<arg>${locator}</arg>
<doc>Waits until element specified with `locator` appears on current page.</doc>
<status status="PASS" starttime="20211104 14:21:24.397" endtime="20211104 14:21:24.749"/>
</kw>
<kw name="Click Element" library="AppiumLibrary">
<arg>${locator}</arg>
<doc>Click element identified by `locator`.</doc>
<msg timestamp="20211104 14:21:24.754" level="INFO">Clicking element '//android.widget.TextView[@text='bliimombc2@gmail.com']'.</msg>
<status status="PASS" starttime="20211104 14:21:24.750" endtime="20211104 14:21:24.998"/>
</kw>
<status status="PASS" starttime="20211104 14:21:24.396" endtime="20211104 14:21:24.998"/>
</kw>
<kw name="Handle Modals" library="resources">
<arg>${MODAL_LOGGED_IN_ANOTHER_DEVICE}</arg>
<arg>${USE_HERE_BUTTON}</arg>
<kw name="Run Keyword And Return Status" library="BuiltIn">
<var>${PASSED}</var>
<arg>Wait Until Page Contains Element</arg>
<arg>${MODAL_NAME}</arg>
<doc>Runs the given keyword with given arguments and returns the status as a Boolean value.</doc>
<kw name="Wait Until Page Contains Element" library="AppiumLibrary">
<arg>${MODAL_NAME}</arg>
<doc>Waits until element specified with `locator` appears on current page.</doc>
<kw name="Capture Page Screenshot" library="AppiumLibrary">
<doc>Takes a screenshot of the current page and embeds it into the log.</doc>
<msg timestamp="20211104 14:21:31.742" level="INFO" html="true">&lt;/td&gt;&lt;/tr&gt;&lt;tr&gt;&lt;td colspan="3"&gt;&lt;a href="appium-screenshot-1.png"&gt;&lt;img src="appium-screenshot-1.png" width="800px"&gt;&lt;/a&gt;</msg>
<status status="PASS" starttime="20211104 14:21:30.152" endtime="20211104 14:21:31.743"/>
</kw>
<msg timestamp="20211104 14:21:31.745" level="FAIL">Element '//android.widget.TextView[@text='You are currently logged in on another device']' did not appear in 5 seconds</msg>
<status status="FAIL" starttime="20211104 14:21:25.001" endtime="20211104 14:21:31.745"/>
</kw>
<msg timestamp="20211104 14:21:31.746" level="INFO">${PASSED} = False</msg>
<status status="PASS" starttime="20211104 14:21:25.000" endtime="20211104 14:21:31.746"/>
</kw>
<kw name="Run Keyword If" library="BuiltIn">
<arg>${PASSED}</arg>
<arg>Tap The Element</arg>
<arg>${BUTTON}</arg>
<doc>Runs the given keyword with the given arguments, if ``condition`` is true.</doc>
<status status="PASS" starttime="20211104 14:21:31.746" endtime="20211104 14:21:31.747"/>
</kw>
<status status="PASS" starttime="20211104 14:21:24.999" endtime="20211104 14:21:31.747"/>
</kw>
<kw name="Log To Console" library="BuiltIn">
<arg>${i}</arg>
<doc>Logs the given message to the console.</doc>
<status status="PASS" starttime="20211104 14:21:31.747" endtime="20211104 14:21:31.748"/>
</kw>
<status status="PASS" starttime="20211104 14:21:16.879" endtime="20211104 14:21:31.748"/>
</iter>
<status status="PASS" starttime="20211104 14:21:05.653" endtime="20211104 14:21:31.748"/>
</for>
<kw name="Run Keyword And Return Status" library="BuiltIn">
<var>${PASSED}</var>
<arg>Wait Until Page Contains Element</arg>
<arg>${SKIP_TUTORIAL}</arg>
<doc>Runs the given keyword with given arguments and returns the status as a Boolean value.</doc>
<kw name="Wait Until Page Contains Element" library="AppiumLibrary">
<arg>${SKIP_TUTORIAL}</arg>
<doc>Waits until element specified with `locator` appears on current page.</doc>
<status status="PASS" starttime="20211104 14:21:31.749" endtime="20211104 14:21:32.053"/>
</kw>
<msg timestamp="20211104 14:21:32.053" level="INFO">${PASSED} = True</msg>
<status status="PASS" starttime="20211104 14:21:31.748" endtime="20211104 14:21:32.053"/>
</kw>
<kw name="Run Keyword If" library="BuiltIn">
<arg>'${PASSED}' == 'True'</arg>
<arg>Tap The Skip Tutorial</arg>
<doc>Runs the given keyword with the given arguments, if ``condition`` is true.</doc>
<kw name="Tap The Skip Tutorial" library="resources">
<kw name="Wait Until Page Contains Element" library="AppiumLibrary">
<arg>${SKIP_TUTORIAL}</arg>
<doc>Waits until element specified with `locator` appears on current page.</doc>
<status status="PASS" starttime="20211104 14:21:32.055" endtime="20211104 14:21:32.149"/>
</kw>
<kw name="Tap The Element" library="resources">
<arg>${SKIP_TUTORIAL}</arg>
<kw name="Wait Until Page Contains Element" library="AppiumLibrary">
<arg>${locator}</arg>
<doc>Waits until element specified with `locator` appears on current page.</doc>
<status status="PASS" starttime="20211104 14:21:32.150" endtime="20211104 14:21:32.245"/>
</kw>
<kw name="Click Element" library="AppiumLibrary">
<arg>${locator}</arg>
<doc>Click element identified by `locator`.</doc>
<msg timestamp="20211104 14:21:32.254" level="INFO">Clicking element '//android.widget.TextView[@text='Skip Tutorial']'.</msg>
<status status="PASS" starttime="20211104 14:21:32.245" endtime="20211104 14:21:32.642"/>
</kw>
<status status="PASS" starttime="20211104 14:21:32.149" endtime="20211104 14:21:32.643"/>
</kw>
<status status="PASS" starttime="20211104 14:21:32.054" endtime="20211104 14:21:32.643"/>
</kw>
<status status="PASS" starttime="20211104 14:21:32.053" endtime="20211104 14:21:32.643"/>
</kw>
<kw name="Run Keyword And Return Status" library="BuiltIn">
<var>${PASSED}</var>
<arg>Wait Until Page Contains Element</arg>
<arg>//android.widget.TextView[@text='SIGN UP VIA GOOGLE']</arg>
<doc>Runs the given keyword with given arguments and returns the status as a Boolean value.</doc>
<kw name="Wait Until Page Contains Element" library="AppiumLibrary">
<arg>//android.widget.TextView[@text='SIGN UP VIA GOOGLE']</arg>
<doc>Waits until element specified with `locator` appears on current page.</doc>
<kw name="Capture Page Screenshot" library="AppiumLibrary">
<doc>Takes a screenshot of the current page and embeds it into the log.</doc>
<msg timestamp="20211104 14:21:38.857" level="INFO" html="true">&lt;/td&gt;&lt;/tr&gt;&lt;tr&gt;&lt;td colspan="3"&gt;&lt;a href="appium-screenshot-2.png"&gt;&lt;img src="appium-screenshot-2.png" width="800px"&gt;&lt;/a&gt;</msg>
<status status="PASS" starttime="20211104 14:21:37.885" endtime="20211104 14:21:38.857"/>
</kw>
<msg timestamp="20211104 14:21:38.858" level="FAIL">Element '//android.widget.TextView[@text='SIGN UP VIA GOOGLE']' did not appear in 5 seconds</msg>
<status status="FAIL" starttime="20211104 14:21:32.644" endtime="20211104 14:21:38.858"/>
</kw>
<msg timestamp="20211104 14:21:38.858" level="INFO">${PASSED} = False</msg>
<status status="PASS" starttime="20211104 14:21:32.644" endtime="20211104 14:21:38.858"/>
</kw>
<kw name="Run Keyword If" library="BuiltIn">
<arg>'${PASSED}' == 'True'</arg>
<arg>Handle Sign Up Via Social Media's</arg>
<arg>User102</arg>
<doc>Runs the given keyword with the given arguments, if ``condition`` is true.</doc>
<status status="PASS" starttime="20211104 14:21:38.859" endtime="20211104 14:21:38.859"/>
</kw>
<kw name="Run Keyword And Return Status" library="BuiltIn">
<var>${PASSED}</var>
<arg>Wait Until Page Contains Element</arg>
<arg>${SKIP_TUTORIAL}</arg>
<doc>Runs the given keyword with given arguments and returns the status as a Boolean value.</doc>
<kw name="Wait Until Page Contains Element" library="AppiumLibrary">
<arg>${SKIP_TUTORIAL}</arg>
<doc>Waits until element specified with `locator` appears on current page.</doc>
<kw name="Capture Page Screenshot" library="AppiumLibrary">
<doc>Takes a screenshot of the current page and embeds it into the log.</doc>
<msg timestamp="20211104 14:21:44.836" level="INFO" html="true">&lt;/td&gt;&lt;/tr&gt;&lt;tr&gt;&lt;td colspan="3"&gt;&lt;a href="appium-screenshot-3.png"&gt;&lt;img src="appium-screenshot-3.png" width="800px"&gt;&lt;/a&gt;</msg>
<status status="PASS" starttime="20211104 14:21:43.894" endtime="20211104 14:21:44.837"/>
</kw>
<msg timestamp="20211104 14:21:44.838" level="FAIL">Element '//android.widget.TextView[@text='Skip Tutorial']' did not appear in 5 seconds</msg>
<status status="FAIL" starttime="20211104 14:21:38.860" endtime="20211104 14:21:44.838"/>
</kw>
<msg timestamp="20211104 14:21:44.838" level="INFO">${PASSED} = False</msg>
<status status="PASS" starttime="20211104 14:21:38.860" endtime="20211104 14:21:44.838"/>
</kw>
<kw name="Run Keyword If" library="BuiltIn">
<arg>'${PASSED}' == 'True'</arg>
<arg>Tap The Skip Tutorial</arg>
<doc>Runs the given keyword with the given arguments, if ``condition`` is true.</doc>
<status status="PASS" starttime="20211104 14:21:44.838" endtime="20211104 14:21:44.839"/>
</kw>
<kw name="Sleep" library="BuiltIn">
<arg>10</arg>
<doc>Pauses the test executed for the given time.</doc>
<msg timestamp="20211104 14:21:54.840" level="INFO">Slept 10 seconds</msg>
<status status="PASS" starttime="20211104 14:21:44.839" endtime="20211104 14:21:54.840"/>
</kw>
<kw name="Log To Console" library="BuiltIn">
<arg>'Sign Up with Google'</arg>
<doc>Logs the given message to the console.</doc>
<status status="PASS" starttime="20211104 14:21:54.840" endtime="20211104 14:21:54.841"/>
</kw>
<status status="PASS" starttime="20211104 14:20:54.557" endtime="20211104 14:21:54.842"/>
</kw>
<kw name="Quit Application" library="AppiumLibrary" type="TEARDOWN">
<doc>Quit application. Application can be quit while Appium session is kept alive.
This keyword can be used to close application during test case or between test cases.</doc>
<status status="PASS" starttime="20211104 14:21:54.842" endtime="20211104 14:21:55.059"/>
</kw>
<tag>sanity</tag>
<status status="PASS" starttime="20211104 14:20:48.385" endtime="20211104 14:21:55.060"/>
</test>
<kw name="Close Application" library="AppiumLibrary" type="TEARDOWN">
<doc>Closes the current application and also close webdriver session.</doc>
<status status="PASS" starttime="20211104 14:21:55.065" endtime="20211104 14:21:55.271"/>
</kw>
<doc>A test case for user is able to login with gmail</doc>
<status status="PASS" starttime="20211104 14:20:27.655" endtime="20211104 14:21:55.271"/>
</suite>
<statistics>
<total>
<stat pass="1" fail="0" skip="0">All Tests</stat>
</total>
<tag>
<stat pass="1" fail="0" skip="0">sanity</stat>
</tag>
<suite>
<stat pass="1" fail="0" skip="0" id="s1" name="Login With Gmail">Login With Gmail</stat>
</suite>
</statistics>
<errors>
</errors>
</robot>
