<?xml version="1.0" encoding="UTF-8"?>
<robot generator="Robot 4.1.1 (Python 3.9.7 on darwin)" generated="20211026 16:48:25.064" rpa="false" schemaversion="2">
<suite id="s1" name="Game" source="/Users/qa_tester/Desktop/MBC-APP/Tests/MBC/Android/game.robot">
<test id="s1-t1" name="Admin create a game">
<kw name="Open Browser" library="Browser">
<arg>${URL}[1]</arg>
<arg>${BROWSER}</arg>
<tag>BrowserControl</tag>
<tag>Setter</tag>
<doc>Opens a new browser instance. Use this keyword for quick experiments or debugging sessions.
Use `New Page` directly instead of `Open Browser` for production and automated execution.
See `Browser, Context and Page` for more information about Browser and related concepts.</doc>
<msg timestamp="20211026 16:48:26.751" level="WARN">Open Browser is for quick experimentation and debugging only. Use New Page for production.</msg>
<msg timestamp="20211026 16:48:26.752" level="INFO">{"browser": "chromium", "headless": false, "handleSIGINT": true, "handleSIGTERM": true, "handleSIGHUP": true, "timeout": 30000.0, "devtools": false, "slowMo": 0.0, "tracesDir": "/Users/qa_tester/Desktop/MBC-APP/Output/browser/traces/8d9809ac-efea-45b4-8c46-154e16ab2965"}</msg>
<msg timestamp="20211026 16:48:27.353" level="INFO">Successfully created browser with options: {"browser":"chromium","headless":false,"handleSIGINT":true,"handleSIGTERM":true,"handleSIGHUP":true,"timeout":30000,"devtools":false,"slowMo":0,"tracesDir":"/Users/qa_tester/Desktop/MBC-APP/Output/browser/traces/8d9809ac-efea-45b4-8c46-154e16ab2965"}</msg>
<msg timestamp="20211026 16:48:27.355" level="INFO">{"acceptDownloads": false, "ignoreHTTPSErrors": false, "bypassCSP": true, "deviceScaleFactor": 1.0, "isMobile": false, "hasTouch": false, "javaScriptEnabled": true, "offline": false, "hideRfBrowser": false}</msg>
<msg timestamp="20211026 16:48:27.403" level="INFO">Successfully created context. </msg>
<msg timestamp="20211026 16:48:27.403" level="INFO">{'acceptDownloads': False, 'ignoreHTTPSErrors': False, 'bypassCSP': True, 'deviceScaleFactor': 1, 'isMobile': False, 'hasTouch': False, 'javaScriptEnabled': True, 'offline': False, 'hideRfBrowser': False}</msg>
<msg timestamp="20211026 16:48:32.437" level="INFO">Successfully initialized new page object and opened url: http://mbc-api-staging.bliimo.com</msg>
<status status="PASS" starttime="20211026 16:48:26.750" endtime="20211026 16:48:32.438"/>
</kw>
<kw name="Input Field" library="resources">
<arg>\#admin_user_email</arg>
<arg>elvin@mailinator.com</arg>
<kw name="Wait For Elements State" library="Browser">
<arg>${field}</arg>
<tag>PageContent</tag>
<tag>Wait</tag>
<doc>Waits for the element found by ``selector`` to satisfy state option.</doc>
<msg timestamp="20211026 16:48:32.498" level="INFO">Wait for Element with selector: #admin_user_email</msg>
<status status="PASS" starttime="20211026 16:48:32.440" endtime="20211026 16:48:32.498"/>
</kw>
<kw name="Fill Text" library="Browser">
<arg>${field}</arg>
<arg>${value}</arg>
<tag>PageContent</tag>
<tag>Setter</tag>
<doc>Clears and fills the given ``txt`` into the text field found by ``selector``.</doc>
<msg timestamp="20211026 16:48:32.499" level="INFO">Fills the text 'elvin@mailinator.com' in the given field.</msg>
<status status="PASS" starttime="20211026 16:48:32.498" endtime="20211026 16:48:32.527"/>
</kw>
<status status="PASS" starttime="20211026 16:48:32.438" endtime="20211026 16:48:32.527"/>
</kw>
<kw name="Input Field" library="resources">
<arg>\#admin_user_password</arg>
<arg>password</arg>
<kw name="Wait For Elements State" library="Browser">
<arg>${field}</arg>
<tag>PageContent</tag>
<tag>Wait</tag>
<doc>Waits for the element found by ``selector`` to satisfy state option.</doc>
<msg timestamp="20211026 16:48:32.550" level="INFO">Wait for Element with selector: #admin_user_password</msg>
<status status="PASS" starttime="20211026 16:48:32.528" endtime="20211026 16:48:32.550"/>
</kw>
<kw name="Fill Text" library="Browser">
<arg>${field}</arg>
<arg>${value}</arg>
<tag>PageContent</tag>
<tag>Setter</tag>
<doc>Clears and fills the given ``txt`` into the text field found by ``selector``.</doc>
<msg timestamp="20211026 16:48:32.551" level="INFO">Fills the text 'password' in the given field.</msg>
<status status="PASS" starttime="20211026 16:48:32.551" endtime="20211026 16:48:32.595"/>
</kw>
<status status="PASS" starttime="20211026 16:48:32.527" endtime="20211026 16:48:32.596"/>
</kw>
<kw name="Click" library="Browser">
<arg>\#admin_user_submit_action &gt; input:nth-child(1)</arg>
<tag>PageContent</tag>
<tag>Setter</tag>
<doc>Simulates mouse click on the element found by ``selector``.</doc>
<status status="PASS" starttime="20211026 16:48:32.596" endtime="20211026 16:48:33.657"/>
</kw>
<kw name="Click" library="Browser">
<arg>\#games &gt; a:nth-child(1)</arg>
<tag>PageContent</tag>
<tag>Setter</tag>
<doc>Simulates mouse click on the element found by ``selector``.</doc>
<status status="PASS" starttime="20211026 16:48:33.657" endtime="20211026 16:48:33.814"/>
</kw>
<kw name="Click" library="Browser">
<arg>\#roulettes &gt; a:nth-child(1)</arg>
<tag>PageContent</tag>
<tag>Setter</tag>
<doc>Simulates mouse click on the element found by ``selector``.</doc>
<status status="PASS" starttime="20211026 16:48:33.814" endtime="20211026 16:48:34.878"/>
</kw>
<kw name="Click" library="Browser">
<arg>text=New Roulette</arg>
<tag>PageContent</tag>
<tag>Setter</tag>
<doc>Simulates mouse click on the element found by ``selector``.</doc>
<status status="PASS" starttime="20211026 16:48:34.878" endtime="20211026 16:48:37.439"/>
</kw>
<kw name="Click" library="Browser">
<arg>\#roulette_radio_station_input &gt; span:nth-child(3) &gt; span:nth-child(1) &gt; span:nth-child(1)</arg>
<tag>PageContent</tag>
<tag>Setter</tag>
<doc>Simulates mouse click on the element found by ``selector``.</doc>
<status status="PASS" starttime="20211026 16:48:37.440" endtime="20211026 16:48:37.917"/>
</kw>
<kw name="Click" library="Browser">
<arg>\#select2-roulette_radio_station_id-results &gt; li:nth-child(5)</arg>
<tag>PageContent</tag>
<tag>Setter</tag>
<doc>Simulates mouse click on the element found by ``selector``.</doc>
<status status="PASS" starttime="20211026 16:48:37.917" endtime="20211026 16:48:38.025"/>
</kw>
<kw name="Select Element From List" library="resources">
<arg>xpath=/html/body/div/div[4]/div/div/form/div/div/div[1]/li[3]/span/span[1]/span/span[2]</arg>
<arg>\#select2-roulette_dj_id-results &gt; li:nth-child(5)</arg>
<kw name="Click" library="Browser">
<arg>${arrow}</arg>
<tag>PageContent</tag>
<tag>Setter</tag>
<doc>Simulates mouse click on the element found by ``selector``.</doc>
<status status="PASS" starttime="20211026 16:48:38.026" endtime="20211026 16:48:38.120"/>
</kw>
<kw name="Click" library="Browser">
<arg>${list}</arg>
<tag>PageContent</tag>
<tag>Setter</tag>
<doc>Simulates mouse click on the element found by ``selector``.</doc>
<status status="PASS" starttime="20211026 16:48:38.120" endtime="20211026 16:48:38.200"/>
</kw>
<status status="PASS" starttime="20211026 16:48:38.026" endtime="20211026 16:48:38.201"/>
</kw>
<kw name="Select Element From List" library="resources">
<arg>xpath=/html/body/div/div[4]/div/div/form/div/div/div[1]/li[4]/span/span[1]/span/span[2]</arg>
<arg>\#select2-roulette_sponsor_id-results &gt; li:nth-child(6)</arg>
<kw name="Click" library="Browser">
<arg>${arrow}</arg>
<tag>PageContent</tag>
<tag>Setter</tag>
<doc>Simulates mouse click on the element found by ``selector``.</doc>
<status status="PASS" starttime="20211026 16:48:38.201" endtime="20211026 16:48:38.288"/>
</kw>
<kw name="Click" library="Browser">
<arg>${list}</arg>
<tag>PageContent</tag>
<tag>Setter</tag>
<doc>Simulates mouse click on the element found by ``selector``.</doc>
<status status="PASS" starttime="20211026 16:48:38.288" endtime="20211026 16:48:38.366"/>
</kw>
<status status="PASS" starttime="20211026 16:48:38.201" endtime="20211026 16:48:38.366"/>
</kw>
<kw name="Input Field" library="resources">
<arg>\#roulette_name</arg>
<arg>Testing 101</arg>
<kw name="Wait For Elements State" library="Browser">
<arg>${field}</arg>
<tag>PageContent</tag>
<tag>Wait</tag>
<doc>Waits for the element found by ``selector`` to satisfy state option.</doc>
<msg timestamp="20211026 16:48:38.399" level="INFO">Wait for Element with selector: #roulette_name</msg>
<status status="PASS" starttime="20211026 16:48:38.367" endtime="20211026 16:48:38.399"/>
</kw>
<kw name="Fill Text" library="Browser">
<arg>${field}</arg>
<arg>${value}</arg>
<tag>PageContent</tag>
<tag>Setter</tag>
<doc>Clears and fills the given ``txt`` into the text field found by ``selector``.</doc>
<msg timestamp="20211026 16:48:38.400" level="INFO">Fills the text 'Testing 101' in the given field.</msg>
<status status="PASS" starttime="20211026 16:48:38.399" endtime="20211026 16:48:38.433"/>
</kw>
<status status="PASS" starttime="20211026 16:48:38.367" endtime="20211026 16:48:38.433"/>
</kw>
<kw name="Input Field" library="resources">
<arg>\#roulette_number_of_winner</arg>
<arg>1</arg>
<kw name="Wait For Elements State" library="Browser">
<arg>${field}</arg>
<tag>PageContent</tag>
<tag>Wait</tag>
<doc>Waits for the element found by ``selector`` to satisfy state option.</doc>
<msg timestamp="20211026 16:48:38.477" level="INFO">Wait for Element with selector: #roulette_number_of_winner</msg>
<status status="PASS" starttime="20211026 16:48:38.434" endtime="20211026 16:48:38.477"/>
</kw>
<kw name="Fill Text" library="Browser">
<arg>${field}</arg>
<arg>${value}</arg>
<tag>PageContent</tag>
<tag>Setter</tag>
<doc>Clears and fills the given ``txt`` into the text field found by ``selector``.</doc>
<msg timestamp="20211026 16:48:38.478" level="INFO">Fills the text '1' in the given field.</msg>
<status status="PASS" starttime="20211026 16:48:38.477" endtime="20211026 16:48:38.524"/>
</kw>
<status status="PASS" starttime="20211026 16:48:38.433" endtime="20211026 16:48:38.525"/>
</kw>
<kw name="Input Field" library="resources">
<arg>\#roulette_price</arg>
<arg>10000</arg>
<kw name="Wait For Elements State" library="Browser">
<arg>${field}</arg>
<tag>PageContent</tag>
<tag>Wait</tag>
<doc>Waits for the element found by ``selector`` to satisfy state option.</doc>
<msg timestamp="20211026 16:48:38.566" level="INFO">Wait for Element with selector: #roulette_price</msg>
<status status="PASS" starttime="20211026 16:48:38.527" endtime="20211026 16:48:38.566"/>
</kw>
<kw name="Fill Text" library="Browser">
<arg>${field}</arg>
<arg>${value}</arg>
<tag>PageContent</tag>
<tag>Setter</tag>
<doc>Clears and fills the given ``txt`` into the text field found by ``selector``.</doc>
<msg timestamp="20211026 16:48:38.567" level="INFO">Fills the text '10000' in the given field.</msg>
<status status="PASS" starttime="20211026 16:48:38.567" endtime="20211026 16:48:38.615"/>
</kw>
<status status="PASS" starttime="20211026 16:48:38.526" endtime="20211026 16:48:38.615"/>
</kw>
<kw name="Type Text" library="Browser">
<arg>xpath=//*[@id="roulette_schedule"]</arg>
<arg>1026002021050000pm</arg>
<tag>PageContent</tag>
<tag>Setter</tag>
<doc>Types the given ``txt`` into the text field found by ``selector``.</doc>
<msg timestamp="20211026 16:48:38.616" level="INFO">Types the text '1026002021050000pm' in the given field.</msg>
<status status="PASS" starttime="20211026 16:48:38.616" endtime="20211026 16:48:38.794"/>
</kw>
<kw name="Input Field" library="resources">
<arg>\#roulette_redemption_details</arg>
<arg>Rdemption details here ....</arg>
<kw name="Wait For Elements State" library="Browser">
<arg>${field}</arg>
<tag>PageContent</tag>
<tag>Wait</tag>
<doc>Waits for the element found by ``selector`` to satisfy state option.</doc>
<msg timestamp="20211026 16:48:38.835" level="INFO">Wait for Element with selector: #roulette_redemption_details</msg>
<status status="PASS" starttime="20211026 16:48:38.795" endtime="20211026 16:48:38.835"/>
</kw>
<kw name="Fill Text" library="Browser">
<arg>${field}</arg>
<arg>${value}</arg>
<tag>PageContent</tag>
<tag>Setter</tag>
<doc>Clears and fills the given ``txt`` into the text field found by ``selector``.</doc>
<msg timestamp="20211026 16:48:38.836" level="INFO">Fills the text 'Rdemption details here ....' in the given field.</msg>
<status status="PASS" starttime="20211026 16:48:38.835" endtime="20211026 16:48:38.871"/>
</kw>
<status status="PASS" starttime="20211026 16:48:38.794" endtime="20211026 16:48:38.871"/>
</kw>
<kw name="Input Field" library="resources">
<arg>\#roulette_dti_permit</arg>
<arg>dti_permit12345</arg>
<kw name="Wait For Elements State" library="Browser">
<arg>${field}</arg>
<tag>PageContent</tag>
<tag>Wait</tag>
<doc>Waits for the element found by ``selector`` to satisfy state option.</doc>
<msg timestamp="20211026 16:48:38.917" level="INFO">Wait for Element with selector: #roulette_dti_permit</msg>
<status status="PASS" starttime="20211026 16:48:38.872" endtime="20211026 16:48:38.917"/>
</kw>
<kw name="Fill Text" library="Browser">
<arg>${field}</arg>
<arg>${value}</arg>
<tag>PageContent</tag>
<tag>Setter</tag>
<doc>Clears and fills the given ``txt`` into the text field found by ``selector``.</doc>
<msg timestamp="20211026 16:48:38.917" level="INFO">Fills the text 'dti_permit12345' in the given field.</msg>
<status status="PASS" starttime="20211026 16:48:38.917" endtime="20211026 16:48:38.962"/>
</kw>
<status status="PASS" starttime="20211026 16:48:38.872" endtime="20211026 16:48:38.962"/>
</kw>
<kw name="Input Field" library="resources">
<arg>\#roulette_winner_prompt</arg>
<arg>Panalo ka!</arg>
<kw name="Wait For Elements State" library="Browser">
<arg>${field}</arg>
<tag>PageContent</tag>
<tag>Wait</tag>
<doc>Waits for the element found by ``selector`` to satisfy state option.</doc>
<msg timestamp="20211026 16:48:38.997" level="INFO">Wait for Element with selector: #roulette_winner_prompt</msg>
<status status="PASS" starttime="20211026 16:48:38.963" endtime="20211026 16:48:38.997"/>
</kw>
<kw name="Fill Text" library="Browser">
<arg>${field}</arg>
<arg>${value}</arg>
<tag>PageContent</tag>
<tag>Setter</tag>
<doc>Clears and fills the given ``txt`` into the text field found by ``selector``.</doc>
<msg timestamp="20211026 16:48:38.998" level="INFO">Fills the text 'Panalo ka!' in the given field.</msg>
<status status="PASS" starttime="20211026 16:48:38.997" endtime="20211026 16:48:39.047"/>
</kw>
<status status="PASS" starttime="20211026 16:48:38.962" endtime="20211026 16:48:39.047"/>
</kw>
<kw name="Click" library="Browser">
<arg>text=Create Roulette</arg>
<tag>PageContent</tag>
<tag>Setter</tag>
<doc>Simulates mouse click on the element found by ``selector``.</doc>
<status status="PASS" starttime="20211026 16:48:39.048" endtime="20211026 16:48:40.006"/>
</kw>
<kw name="Click" library="Browser">
<arg>text=Let player join</arg>
<tag>PageContent</tag>
<tag>Setter</tag>
<doc>Simulates mouse click on the element found by ``selector``.</doc>
<status status="PASS" starttime="20211026 16:48:40.007" endtime="20211026 16:48:40.726"/>
</kw>
<kw name="Log To Console" library="BuiltIn">
<arg>'Hello, Elvin :)'</arg>
<doc>Logs the given message to the console.</doc>
<status status="PASS" starttime="20211026 16:48:40.726" endtime="20211026 16:48:40.727"/>
</kw>
<status status="PASS" starttime="20211026 16:48:26.747" endtime="20211026 16:48:40.727"/>
</test>
<doc>A test case for a user is able to create and join the game</doc>
<status status="PASS" starttime="20211026 16:48:25.067" endtime="20211026 16:48:40.897"/>
</suite>
<statistics>
<total>
<stat pass="1" fail="0" skip="0">All Tests</stat>
</total>
<tag>
</tag>
<suite>
<stat pass="1" fail="0" skip="0" id="s1" name="Game">Game</stat>
</suite>
</statistics>
<errors>
<msg timestamp="20211026 16:48:26.751" level="WARN">Open Browser is for quick experimentation and debugging only. Use New Page for production.</msg>
</errors>
</robot>
