<?xml version="1.0" encoding="UTF-8"?>
<robot generator="Robot 4.1.1 (Python 3.9.7 on darwin)" generated="20211005 17:07:17.522" rpa="false" schemaversion="2">
<suite id="s1" name="Login" source="/Users/qa_tester/Desktop/MBC-APP/Tests/MBC/Android/login.robot">
<kw name="Open MBC Application" library="resources" type="SETUP">
<kw name="Open Application" library="AppiumLibrary">
<arg>http://localhost:4723/wd/hub</arg>
<arg>platformName=Android</arg>
<arg>deviceName=4200933406a59453</arg>
<arg>appPackage=${MBC-APPLICATION-ID}</arg>
<arg>appActivity=${MBC-APPLICATION-ACTIVITY}</arg>
<arg>automationName=Uiautomator2</arg>
<doc>Opens a new application to given Appium server.
Capabilities of appium server, Android and iOS,
Please check https://github.com/appium/appium/blob/master/docs/en/writing-running-appium/server-args.md
| *Option*            | *Man.* | *Description*     |
| remote_url          | Yes    | Appium server url |
| alias               | no     | alias             |</doc>
<kw name="Capture Page Screenshot" library="AppiumLibrary">
<doc>Takes a screenshot of the current page and embeds it into the log.</doc>
<msg timestamp="20211005 17:07:50.938" level="FAIL">No application is open</msg>
<status status="FAIL" starttime="20211005 17:07:50.928" endtime="20211005 17:07:50.938"/>
</kw>
<msg timestamp="20211005 17:07:50.945" level="WARN">Keyword 'Capture Page Screenshot' could not be run on failure: No application is open</msg>
<msg timestamp="20211005 17:07:50.952" level="FAIL">WebDriverException: Message: An unknown server-side error occurred while processing the command. Original error: Cannot start the 'com.mbcapp' application. Visit https://github.com/appium/appium/blob/master/docs/en/writing-running-appium/android/activity-startup.md for troubleshooting. Original error: Error executing adbExec. Original error: 'Command '/Users/qa_tester/Library/Android/sdk/platform-tools/adb -P 5037 -s 4200933406a59453 shell am start -W -n com.mbcapp/com.mbcapp.MainActivity -S -a android.intent.action.MAIN -c android.intent.category.LAUNCHER -f 0x10200000' timed out after 20000ms'. Try to increase the 20000ms adb execution timeout represented by 'adbExecTimeout' capability
</msg>
<status status="FAIL" starttime="20211005 17:07:19.419" endtime="20211005 17:07:50.954"/>
</kw>
<status status="FAIL" starttime="20211005 17:07:19.418" endtime="20211005 17:07:50.957"/>
</kw>
<test id="s1-t1" name="Login negative valid email and wrong password test case">
<doc>This is to be able to check a negative test case for a valid email and wrong password fields.</doc>
<tag>invalid_credentials</tag>
<tag>negative</tag>
<status status="FAIL" starttime="20211005 17:07:50.958" endtime="20211005 17:07:50.966">Parent suite setup failed:
WebDriverException: Message: An unknown server-side error occurred while processing the command. Original error: Cannot start the 'com.mbcapp' application. Visit https://github.com/appium/appium/blob/master/docs/en/writing-running-appium/android/activity-startup.md for troubleshooting. Original error: Error executing adbExec. Original error: 'Command '/Users/qa_tester/Library/Android/sdk/platform-tools/adb -P 5037 -s 4200933406a59453 shell am start -W -n com.mbcapp/com.mbcapp.MainActivity -S -a android.intent.action.MAIN -c android.intent.category.LAUNCHER -f 0x10200000' timed out after 20000ms'. Try to increase the 20000ms adb execution timeout represented by 'adbExecTimeout' capability
</status>
</test>
<test id="s1-t2" name="Login negative wrong email and valid password test case">
<doc>This is to be able to check a negative test case for a wrong email and valid password fields.</doc>
<tag>invalid_credentials</tag>
<tag>negative</tag>
<status status="FAIL" starttime="20211005 17:07:50.972" endtime="20211005 17:07:50.978">Parent suite setup failed:
WebDriverException: Message: An unknown server-side error occurred while processing the command. Original error: Cannot start the 'com.mbcapp' application. Visit https://github.com/appium/appium/blob/master/docs/en/writing-running-appium/android/activity-startup.md for troubleshooting. Original error: Error executing adbExec. Original error: 'Command '/Users/qa_tester/Library/Android/sdk/platform-tools/adb -P 5037 -s 4200933406a59453 shell am start -W -n com.mbcapp/com.mbcapp.MainActivity -S -a android.intent.action.MAIN -c android.intent.category.LAUNCHER -f 0x10200000' timed out after 20000ms'. Try to increase the 20000ms adb execution timeout represented by 'adbExecTimeout' capability
</status>
</test>
<kw name="Close Application" library="AppiumLibrary" type="TEARDOWN">
<doc>Closes the current application and also close webdriver session.</doc>
<kw name="Capture Page Screenshot" library="AppiumLibrary">
<doc>Takes a screenshot of the current page and embeds it into the log.</doc>
<msg timestamp="20211005 17:07:51.083" level="FAIL">No application is open</msg>
<status status="FAIL" starttime="20211005 17:07:51.069" endtime="20211005 17:07:51.083"/>
</kw>
<msg timestamp="20211005 17:07:51.092" level="WARN">Keyword 'Capture Page Screenshot' could not be run on failure: No application is open</msg>
<msg timestamp="20211005 17:07:51.112" level="FAIL">No application is open</msg>
<status status="FAIL" starttime="20211005 17:07:51.068" endtime="20211005 17:07:51.112">No application is open</status>
</kw>
<doc>A test case for a user is able to log in and check the validation messages</doc>
<status status="FAIL" starttime="20211005 17:07:17.526" endtime="20211005 17:07:51.115">Suite setup failed:
WebDriverException: Message: An unknown server-side error occurred while processing the command. Original error: Cannot start the 'com.mbcapp' application. Visit https://github.com/appium/appium/blob/master/docs/en/writing-running-appium/android/activity-startup.md for troubleshooting. Original error: Error executing adbExec. Original error: 'Command '/Users/qa_tester/Library/Android/sdk/platform-tools/adb -P 5037 -s 4200933406a59453 shell am start -W -n com.mbcapp/com.mbcapp.MainActivity -S -a android.intent.action.MAIN -c android.intent.category.LAUNCHER -f 0x10200000' timed out after 20000ms'. Try to increase the 20000ms adb execution timeout represented by 'adbExecTimeout' capability


Also suite teardown failed:
No application is open</status>
</suite>
<statistics>
<total>
<stat pass="0" fail="2" skip="0">All Tests</stat>
</total>
<tag>
<stat pass="0" fail="2" skip="0">invalid_credentials</stat>
<stat pass="0" fail="2" skip="0">negative</stat>
</tag>
<suite>
<stat pass="0" fail="2" skip="0" id="s1" name="Login">Login</stat>
</suite>
</statistics>
<errors>
<msg timestamp="20211005 17:07:50.945" level="WARN">Keyword 'Capture Page Screenshot' could not be run on failure: No application is open</msg>
<msg timestamp="20211005 17:07:51.092" level="WARN">Keyword 'Capture Page Screenshot' could not be run on failure: No application is open</msg>
</errors>
</robot>
