<?xml version="1.0" encoding="UTF-8"?>
<robot generator="Robot 4.1.1 (Python 3.9.7 on darwin)" generated="20211206 10:48:20.211" rpa="false" schemaversion="2">
<suite id="s1" name="Login With Gmail" source="/Users/qa_tester/Desktop/MBC-APP/Tests/MBC/Android/login_with_gmail.robot">
<kw name="Open MBC Application" library="resources" type="SETUP">
<kw name="Open Application" library="AppiumLibrary">
<arg>http://localhost:4723/wd/hub</arg>
<arg>platformName=Android</arg>
<arg>appPackage=${MBC-APPLICATION-ID}</arg>
<arg>appActivity=${MBC-APPLICATION-ACTIVITY}</arg>
<arg>udid=${ADB_NAME}</arg>
<arg>automationName=Uiautomator2</arg>
<doc>Opens a new application to given Appium server.
Capabilities of appium server, Android and iOS,
Please check https://github.com/appium/appium/blob/master/docs/en/writing-running-appium/server-args.md
| *Option*            | *Man.* | *Description*     |
| remote_url          | Yes    | Appium server url |
| alias               | no     | alias             |</doc>
<status status="PASS" starttime="20211206 10:48:21.890" endtime="20211206 10:48:34.325"/>
</kw>
<status status="PASS" starttime="20211206 10:48:21.890" endtime="20211206 10:48:34.325"/>
</kw>
<test id="s1-t1" name="Login with Gmail test case">
<kw name="Launch Application" library="AppiumLibrary" type="SETUP">
<doc>Launch application. Application can be launched while Appium session running.
This keyword can be used to launch application during test case or between test cases.</doc>
<status status="PASS" starttime="20211206 10:48:34.329" endtime="20211206 10:48:37.437"/>
</kw>
<kw name="Sleep" library="BuiltIn">
<arg>8</arg>
<doc>Pauses the test executed for the given time.</doc>
<msg timestamp="20211206 10:48:45.438" level="INFO">Slept 8 seconds</msg>
<status status="PASS" starttime="20211206 10:48:37.437" endtime="20211206 10:48:45.438"/>
</kw>
<kw name="Run Keyword And Return Status" library="BuiltIn">
<var>${PASSED}</var>
<arg>Page Should Contain Element</arg>
<arg>//android.widget.TextView[@text='OR REGISTER']</arg>
<doc>Runs the given keyword with given arguments and returns the status as a Boolean value.</doc>
<kw name="Page Should Contain Element" library="AppiumLibrary">
<arg>//android.widget.TextView[@text='OR REGISTER']</arg>
<doc>Verifies that current page contains `locator` element.</doc>
<msg timestamp="20211206 10:48:46.430" level="INFO">Current page contains element '//android.widget.TextView[@text='OR REGISTER']'.</msg>
<status status="PASS" starttime="20211206 10:48:45.439" endtime="20211206 10:48:46.430"/>
</kw>
<msg timestamp="20211206 10:48:46.431" level="INFO">${PASSED} = True</msg>
<status status="PASS" starttime="20211206 10:48:45.439" endtime="20211206 10:48:46.431"/>
</kw>
<kw name="Run Keyword If" library="BuiltIn">
<arg>${PASSED} == True</arg>
<arg>Gmail Sign Up</arg>
<doc>Runs the given keyword with the given arguments, if ``condition`` is true.</doc>
<kw name="Gmail Sign Up" library="resources">
<kw name="Tap The Element" library="resources">
<arg>${LOGIN_WITH_GMAIL_BUTTON}</arg>
<kw name="Wait Until Page Contains Element" library="AppiumLibrary">
<arg>${locator}</arg>
<doc>Waits until element specified with `locator` appears on current page.</doc>
<status status="PASS" starttime="20211206 10:48:46.432" endtime="20211206 10:48:46.679"/>
</kw>
<kw name="Click Element" library="AppiumLibrary">
<arg>${locator}</arg>
<doc>Click element identified by `locator`.</doc>
<msg timestamp="20211206 10:48:46.687" level="INFO">Clicking element 'xpath=/hierarchy/android.widget.FrameLayout/android.widget.LinearLayout/android.widget.FrameLayout/android.widget.LinearLayout/android.widget.FrameLayout/android.widget.FrameLayout/android.view.ViewGroup/android.view.ViewGroup/android.view.ViewGroup/android.view.ViewGroup/android.view.ViewGroup/android.view.ViewGroup/android.view.ViewGroup/android.view.ViewGroup/android.view.ViewGroup[3]/android.view.ViewGroup/android.view.ViewGroup[3]/android.view.ViewGroup/android.view.View'.</msg>
<status status="PASS" starttime="20211206 10:48:46.679" endtime="20211206 10:48:47.036"/>
</kw>
<status status="PASS" starttime="20211206 10:48:46.432" endtime="20211206 10:48:47.036"/>
</kw>
<kw name="Sleep" library="BuiltIn">
<arg>5</arg>
<doc>Pauses the test executed for the given time.</doc>
<msg timestamp="20211206 10:48:52.038" level="INFO">Slept 5 seconds</msg>
<status status="PASS" starttime="20211206 10:48:47.036" endtime="20211206 10:48:52.038"/>
</kw>
<kw name="Run Keyword And Return Status" library="BuiltIn">
<var>${PASSED}</var>
<arg>Page Should Contain Element</arg>
<arg>//android.widget.TextView[@text='Choose an account']</arg>
<doc>Runs the given keyword with given arguments and returns the status as a Boolean value.</doc>
<kw name="Page Should Contain Element" library="AppiumLibrary">
<arg>//android.widget.TextView[@text='Choose an account']</arg>
<doc>Verifies that current page contains `locator` element.</doc>
<msg timestamp="20211206 10:48:52.422" level="INFO">Current page contains element '//android.widget.TextView[@text='Choose an account']'.</msg>
<status status="PASS" starttime="20211206 10:48:52.039" endtime="20211206 10:48:52.422"/>
</kw>
<msg timestamp="20211206 10:48:52.422" level="INFO">${PASSED} = True</msg>
<status status="PASS" starttime="20211206 10:48:52.039" endtime="20211206 10:48:52.422"/>
</kw>
<kw name="Run Keyword If" library="BuiltIn">
<arg>${PASSED} == True</arg>
<arg>Select Gmail Account</arg>
<doc>Runs the given keyword with the given arguments, if ``condition`` is true.</doc>
<kw name="Select Gmail account" library="resources">
<kw name="Sleep" library="BuiltIn">
<arg>5</arg>
<doc>Pauses the test executed for the given time.</doc>
<msg timestamp="20211206 10:48:57.424" level="INFO">Slept 5 seconds</msg>
<status status="PASS" starttime="20211206 10:48:52.423" endtime="20211206 10:48:57.424"/>
</kw>
<kw name="Swipe" library="AppiumLibrary">
<arg>383</arg>
<arg>851</arg>
<arg>375</arg>
<arg>492</arg>
<doc>Swipe from one point to another point, for an optional duration.</doc>
<status status="PASS" starttime="20211206 10:48:57.424" endtime="20211206 10:48:58.721"/>
</kw>
<kw name="Swipe" library="AppiumLibrary">
<arg>383</arg>
<arg>851</arg>
<arg>375</arg>
<arg>492</arg>
<doc>Swipe from one point to another point, for an optional duration.</doc>
<status status="PASS" starttime="20211206 10:48:58.721" endtime="20211206 10:48:59.997"/>
</kw>
<kw name="Tap The Element" library="resources">
<arg>//android.widget.TextView[@text='bliimombc2@gmail.com']</arg>
<kw name="Wait Until Page Contains Element" library="AppiumLibrary">
<arg>${locator}</arg>
<doc>Waits until element specified with `locator` appears on current page.</doc>
<status status="PASS" starttime="20211206 10:48:59.997" endtime="20211206 10:49:00.235"/>
</kw>
<kw name="Click Element" library="AppiumLibrary">
<arg>${locator}</arg>
<doc>Click element identified by `locator`.</doc>
<msg timestamp="20211206 10:49:00.241" level="INFO">Clicking element '//android.widget.TextView[@text='bliimombc2@gmail.com']'.</msg>
<status status="PASS" starttime="20211206 10:49:00.236" endtime="20211206 10:49:00.502"/>
</kw>
<status status="PASS" starttime="20211206 10:48:59.997" endtime="20211206 10:49:00.502"/>
</kw>
<kw name="Run Keyword And Return Status" library="BuiltIn">
<var>${PASSED}</var>
<arg>Wait Until Page Contains Element</arg>
<arg>${SKIP_TUTORIAL}</arg>
<doc>Runs the given keyword with given arguments and returns the status as a Boolean value.</doc>
<kw name="Wait Until Page Contains Element" library="AppiumLibrary">
<arg>${SKIP_TUTORIAL}</arg>
<doc>Waits until element specified with `locator` appears on current page.</doc>
<status status="PASS" starttime="20211206 10:49:00.503" endtime="20211206 10:49:07.522"/>
</kw>
<msg timestamp="20211206 10:49:07.523" level="INFO">${PASSED} = True</msg>
<status status="PASS" starttime="20211206 10:49:00.502" endtime="20211206 10:49:07.523"/>
</kw>
<kw name="Run Keyword If" library="BuiltIn">
<arg>${PASSED} == True</arg>
<arg>Tap The Skip Tutorial</arg>
<arg>${SKIP_TUTORIAL}</arg>
<doc>Runs the given keyword with the given arguments, if ``condition`` is true.</doc>
<kw name="Tap The Skip Tutorial" library="resources">
<arg>${SKIP_TUTORIAL}</arg>
<kw name="Wait Until Page Contains Element" library="AppiumLibrary">
<arg>${SKIP_TUTORIAL}</arg>
<doc>Waits until element specified with `locator` appears on current page.</doc>
<status status="PASS" starttime="20211206 10:49:07.524" endtime="20211206 10:49:07.818"/>
</kw>
<kw name="Tap The Element" library="resources">
<arg>${SKIP_TUTORIAL}</arg>
<kw name="Wait Until Page Contains Element" library="AppiumLibrary">
<arg>${locator}</arg>
<doc>Waits until element specified with `locator` appears on current page.</doc>
<status status="PASS" starttime="20211206 10:49:07.820" endtime="20211206 10:49:08.071"/>
</kw>
<kw name="Click Element" library="AppiumLibrary">
<arg>${locator}</arg>
<doc>Click element identified by `locator`.</doc>
<msg timestamp="20211206 10:49:08.077" level="INFO">Clicking element '//android.widget.TextView[@text='Skip Tutorial']'.</msg>
<status status="PASS" starttime="20211206 10:49:08.071" endtime="20211206 10:49:08.258"/>
</kw>
<status status="PASS" starttime="20211206 10:49:07.819" endtime="20211206 10:49:08.259"/>
</kw>
<status status="PASS" starttime="20211206 10:49:07.524" endtime="20211206 10:49:08.259"/>
</kw>
<status status="PASS" starttime="20211206 10:49:07.523" endtime="20211206 10:49:08.259"/>
</kw>
<kw name="Handle Modals" library="resources">
<arg>${MODAL_LOGGED_IN_ANOTHER_DEVICE}</arg>
<arg>${USE_HERE_BUTTON}</arg>
<kw name="Run Keyword And Return Status" library="BuiltIn">
<var>${PASSED}</var>
<arg>Wait Until Page Contains Element</arg>
<arg>${MODAL_NAME}</arg>
<doc>Runs the given keyword with given arguments and returns the status as a Boolean value.</doc>
<kw name="Wait Until Page Contains Element" library="AppiumLibrary">
<arg>${MODAL_NAME}</arg>
<doc>Waits until element specified with `locator` appears on current page.</doc>
<kw name="Capture Page Screenshot" library="AppiumLibrary">
<doc>Takes a screenshot of the current page and embeds it into the log.</doc>
<msg timestamp="20211206 10:49:15.249" level="INFO" html="true">&lt;/td&gt;&lt;/tr&gt;&lt;tr&gt;&lt;td colspan="3"&gt;&lt;a href="appium-screenshot-1.png"&gt;&lt;img src="appium-screenshot-1.png" width="800px"&gt;&lt;/a&gt;</msg>
<status status="PASS" starttime="20211206 10:49:13.600" endtime="20211206 10:49:15.250"/>
</kw>
<msg timestamp="20211206 10:49:15.251" level="FAIL">Element '//android.widget.TextView[@text='You are currently logged in on another device']' did not appear in 5 seconds</msg>
<status status="FAIL" starttime="20211206 10:49:08.260" endtime="20211206 10:49:15.251"/>
</kw>
<msg timestamp="20211206 10:49:15.251" level="INFO">${PASSED} = False</msg>
<status status="PASS" starttime="20211206 10:49:08.260" endtime="20211206 10:49:15.251"/>
</kw>
<kw name="Run Keyword If" library="BuiltIn">
<arg>${PASSED} == True</arg>
<arg>Tap The Element</arg>
<arg>${BUTTON}</arg>
<doc>Runs the given keyword with the given arguments, if ``condition`` is true.</doc>
<status status="PASS" starttime="20211206 10:49:15.251" endtime="20211206 10:49:15.252"/>
</kw>
<status status="PASS" starttime="20211206 10:49:08.259" endtime="20211206 10:49:15.252"/>
</kw>
<kw name="Capture Page Screenshot" library="AppiumLibrary">
<doc>Takes a screenshot of the current page and embeds it into the log.</doc>
<msg timestamp="20211206 10:49:16.508" level="INFO" html="true">&lt;/td&gt;&lt;/tr&gt;&lt;tr&gt;&lt;td colspan="3"&gt;&lt;a href="appium-screenshot-2.png"&gt;&lt;img src="appium-screenshot-2.png" width="800px"&gt;&lt;/a&gt;</msg>
<status status="PASS" starttime="20211206 10:49:15.252" endtime="20211206 10:49:16.508"/>
</kw>
<status status="PASS" starttime="20211206 10:48:52.423" endtime="20211206 10:49:16.508"/>
</kw>
<status status="PASS" starttime="20211206 10:48:52.422" endtime="20211206 10:49:16.508"/>
</kw>
<kw name="Run Keyword And Return Status" library="BuiltIn">
<var>${PASSED}</var>
<arg>Page Should Contain Element</arg>
<arg>//android.widget.TextView[@text='Choose an account']</arg>
<doc>Runs the given keyword with given arguments and returns the status as a Boolean value.</doc>
<kw name="Page Should Contain Element" library="AppiumLibrary">
<arg>//android.widget.TextView[@text='Choose an account']</arg>
<doc>Verifies that current page contains `locator` element.</doc>
<kw name="Capture Page Screenshot" library="AppiumLibrary">
<doc>Takes a screenshot of the current page and embeds it into the log.</doc>
<msg timestamp="20211206 10:49:17.877" level="INFO" html="true">&lt;/td&gt;&lt;/tr&gt;&lt;tr&gt;&lt;td colspan="3"&gt;&lt;a href="appium-screenshot-3.png"&gt;&lt;img src="appium-screenshot-3.png" width="800px"&gt;&lt;/a&gt;</msg>
<status status="PASS" starttime="20211206 10:49:16.728" endtime="20211206 10:49:17.877"/>
</kw>
<msg timestamp="20211206 10:49:17.878" level="FAIL">Page should have contained element '//android.widget.TextView[@text='Choose an account']' but did not</msg>
<status status="FAIL" starttime="20211206 10:49:16.509" endtime="20211206 10:49:17.878"/>
</kw>
<msg timestamp="20211206 10:49:17.878" level="INFO">${PASSED} = False</msg>
<status status="PASS" starttime="20211206 10:49:16.508" endtime="20211206 10:49:17.878"/>
</kw>
<kw name="Run Keyword If" library="BuiltIn">
<arg>${PASSED} == True</arg>
<arg>Select Gmail Account</arg>
<doc>Runs the given keyword with the given arguments, if ``condition`` is true.</doc>
<status status="PASS" starttime="20211206 10:49:17.878" endtime="20211206 10:49:17.879"/>
</kw>
<kw name="Sleep" library="BuiltIn">
<arg>5</arg>
<doc>Pauses the test executed for the given time.</doc>
<msg timestamp="20211206 10:49:22.880" level="INFO">Slept 5 seconds</msg>
<status status="PASS" starttime="20211206 10:49:17.879" endtime="20211206 10:49:22.880"/>
</kw>
<kw name="Comment" library="BuiltIn">
<arg>Sign Up with Google</arg>
<doc>Displays the given messages in the log file as keyword arguments.</doc>
<status status="PASS" starttime="20211206 10:49:22.880" endtime="20211206 10:49:22.880"/>
</kw>
<status status="PASS" starttime="20211206 10:48:46.431" endtime="20211206 10:49:22.881"/>
</kw>
<status status="PASS" starttime="20211206 10:48:46.431" endtime="20211206 10:49:22.881"/>
</kw>
<kw name="Comment" library="BuiltIn">
<arg>Login Gmail account successfully</arg>
<doc>Displays the given messages in the log file as keyword arguments.</doc>
<status status="PASS" starttime="20211206 10:49:22.881" endtime="20211206 10:49:22.881"/>
</kw>
<kw name="Click The Logout Button" library="resources">
<arg>${LOGOUT_TAB}</arg>
<kw name="Swipe" library="AppiumLibrary">
<arg>5</arg>
<arg>173</arg>
<arg>176</arg>
<arg>178</arg>
<doc>Swipe from one point to another point, for an optional duration.</doc>
<status status="PASS" starttime="20211206 10:49:22.882" endtime="20211206 10:49:24.526"/>
</kw>
<kw name="Swipe" library="AppiumLibrary">
<arg>205</arg>
<arg>1122</arg>
<arg>207</arg>
<arg>553</arg>
<doc>Swipe from one point to another point, for an optional duration.</doc>
<status status="PASS" starttime="20211206 10:49:24.526" endtime="20211206 10:49:25.867"/>
</kw>
<kw name="Sleep" library="BuiltIn">
<arg>5</arg>
<doc>Pauses the test executed for the given time.</doc>
<msg timestamp="20211206 10:49:30.869" level="INFO">Slept 5 seconds</msg>
<status status="PASS" starttime="20211206 10:49:25.867" endtime="20211206 10:49:30.869"/>
</kw>
<kw name="Page Should Contain Element" library="AppiumLibrary">
<arg>${BUTTON}</arg>
<doc>Verifies that current page contains `locator` element.</doc>
<msg timestamp="20211206 10:49:31.247" level="INFO">Current page contains element '//android.widget.TextView[@text='Logout']'.</msg>
<status status="PASS" starttime="20211206 10:49:30.869" endtime="20211206 10:49:31.247"/>
</kw>
<kw name="Click Element" library="AppiumLibrary">
<arg>${BUTTON}</arg>
<doc>Click element identified by `locator`.</doc>
<msg timestamp="20211206 10:49:31.252" level="INFO">Clicking element '//android.widget.TextView[@text='Logout']'.</msg>
<status status="PASS" starttime="20211206 10:49:31.247" endtime="20211206 10:49:31.571"/>
</kw>
<kw name="Sleep" library="BuiltIn">
<arg>3</arg>
<doc>Pauses the test executed for the given time.</doc>
<msg timestamp="20211206 10:49:34.573" level="INFO">Slept 3 seconds</msg>
<status status="PASS" starttime="20211206 10:49:31.572" endtime="20211206 10:49:34.573"/>
</kw>
<kw name="Page Should Contain Element" library="AppiumLibrary">
<arg>//android.widget.TextView[@text='Radyo, Palaro at Papremyo!']</arg>
<doc>Verifies that current page contains `locator` element.</doc>
<msg timestamp="20211206 10:49:34.712" level="INFO">Current page contains element '//android.widget.TextView[@text='Radyo, Palaro at Papremyo!']'.</msg>
<status status="PASS" starttime="20211206 10:49:34.573" endtime="20211206 10:49:34.712"/>
</kw>
<status status="PASS" starttime="20211206 10:49:22.882" endtime="20211206 10:49:34.713"/>
</kw>
<kw name="Quit Application" library="AppiumLibrary" type="TEARDOWN">
<doc>Quit application. Application can be quit while Appium session is kept alive.
This keyword can be used to close application during test case or between test cases.</doc>
<status status="PASS" starttime="20211206 10:49:34.713" endtime="20211206 10:49:34.908"/>
</kw>
<tag>sanity</tag>
<status status="PASS" starttime="20211206 10:48:34.325" endtime="20211206 10:49:34.908"/>
</test>
<kw name="Close Application" library="AppiumLibrary" type="TEARDOWN">
<doc>Closes the current application and also close webdriver session.</doc>
<status status="PASS" starttime="20211206 10:49:34.912" endtime="20211206 10:49:35.215"/>
</kw>
<doc>A test case for user is able to sign up and login with gmail</doc>
<status status="PASS" starttime="20211206 10:48:20.213" endtime="20211206 10:49:35.215"/>
</suite>
<statistics>
<total>
<stat pass="1" fail="0" skip="0">All Tests</stat>
</total>
<tag>
<stat pass="1" fail="0" skip="0">sanity</stat>
</tag>
<suite>
<stat pass="1" fail="0" skip="0" id="s1" name="Login With Gmail">Login With Gmail</stat>
</suite>
</statistics>
<errors>
</errors>
</robot>
