<?xml version="1.0" encoding="UTF-8"?>
<robot generator="Robot 4.1.1 (Python 3.9.7 on darwin)" generated="20211206 09:02:19.507" rpa="false" schemaversion="2">
<suite id="s1" name="Android" source="/Users/qa_tester/Desktop/MBC-APP/Tests/MBC/Android">
<suite id="s1-s1" name="Edit Profile" source="/Users/qa_tester/Desktop/MBC-APP/Tests/MBC/Android/edit_profile.robot">
<kw name="Open MBC Application" library="resources" type="SETUP">
<kw name="Open Application" library="AppiumLibrary">
<arg>http://localhost:4723/wd/hub</arg>
<arg>platformName=Android</arg>
<arg>appPackage=${MBC-APPLICATION-ID}</arg>
<arg>appActivity=${MBC-APPLICATION-ACTIVITY}</arg>
<arg>udid=${ADB_NAME}</arg>
<arg>automationName=Uiautomator2</arg>
<doc>Opens a new application to given Appium server.
Capabilities of appium server, Android and iOS,
Please check https://github.com/appium/appium/blob/master/docs/en/writing-running-appium/server-args.md
| *Option*            | *Man.* | *Description*     |
| remote_url          | Yes    | Appium server url |
| alias               | no     | alias             |</doc>
<status status="PASS" starttime="20211206 09:02:21.655" endtime="20211206 09:02:37.816"/>
</kw>
<status status="PASS" starttime="20211206 09:02:21.654" endtime="20211206 09:02:37.817"/>
</kw>
<test id="s1-s1-t1" name="Edit Profile test case">
<kw name="Launch Application" library="AppiumLibrary" type="SETUP">
<doc>Launch application. Application can be launched while Appium session running.
This keyword can be used to launch application during test case or between test cases.</doc>
<status status="PASS" starttime="20211206 09:02:37.820" endtime="20211206 09:02:42.765"/>
</kw>
<kw name="Go To Login Screen" library="resources">
<arg>${LOGIN_BUTTON}</arg>
<kw name="Sleep" library="BuiltIn">
<arg>5</arg>
<doc>Pauses the test executed for the given time.</doc>
<msg timestamp="20211206 09:02:47.767" level="INFO">Slept 5 seconds</msg>
<status status="PASS" starttime="20211206 09:02:42.766" endtime="20211206 09:02:47.767"/>
</kw>
<kw name="Submit Login Button" library="resources">
<arg>${BUTTON}</arg>
<kw name="Sleep" library="BuiltIn">
<arg>5</arg>
<doc>Pauses the test executed for the given time.</doc>
<msg timestamp="20211206 09:02:52.771" level="INFO">Slept 5 seconds</msg>
<status status="PASS" starttime="20211206 09:02:47.768" endtime="20211206 09:02:52.771"/>
</kw>
<kw name="Page Should Contain Element" library="AppiumLibrary">
<arg>${BUTTON}</arg>
<doc>Verifies that current page contains `locator` element.</doc>
<msg timestamp="20211206 09:02:53.267" level="INFO">Current page contains element '//android.widget.TextView[@text='LOG IN']'.</msg>
<status status="PASS" starttime="20211206 09:02:52.772" endtime="20211206 09:02:53.267"/>
</kw>
<kw name="Tap The Element" library="resources">
<arg>${BUTTON}</arg>
<kw name="Wait Until Page Contains Element" library="AppiumLibrary">
<arg>${locator}</arg>
<doc>Waits until element specified with `locator` appears on current page.</doc>
<status status="PASS" starttime="20211206 09:02:53.268" endtime="20211206 09:02:53.580"/>
</kw>
<kw name="Click Element" library="AppiumLibrary">
<arg>${locator}</arg>
<doc>Click element identified by `locator`.</doc>
<msg timestamp="20211206 09:02:53.586" level="INFO">Clicking element '//android.widget.TextView[@text='LOG IN']'.</msg>
<status status="PASS" starttime="20211206 09:02:53.580" endtime="20211206 09:02:53.925"/>
</kw>
<status status="PASS" starttime="20211206 09:02:53.267" endtime="20211206 09:02:53.925"/>
</kw>
<status status="PASS" starttime="20211206 09:02:47.767" endtime="20211206 09:02:53.925"/>
</kw>
<status status="PASS" starttime="20211206 09:02:42.765" endtime="20211206 09:02:53.925"/>
</kw>
<kw name="Sign with User" library="resources">
<arg>${USER_DETAILS}[email]</arg>
<arg>${LOGIN_EMAIL_FIELD}</arg>
<arg>${USER_DETAILS}[password]</arg>
<arg>${LOGIN_PASSWORD_FIELD}</arg>
<kw name="Input User Email" library="resources">
<arg>${EMAIL}</arg>
<arg>${EMAIL_FIELD}</arg>
<kw name="Run Keyword Until Success" library="resources">
<arg>Wait Until Page Contains Element</arg>
<arg>${FIELD}</arg>
<kw name="Wait Until Keyword Succeeds" library="BuiltIn">
<arg>5s</arg>
<arg>1s</arg>
<arg>${KW}</arg>
<arg>@{KWARGS}</arg>
<doc>Runs the specified keyword and retries if it fails.</doc>
<kw name="Wait Until Page Contains Element" library="AppiumLibrary">
<arg>@{KWARGS}</arg>
<doc>Waits until element specified with `locator` appears on current page.</doc>
<status status="PASS" starttime="20211206 09:02:53.928" endtime="20211206 09:02:54.987"/>
</kw>
<status status="PASS" starttime="20211206 09:02:53.928" endtime="20211206 09:02:54.987"/>
</kw>
<status status="PASS" starttime="20211206 09:02:53.927" endtime="20211206 09:02:54.987"/>
</kw>
<kw name="Run Keyword Until Success" library="resources">
<arg>Input Text</arg>
<arg>${FIELD}</arg>
<arg>${EMAIL}</arg>
<kw name="Wait Until Keyword Succeeds" library="BuiltIn">
<arg>5s</arg>
<arg>1s</arg>
<arg>${KW}</arg>
<arg>@{KWARGS}</arg>
<doc>Runs the specified keyword and retries if it fails.</doc>
<kw name="Input Text" library="AppiumLibrary">
<arg>@{KWARGS}</arg>
<doc>Types the given `text` into text field identified by `locator`.</doc>
<msg timestamp="20211206 09:02:54.995" level="INFO">Typing text 'bliimocheck@mailinator.com' into text field '//android.widget.EditText[@text='Email']'</msg>
<status status="PASS" starttime="20211206 09:02:54.988" endtime="20211206 09:02:56.086"/>
</kw>
<status status="PASS" starttime="20211206 09:02:54.988" endtime="20211206 09:02:56.086"/>
</kw>
<status status="PASS" starttime="20211206 09:02:54.987" endtime="20211206 09:02:56.087"/>
</kw>
<status status="PASS" starttime="20211206 09:02:53.926" endtime="20211206 09:02:56.087"/>
</kw>
<kw name="Input User Password" library="resources">
<arg>${USERPASSWORD}</arg>
<arg>${PASSWORD_FIELD}</arg>
<kw name="Run Keyword Until Success" library="resources">
<arg>Wait Until Page Contains Element</arg>
<arg>${FIELD}</arg>
<kw name="Wait Until Keyword Succeeds" library="BuiltIn">
<arg>5s</arg>
<arg>1s</arg>
<arg>${KW}</arg>
<arg>@{KWARGS}</arg>
<doc>Runs the specified keyword and retries if it fails.</doc>
<kw name="Wait Until Page Contains Element" library="AppiumLibrary">
<arg>@{KWARGS}</arg>
<doc>Waits until element specified with `locator` appears on current page.</doc>
<status status="PASS" starttime="20211206 09:02:56.089" endtime="20211206 09:02:56.814"/>
</kw>
<status status="PASS" starttime="20211206 09:02:56.088" endtime="20211206 09:02:56.814"/>
</kw>
<status status="PASS" starttime="20211206 09:02:56.088" endtime="20211206 09:02:56.814"/>
</kw>
<kw name="Run Keyword Until Success" library="resources">
<arg>Input Password</arg>
<arg>${FIELD}</arg>
<arg>${PASSWORD}</arg>
<kw name="Wait Until Keyword Succeeds" library="BuiltIn">
<arg>5s</arg>
<arg>1s</arg>
<arg>${KW}</arg>
<arg>@{KWARGS}</arg>
<doc>Runs the specified keyword and retries if it fails.</doc>
<kw name="Input Password" library="AppiumLibrary">
<arg>@{KWARGS}</arg>
<doc>Types the given password into text field identified by `locator`.</doc>
<msg timestamp="20211206 09:02:56.821" level="INFO">Typing password into text field '//android.widget.EditText[@text='Password']'</msg>
<status status="PASS" starttime="20211206 09:02:56.816" endtime="20211206 09:02:58.020"/>
</kw>
<status status="PASS" starttime="20211206 09:02:56.815" endtime="20211206 09:02:58.020"/>
</kw>
<status status="PASS" starttime="20211206 09:02:56.814" endtime="20211206 09:02:58.020"/>
</kw>
<status status="PASS" starttime="20211206 09:02:56.087" endtime="20211206 09:02:58.021"/>
</kw>
<status status="PASS" starttime="20211206 09:02:53.925" endtime="20211206 09:02:58.021"/>
</kw>
<kw name="Submit Login Button" library="resources">
<arg>${LOGIN_BUTTON}</arg>
<kw name="Sleep" library="BuiltIn">
<arg>5</arg>
<doc>Pauses the test executed for the given time.</doc>
<msg timestamp="20211206 09:03:03.024" level="INFO">Slept 5 seconds</msg>
<status status="PASS" starttime="20211206 09:02:58.023" endtime="20211206 09:03:03.025"/>
</kw>
<kw name="Page Should Contain Element" library="AppiumLibrary">
<arg>${BUTTON}</arg>
<doc>Verifies that current page contains `locator` element.</doc>
<msg timestamp="20211206 09:03:03.258" level="INFO">Current page contains element '//android.widget.TextView[@text='LOG IN']'.</msg>
<status status="PASS" starttime="20211206 09:03:03.025" endtime="20211206 09:03:03.258"/>
</kw>
<kw name="Tap The Element" library="resources">
<arg>${BUTTON}</arg>
<kw name="Wait Until Page Contains Element" library="AppiumLibrary">
<arg>${locator}</arg>
<doc>Waits until element specified with `locator` appears on current page.</doc>
<status status="PASS" starttime="20211206 09:03:03.259" endtime="20211206 09:03:03.482"/>
</kw>
<kw name="Click Element" library="AppiumLibrary">
<arg>${locator}</arg>
<doc>Click element identified by `locator`.</doc>
<msg timestamp="20211206 09:03:03.488" level="INFO">Clicking element '//android.widget.TextView[@text='LOG IN']'.</msg>
<status status="PASS" starttime="20211206 09:03:03.482" endtime="20211206 09:03:03.847"/>
</kw>
<status status="PASS" starttime="20211206 09:03:03.258" endtime="20211206 09:03:03.847"/>
</kw>
<status status="PASS" starttime="20211206 09:02:58.022" endtime="20211206 09:03:03.847"/>
</kw>
<kw name="Handle Modals" library="resources">
<arg>${MODAL_LOGGED_IN_ANOTHER_DEVICE}</arg>
<arg>${USE_HERE_BUTTON}</arg>
<kw name="Run Keyword And Return Status" library="BuiltIn">
<var>${PASSED}</var>
<arg>Wait Until Page Contains Element</arg>
<arg>${MODAL_NAME}</arg>
<doc>Runs the given keyword with given arguments and returns the status as a Boolean value.</doc>
<kw name="Wait Until Page Contains Element" library="AppiumLibrary">
<arg>${MODAL_NAME}</arg>
<doc>Waits until element specified with `locator` appears on current page.</doc>
<kw name="Capture Page Screenshot" library="AppiumLibrary">
<doc>Takes a screenshot of the current page and embeds it into the log.</doc>
<msg timestamp="20211206 09:03:13.239" level="INFO" html="true">&lt;/td&gt;&lt;/tr&gt;&lt;tr&gt;&lt;td colspan="3"&gt;&lt;a href="appium-screenshot-1.png"&gt;&lt;img src="appium-screenshot-1.png" width="800px"&gt;&lt;/a&gt;</msg>
<status status="PASS" starttime="20211206 09:03:11.202" endtime="20211206 09:03:13.239"/>
</kw>
<msg timestamp="20211206 09:03:13.241" level="FAIL">Element '//android.widget.TextView[@text='You are currently logged in on another device']' did not appear in 5 seconds</msg>
<status status="FAIL" starttime="20211206 09:03:03.849" endtime="20211206 09:03:13.241"/>
</kw>
<msg timestamp="20211206 09:03:13.241" level="INFO">${PASSED} = False</msg>
<status status="PASS" starttime="20211206 09:03:03.849" endtime="20211206 09:03:13.241"/>
</kw>
<kw name="Run Keyword If" library="BuiltIn">
<arg>${PASSED} == True</arg>
<arg>Tap The Element</arg>
<arg>${BUTTON}</arg>
<doc>Runs the given keyword with the given arguments, if ``condition`` is true.</doc>
<status status="PASS" starttime="20211206 09:03:13.241" endtime="20211206 09:03:13.242"/>
</kw>
<status status="PASS" starttime="20211206 09:03:03.848" endtime="20211206 09:03:13.242"/>
</kw>
<kw name="Run Keyword And Return Status" library="BuiltIn">
<var>${PASSED}</var>
<arg>Wait Until Page Contains Element</arg>
<arg>${VERIFICATION_MODAL}</arg>
<doc>Runs the given keyword with given arguments and returns the status as a Boolean value.</doc>
<kw name="Wait Until Page Contains Element" library="AppiumLibrary">
<arg>${VERIFICATION_MODAL}</arg>
<doc>Waits until element specified with `locator` appears on current page.</doc>
<kw name="Capture Page Screenshot" library="AppiumLibrary">
<doc>Takes a screenshot of the current page and embeds it into the log.</doc>
<msg timestamp="20211206 09:03:20.592" level="INFO" html="true">&lt;/td&gt;&lt;/tr&gt;&lt;tr&gt;&lt;td colspan="3"&gt;&lt;a href="appium-screenshot-2.png"&gt;&lt;img src="appium-screenshot-2.png" width="800px"&gt;&lt;/a&gt;</msg>
<status status="PASS" starttime="20211206 09:03:18.499" endtime="20211206 09:03:20.593"/>
</kw>
<msg timestamp="20211206 09:03:20.593" level="FAIL">Element '//android.widget.TextView[@text='VERIFICATION!']' did not appear in 5 seconds</msg>
<status status="FAIL" starttime="20211206 09:03:13.242" endtime="20211206 09:03:20.593"/>
</kw>
<msg timestamp="20211206 09:03:20.594" level="INFO">${PASSED} = False</msg>
<status status="PASS" starttime="20211206 09:03:13.242" endtime="20211206 09:03:20.594"/>
</kw>
<kw name="Run Keyword If" library="BuiltIn">
<arg>'${PASSED}' == 'True'</arg>
<arg>Handle Verification</arg>
<doc>Runs the given keyword with the given arguments, if ``condition`` is true.</doc>
<status status="PASS" starttime="20211206 09:03:20.594" endtime="20211206 09:03:20.594"/>
</kw>
<kw name="Wait Until Page Contains Element" library="AppiumLibrary">
<arg>${SKIP_TUTORIAL}</arg>
<doc>Waits until element specified with `locator` appears on current page.</doc>
<status status="PASS" starttime="20211206 09:03:20.595" endtime="20211206 09:03:20.781"/>
</kw>
<kw name="Tap The Element" library="resources">
<arg>${SKIP_TUTORIAL}</arg>
<kw name="Wait Until Page Contains Element" library="AppiumLibrary">
<arg>${locator}</arg>
<doc>Waits until element specified with `locator` appears on current page.</doc>
<status status="PASS" starttime="20211206 09:03:20.782" endtime="20211206 09:03:20.932"/>
</kw>
<kw name="Click Element" library="AppiumLibrary">
<arg>${locator}</arg>
<doc>Click element identified by `locator`.</doc>
<msg timestamp="20211206 09:03:20.938" level="INFO">Clicking element '//android.widget.TextView[@text='Skip Tutorial']'.</msg>
<status status="PASS" starttime="20211206 09:03:20.932" endtime="20211206 09:03:21.558"/>
</kw>
<status status="PASS" starttime="20211206 09:03:20.782" endtime="20211206 09:03:21.558"/>
</kw>
<kw name="Sleep" library="BuiltIn">
<arg>5</arg>
<doc>Pauses the test executed for the given time.</doc>
<msg timestamp="20211206 09:03:26.561" level="INFO">Slept 5 seconds</msg>
<status status="PASS" starttime="20211206 09:03:21.559" endtime="20211206 09:03:26.562"/>
</kw>
<kw name="Swipe" library="AppiumLibrary">
<arg>5</arg>
<arg>173</arg>
<arg>176</arg>
<arg>178</arg>
<doc>Swipe from one point to another point, for an optional duration.</doc>
<status status="PASS" starttime="20211206 09:03:26.562" endtime="20211206 09:03:27.879"/>
</kw>
<kw name="Tap The Element" library="resources">
<arg>//android.widget.TextView[@text='Edit Profile']</arg>
<kw name="Wait Until Page Contains Element" library="AppiumLibrary">
<arg>${locator}</arg>
<doc>Waits until element specified with `locator` appears on current page.</doc>
<status status="PASS" starttime="20211206 09:03:27.880" endtime="20211206 09:03:28.764"/>
</kw>
<kw name="Click Element" library="AppiumLibrary">
<arg>${locator}</arg>
<doc>Click element identified by `locator`.</doc>
<msg timestamp="20211206 09:03:28.770" level="INFO">Clicking element '//android.widget.TextView[@text='Edit Profile']'.</msg>
<status status="PASS" starttime="20211206 09:03:28.764" endtime="20211206 09:03:29.074"/>
</kw>
<status status="PASS" starttime="20211206 09:03:27.879" endtime="20211206 09:03:29.074"/>
</kw>
<kw name="Sleep" library="BuiltIn">
<arg>5</arg>
<doc>Pauses the test executed for the given time.</doc>
<msg timestamp="20211206 09:03:34.076" level="INFO">Slept 5 seconds</msg>
<status status="PASS" starttime="20211206 09:03:29.075" endtime="20211206 09:03:34.076"/>
</kw>
<kw name="Log To Console" library="BuiltIn">
<arg>'Edit Profile'</arg>
<doc>Logs the given message to the console.</doc>
<status status="PASS" starttime="20211206 09:03:34.076" endtime="20211206 09:03:34.077"/>
</kw>
<kw name="Edit TextField" library="resources">
<arg>//android.widget.EditText[@index=2]</arg>
<arg>Test</arg>
<kw name="Wait Until Page Contains Element" library="AppiumLibrary">
<arg>${FIELD}</arg>
<doc>Waits until element specified with `locator` appears on current page.</doc>
<status status="PASS" starttime="20211206 09:03:34.078" endtime="20211206 09:03:34.399"/>
</kw>
<kw name="Clear Text" library="AppiumLibrary">
<arg>${FIELD}</arg>
<doc>Clears the text field identified by `locator`.</doc>
<msg timestamp="20211206 09:03:34.406" level="INFO">Clear text field '//android.widget.EditText[@index=2]'</msg>
<status status="PASS" starttime="20211206 09:03:34.400" endtime="20211206 09:03:34.716"/>
</kw>
<kw name="Input Text" library="AppiumLibrary">
<arg>${FIELD}</arg>
<arg>${NAME}</arg>
<doc>Types the given `text` into text field identified by `locator`.</doc>
<msg timestamp="20211206 09:03:34.723" level="INFO">Typing text 'Test' into text field '//android.widget.EditText[@index=2]'</msg>
<status status="PASS" starttime="20211206 09:03:34.716" endtime="20211206 09:03:35.753"/>
</kw>
<status status="PASS" starttime="20211206 09:03:34.077" endtime="20211206 09:03:35.753"/>
</kw>
<kw name="Edit TextField" library="resources">
<arg>//android.widget.EditText[@index=3]</arg>
<arg>check</arg>
<kw name="Wait Until Page Contains Element" library="AppiumLibrary">
<arg>${FIELD}</arg>
<doc>Waits until element specified with `locator` appears on current page.</doc>
<status status="PASS" starttime="20211206 09:03:35.754" endtime="20211206 09:03:36.642"/>
</kw>
<kw name="Clear Text" library="AppiumLibrary">
<arg>${FIELD}</arg>
<doc>Clears the text field identified by `locator`.</doc>
<msg timestamp="20211206 09:03:36.648" level="INFO">Clear text field '//android.widget.EditText[@index=3]'</msg>
<status status="PASS" starttime="20211206 09:03:36.642" endtime="20211206 09:03:36.960"/>
</kw>
<kw name="Input Text" library="AppiumLibrary">
<arg>${FIELD}</arg>
<arg>${NAME}</arg>
<doc>Types the given `text` into text field identified by `locator`.</doc>
<msg timestamp="20211206 09:03:36.966" level="INFO">Typing text 'check' into text field '//android.widget.EditText[@index=3]'</msg>
<status status="PASS" starttime="20211206 09:03:36.960" endtime="20211206 09:03:37.891"/>
</kw>
<status status="PASS" starttime="20211206 09:03:35.754" endtime="20211206 09:03:37.892"/>
</kw>
<kw name="Swipe" library="AppiumLibrary">
<arg>335</arg>
<arg>1174</arg>
<arg>356</arg>
<arg>670</arg>
<doc>Swipe from one point to another point, for an optional duration.</doc>
<status status="PASS" starttime="20211206 09:03:37.892" endtime="20211206 09:03:39.247"/>
</kw>
<kw name="Tap The Element" library="resources">
<arg>//android.widget.TextView[@text='SUBMIT']</arg>
<kw name="Wait Until Page Contains Element" library="AppiumLibrary">
<arg>${locator}</arg>
<doc>Waits until element specified with `locator` appears on current page.</doc>
<status status="PASS" starttime="20211206 09:03:39.248" endtime="20211206 09:03:39.519"/>
</kw>
<kw name="Click Element" library="AppiumLibrary">
<arg>${locator}</arg>
<doc>Click element identified by `locator`.</doc>
<msg timestamp="20211206 09:03:39.525" level="INFO">Clicking element '//android.widget.TextView[@text='SUBMIT']'.</msg>
<status status="PASS" starttime="20211206 09:03:39.519" endtime="20211206 09:03:40.051"/>
</kw>
<status status="PASS" starttime="20211206 09:03:39.248" endtime="20211206 09:03:40.051"/>
</kw>
<kw name="Quit Application" library="AppiumLibrary" type="TEARDOWN">
<doc>Quit application. Application can be quit while Appium session is kept alive.
This keyword can be used to close application during test case or between test cases.</doc>
<status status="PASS" starttime="20211206 09:03:40.052" endtime="20211206 09:03:40.299"/>
</kw>
<tag>positive</tag>
<tag>sanity</tag>
<status status="PASS" starttime="20211206 09:02:37.817" endtime="20211206 09:03:40.299"/>
</test>
<kw name="Close Application" library="AppiumLibrary" type="TEARDOWN">
<doc>Closes the current application and also close webdriver session.</doc>
<status status="PASS" starttime="20211206 09:03:40.303" endtime="20211206 09:03:40.572"/>
</kw>
<doc>A test case for a user is able to edit user profile</doc>
<status status="PASS" starttime="20211206 09:02:19.549" endtime="20211206 09:03:40.572"/>
</suite>
<suite id="s1-s2" name="Forgot Password" source="/Users/qa_tester/Desktop/MBC-APP/Tests/MBC/Android/forgot_password.robot">
<kw name="Open MBC Application" library="resources" type="SETUP">
<kw name="Open Application" library="AppiumLibrary">
<arg>http://localhost:4723/wd/hub</arg>
<arg>platformName=Android</arg>
<arg>appPackage=${MBC-APPLICATION-ID}</arg>
<arg>appActivity=${MBC-APPLICATION-ACTIVITY}</arg>
<arg>udid=${ADB_NAME}</arg>
<arg>automationName=Uiautomator2</arg>
<doc>Opens a new application to given Appium server.
Capabilities of appium server, Android and iOS,
Please check https://github.com/appium/appium/blob/master/docs/en/writing-running-appium/server-args.md
| *Option*            | *Man.* | *Description*     |
| remote_url          | Yes    | Appium server url |
| alias               | no     | alias             |</doc>
<status status="PASS" starttime="20211206 09:03:40.589" endtime="20211206 09:03:54.345"/>
</kw>
<status status="PASS" starttime="20211206 09:03:40.588" endtime="20211206 09:03:54.346"/>
</kw>
<test id="s1-s2-t1" name="Forgot password test case">
<kw name="Launch Application" library="AppiumLibrary" type="SETUP">
<doc>Launch application. Application can be launched while Appium session running.
This keyword can be used to launch application during test case or between test cases.</doc>
<status status="PASS" starttime="20211206 09:03:54.349" endtime="20211206 09:03:59.199"/>
</kw>
<kw name="Go To Login Screen" library="resources">
<arg>${LOGIN_BUTTON}</arg>
<kw name="Sleep" library="BuiltIn">
<arg>5</arg>
<doc>Pauses the test executed for the given time.</doc>
<msg timestamp="20211206 09:04:04.201" level="INFO">Slept 5 seconds</msg>
<status status="PASS" starttime="20211206 09:03:59.201" endtime="20211206 09:04:04.202"/>
</kw>
<kw name="Submit Login Button" library="resources">
<arg>${BUTTON}</arg>
<kw name="Sleep" library="BuiltIn">
<arg>5</arg>
<doc>Pauses the test executed for the given time.</doc>
<msg timestamp="20211206 09:04:09.206" level="INFO">Slept 5 seconds</msg>
<status status="PASS" starttime="20211206 09:04:04.203" endtime="20211206 09:04:09.206"/>
</kw>
<kw name="Page Should Contain Element" library="AppiumLibrary">
<arg>${BUTTON}</arg>
<doc>Verifies that current page contains `locator` element.</doc>
<msg timestamp="20211206 09:04:09.701" level="INFO">Current page contains element '//android.widget.TextView[@text='LOG IN']'.</msg>
<status status="PASS" starttime="20211206 09:04:09.206" endtime="20211206 09:04:09.701"/>
</kw>
<kw name="Tap The Element" library="resources">
<arg>${BUTTON}</arg>
<kw name="Wait Until Page Contains Element" library="AppiumLibrary">
<arg>${locator}</arg>
<doc>Waits until element specified with `locator` appears on current page.</doc>
<status status="PASS" starttime="20211206 09:04:09.702" endtime="20211206 09:04:09.970"/>
</kw>
<kw name="Click Element" library="AppiumLibrary">
<arg>${locator}</arg>
<doc>Click element identified by `locator`.</doc>
<msg timestamp="20211206 09:04:09.977" level="INFO">Clicking element '//android.widget.TextView[@text='LOG IN']'.</msg>
<status status="PASS" starttime="20211206 09:04:09.971" endtime="20211206 09:04:10.287"/>
</kw>
<status status="PASS" starttime="20211206 09:04:09.701" endtime="20211206 09:04:10.288"/>
</kw>
<status status="PASS" starttime="20211206 09:04:04.202" endtime="20211206 09:04:10.288"/>
</kw>
<status status="PASS" starttime="20211206 09:03:59.200" endtime="20211206 09:04:10.288"/>
</kw>
<kw name="Forgot Password" library="resources">
<kw name="Tap The Element" library="resources">
<arg>${FORGOT PASSWORD TEXT}</arg>
<kw name="Wait Until Page Contains Element" library="AppiumLibrary">
<arg>${locator}</arg>
<doc>Waits until element specified with `locator` appears on current page.</doc>
<status status="PASS" starttime="20211206 09:04:10.289" endtime="20211206 09:04:11.310"/>
</kw>
<kw name="Click Element" library="AppiumLibrary">
<arg>${locator}</arg>
<doc>Click element identified by `locator`.</doc>
<msg timestamp="20211206 09:04:11.317" level="INFO">Clicking element '//android.widget.TextView[@text='Forgot your password?']'.</msg>
<status status="PASS" starttime="20211206 09:04:11.311" endtime="20211206 09:04:12.208"/>
</kw>
<status status="PASS" starttime="20211206 09:04:10.289" endtime="20211206 09:04:12.208"/>
</kw>
<kw name="Wait Until Page Contains Element" library="AppiumLibrary">
<arg>${FORGOT PASSWORD FIELD}</arg>
<doc>Waits until element specified with `locator` appears on current page.</doc>
<status status="PASS" starttime="20211206 09:04:12.208" endtime="20211206 09:04:13.653"/>
</kw>
<kw name="Input Text" library="AppiumLibrary">
<arg>${FORGOT PASSWORD FIELD}</arg>
<arg>${USER_DETAILS}[email]</arg>
<doc>Types the given `text` into text field identified by `locator`.</doc>
<msg timestamp="20211206 09:04:13.660" level="INFO">Typing text 'bliimocheck@mailinator.com' into text field '//android.widget.EditText[@text='Please enter your email']'</msg>
<status status="PASS" starttime="20211206 09:04:13.654" endtime="20211206 09:04:15.088"/>
</kw>
<kw name="Run Keyword Until Success" library="resources">
<arg>Click Element</arg>
<arg>//android.widget.TextView[@text='CONFIRM']</arg>
<kw name="Wait Until Keyword Succeeds" library="BuiltIn">
<arg>5s</arg>
<arg>1s</arg>
<arg>${KW}</arg>
<arg>@{KWARGS}</arg>
<doc>Runs the specified keyword and retries if it fails.</doc>
<kw name="Click Element" library="AppiumLibrary">
<arg>@{KWARGS}</arg>
<doc>Click element identified by `locator`.</doc>
<msg timestamp="20211206 09:04:15.096" level="INFO">Clicking element '//android.widget.TextView[@text='CONFIRM']'.</msg>
<status status="PASS" starttime="20211206 09:04:15.090" endtime="20211206 09:04:16.248"/>
</kw>
<status status="PASS" starttime="20211206 09:04:15.089" endtime="20211206 09:04:16.248"/>
</kw>
<status status="PASS" starttime="20211206 09:04:15.088" endtime="20211206 09:04:16.249"/>
</kw>
<kw name="Sleep" library="BuiltIn">
<arg>5</arg>
<doc>Pauses the test executed for the given time.</doc>
<msg timestamp="20211206 09:04:21.251" level="INFO">Slept 5 seconds</msg>
<status status="PASS" starttime="20211206 09:04:16.249" endtime="20211206 09:04:21.251"/>
</kw>
<kw name="Wait Until Page Contains Element" library="AppiumLibrary">
<arg>//android.widget.TextView[@text='SUCCESS']</arg>
<doc>Waits until element specified with `locator` appears on current page.</doc>
<msg timestamp="20211206 09:04:26.678" level="INFO">&lt;?xml version='1.0' encoding='UTF-8' standalone='yes' ?&gt;
&lt;hierarchy index="0" class="hierarchy" rotation="0" width="720" height="1280"&gt;
  &lt;android.widget.FrameLayout index="0" package="com.mbcapp" class="android.widget.FrameLayout" text="" checkable="false" checked="false" clickable="false" enabled="true" focusable="false" focused="false" long-clickable="false" password="false" scrollable="false" selected="false" bounds="[0,0][720,1280]" displayed="true"&gt;
    &lt;android.widget.LinearLayout index="0" package="com.mbcapp" class="android.widget.LinearLayout" text="" checkable="false" checked="false" clickable="false" enabled="true" focusable="false" focused="false" long-clickable="false" password="false" scrollable="false" selected="false" bounds="[0,0][720,1280]" displayed="true"&gt;
      &lt;android.widget.FrameLayout index="0" package="com.mbcapp" class="android.widget.FrameLayout" text="" resource-id="android:id/content" checkable="false" checked="false" clickable="false" enabled="true" focusable="false" focused="false" long-clickable="false" password="false" scrollable="false" selected="false" bounds="[0,48][720,1280]" displayed="true"&gt;
        &lt;android.widget.FrameLayout index="0" package="com.mbcapp" class="android.widget.FrameLayout" text="" checkable="false" checked="false" clickable="false" enabled="true" focusable="false" focused="false" long-clickable="false" password="false" scrollable="false" selected="false" bounds="[0,48][720,1280]" displayed="true"&gt;
          &lt;android.view.ViewGroup index="0" package="com.mbcapp" class="android.view.ViewGroup" text="" checkable="false" checked="false" clickable="false" enabled="true" focusable="false" focused="false" long-clickable="false" password="false" scrollable="false" selected="false" bounds="[0,48][720,1280]" displayed="true"&gt;
            &lt;android.view.ViewGroup index="0" package="com.mbcapp" class="android.view.ViewGroup" text="" checkable="false" checked="false" clickable="false" enabled="true" focusable="false" focused="false" long-clickable="false" password="false" scrollable="false" selected="false" bounds="[0,48][720,1280]" displayed="true"&gt;
              &lt;android.view.ViewGroup index="0" package="com.mbcapp" class="android.view.ViewGroup" text="" checkable="false" checked="false" clickable="true" enabled="true" focusable="true" focused="false" long-clickable="false" password="false" scrollable="false" selected="false" bounds="[0,48][720,1280]" displayed="true"&gt;
                &lt;android.view.ViewGroup index="0" package="com.mbcapp" class="android.view.ViewGroup" text="" checkable="false" checked="false" clickable="false" enabled="true" focusable="true" focused="false" long-clickable="false" password="false" scrollable="false" selected="false" bounds="[60,480][660,849]" displayed="true"&gt;
                  &lt;android.widget.TextView index="0" package="com.mbcapp" class="android.widget.TextView" text="ERROR" checkable="false" checked="false" clickable="false" enabled="true" focusable="false" focused="false" long-clickable="false" password="false" scrollable="false" selected="false" bounds="[305,520][415,573]" displayed="true" /&gt;
                  &lt;android.widget.TextView index="1" package="com.mbcapp" class="android.widget.TextView" text="" checkable="false" checked="false" clickable="false" enabled="true" focusable="false" focused="false" long-clickable="false" password="false" scrollable="false" selected="false" bounds="[135,603][585,639]" displayed="true" /&gt;
                  &lt;android.view.ViewGroup index="2" package="com.mbcapp" class="android.view.ViewGroup" text="" checkable="false" checked="false" clickable="true" enabled="true" focusable="true" focused="false" long-clickable="false" password="false" scrollable="false" selected="false" bounds="[196,699][524,789]" displayed="true"&gt;
                    &lt;android.view.ViewGroup index="0" package="com.mbcapp" class="android.view.ViewGroup" text="" checkable="false" checked="false" clickable="false" enabled="true" focusable="false" focused="false" long-clickable="false" password="false" scrollable="false" selected="false" bounds="[196,699][524,789]" displayed="true"&gt;
                      &lt;android.view.View index="0" package="com.mbcapp" class="android.view.View" text="" checkable="false" checked="false" clickable="false" enabled="true" focusable="false" focused="false" long-clickable="false" password="false" scrollable="false" selected="false" bounds="[196,699][524,789]" displayed="true" /&gt;
                      &lt;android.widget.TextView index="1" package="com.mbcapp" class="android.widget.TextView" text="OK" checkable="false" checked="false" clickable="false" enabled="true" focusable="false" focused="false" long-clickable="false" password="false" scrollable="false" selected="false" bounds="[344,725][376,764]" displayed="true" /&gt;
                    &lt;/android.view.ViewGroup&gt;
                  &lt;/android.view.ViewGroup&gt;
                &lt;/android.view.ViewGroup&gt;
              &lt;/android.view.ViewGroup&gt;
            &lt;/android.view.ViewGroup&gt;
          &lt;/android.view.ViewGroup&gt;
        &lt;/android.widget.FrameLayout&gt;
      &lt;/android.widget.FrameLayout&gt;
    &lt;/android.widget.LinearLayout&gt;
  &lt;/android.widget.FrameLayout&gt;
&lt;/hierarchy&gt;</msg>
<kw name="Capture Page Screenshot" library="AppiumLibrary">
<doc>Takes a screenshot of the current page and embeds it into the log.</doc>
<msg timestamp="20211206 09:04:27.863" level="INFO" html="true">&lt;/td&gt;&lt;/tr&gt;&lt;tr&gt;&lt;td colspan="3"&gt;&lt;a href="appium-screenshot-3.png"&gt;&lt;img src="appium-screenshot-3.png" width="800px"&gt;&lt;/a&gt;</msg>
<status status="PASS" starttime="20211206 09:04:26.678" endtime="20211206 09:04:27.863"/>
</kw>
<msg timestamp="20211206 09:04:27.864" level="FAIL">Element '//android.widget.TextView[@text='SUCCESS']' did not appear in 5 seconds</msg>
<status status="FAIL" starttime="20211206 09:04:21.251" endtime="20211206 09:04:27.864"/>
</kw>
<kw name="Run Keyword Until Success" library="resources">
<arg>Click Element</arg>
<arg>//android.widget.TextView[@text='OK']</arg>
<status status="NOT RUN" starttime="20211206 09:04:27.864" endtime="20211206 09:04:27.865"/>
</kw>
<status status="FAIL" starttime="20211206 09:04:10.288" endtime="20211206 09:04:27.865"/>
</kw>
<kw name="Sleep" library="BuiltIn">
<arg>5</arg>
<doc>Pauses the test executed for the given time.</doc>
<status status="NOT RUN" starttime="20211206 09:04:27.866" endtime="20211206 09:04:27.866"/>
</kw>
<kw name="Log To Console" library="BuiltIn">
<arg>'Successfully :)'</arg>
<doc>Logs the given message to the console.</doc>
<status status="NOT RUN" starttime="20211206 09:04:27.866" endtime="20211206 09:04:27.866"/>
</kw>
<kw name="Quit Application" library="AppiumLibrary" type="TEARDOWN">
<doc>Quit application. Application can be quit while Appium session is kept alive.
This keyword can be used to close application during test case or between test cases.</doc>
<status status="PASS" starttime="20211206 09:04:27.866" endtime="20211206 09:04:28.084"/>
</kw>
<tag>sanity</tag>
<status status="FAIL" starttime="20211206 09:03:54.346" endtime="20211206 09:04:28.084">Element '//android.widget.TextView[@text='SUCCESS']' did not appear in 5 seconds</status>
</test>
<kw name="Close Application" library="AppiumLibrary" type="TEARDOWN">
<doc>Closes the current application and also close webdriver session.</doc>
<status status="PASS" starttime="20211206 09:04:28.087" endtime="20211206 09:04:28.384"/>
</kw>
<doc>A test case for the user is able to forgot password</doc>
<status status="FAIL" starttime="20211206 09:03:40.575" endtime="20211206 09:04:28.385"/>
</suite>
<suite id="s1-s3" name="Game" source="/Users/qa_tester/Desktop/MBC-APP/Tests/MBC/Android/game.robot">
<test id="s1-s3-t1" name="Admin create a game">
<kw name="New Page" library="Browser">
<arg>${URL}[1]</arg>
<tag>BrowserControl</tag>
<tag>Setter</tag>
<doc>Open a new Page. A Page is the Playwright equivalent to a tab.
See `Browser, Context and Page` for more information about Page concept.
Returns a stable identifier for the created page.</doc>
<msg timestamp="20211206 09:04:38.314" level="INFO">Successfully initialized new page object and opened url: http://mbc-api-staging.bliimo.com</msg>
<msg timestamp="20211206 09:04:38.314" level="INFO">No browser and context was open. New browser and context was automatically opened when page is created.</msg>
<status status="PASS" starttime="20211206 09:04:28.409" endtime="20211206 09:04:38.315"/>
</kw>
<kw name="Input Field" library="resources">
<arg>\#admin_user_email</arg>
<arg>elvin@mailinator.com</arg>
<kw name="Wait For Elements State" library="Browser">
<arg>${field}</arg>
<tag>PageContent</tag>
<tag>Wait</tag>
<doc>Waits for the element found by ``selector`` to satisfy state option.</doc>
<msg timestamp="20211206 09:04:38.369" level="INFO">Wait for Element with selector: #admin_user_email</msg>
<status status="PASS" starttime="20211206 09:04:38.316" endtime="20211206 09:04:38.370"/>
</kw>
<kw name="Fill Text" library="Browser">
<arg>${field}</arg>
<arg>${value}</arg>
<tag>PageContent</tag>
<tag>Setter</tag>
<doc>Clears and fills the given ``txt`` into the text field found by ``selector``.</doc>
<msg timestamp="20211206 09:04:38.370" level="INFO">Fills the text 'elvin@mailinator.com' in the given field.</msg>
<status status="PASS" starttime="20211206 09:04:38.370" endtime="20211206 09:04:38.399"/>
</kw>
<status status="PASS" starttime="20211206 09:04:38.315" endtime="20211206 09:04:38.399"/>
</kw>
<kw name="Input Field" library="resources">
<arg>\#admin_user_password</arg>
<arg>password</arg>
<kw name="Wait For Elements State" library="Browser">
<arg>${field}</arg>
<tag>PageContent</tag>
<tag>Wait</tag>
<doc>Waits for the element found by ``selector`` to satisfy state option.</doc>
<msg timestamp="20211206 09:04:38.415" level="INFO">Wait for Element with selector: #admin_user_password</msg>
<status status="PASS" starttime="20211206 09:04:38.400" endtime="20211206 09:04:38.416"/>
</kw>
<kw name="Fill Text" library="Browser">
<arg>${field}</arg>
<arg>${value}</arg>
<tag>PageContent</tag>
<tag>Setter</tag>
<doc>Clears and fills the given ``txt`` into the text field found by ``selector``.</doc>
<msg timestamp="20211206 09:04:38.416" level="INFO">Fills the text 'password' in the given field.</msg>
<status status="PASS" starttime="20211206 09:04:38.416" endtime="20211206 09:04:38.462"/>
</kw>
<status status="PASS" starttime="20211206 09:04:38.400" endtime="20211206 09:04:38.462"/>
</kw>
<kw name="Click" library="Browser">
<arg>\#admin_user_submit_action &gt; input:nth-child(1)</arg>
<tag>PageContent</tag>
<tag>Setter</tag>
<doc>Simulates mouse click on the element found by ``selector``.</doc>
<status status="PASS" starttime="20211206 09:04:38.463" endtime="20211206 09:04:39.291"/>
</kw>
<kw name="Click" library="Browser">
<arg>\#games &gt; a:nth-child(1)</arg>
<tag>PageContent</tag>
<tag>Setter</tag>
<doc>Simulates mouse click on the element found by ``selector``.</doc>
<status status="PASS" starttime="20211206 09:04:39.291" endtime="20211206 09:04:39.409"/>
</kw>
<kw name="Click" library="Browser">
<arg>\#roulettes &gt; a:nth-child(1)</arg>
<tag>PageContent</tag>
<tag>Setter</tag>
<doc>Simulates mouse click on the element found by ``selector``.</doc>
<status status="PASS" starttime="20211206 09:04:39.409" endtime="20211206 09:04:40.365"/>
</kw>
<kw name="Click" library="Browser">
<arg>text=New Roulette</arg>
<tag>PageContent</tag>
<tag>Setter</tag>
<doc>Simulates mouse click on the element found by ``selector``.</doc>
<status status="PASS" starttime="20211206 09:04:40.366" endtime="20211206 09:04:42.793"/>
</kw>
<kw name="Click" library="Browser">
<arg>\#roulette_radio_station_input &gt; span:nth-child(3) &gt; span:nth-child(1) &gt; span:nth-child(1)</arg>
<tag>PageContent</tag>
<tag>Setter</tag>
<doc>Simulates mouse click on the element found by ``selector``.</doc>
<status status="PASS" starttime="20211206 09:04:42.794" endtime="20211206 09:04:43.187"/>
</kw>
<kw name="Click" library="Browser">
<arg>\#select2-roulette_radio_station_id-results &gt; li:nth-child(5)</arg>
<tag>PageContent</tag>
<tag>Setter</tag>
<doc>Simulates mouse click on the element found by ``selector``.</doc>
<status status="PASS" starttime="20211206 09:04:43.187" endtime="20211206 09:04:43.279"/>
</kw>
<kw name="Check Checkbox" library="Browser">
<arg>\#roulette_location_restriction</arg>
<tag>PageContent</tag>
<tag>Setter</tag>
<doc>Checks the checkbox or selects radio button found by ``selector``.</doc>
<status status="PASS" starttime="20211206 09:04:43.280" endtime="20211206 09:04:43.416"/>
</kw>
<kw name="Click" library="Browser">
<arg>\.select2-selection--multiple</arg>
<tag>PageContent</tag>
<tag>Setter</tag>
<doc>Simulates mouse click on the element found by ``selector``.</doc>
<status status="PASS" starttime="20211206 09:04:43.416" endtime="20211206 09:04:43.757"/>
</kw>
<kw name="Input Field" library="resources">
<arg>\.select2-search__field</arg>
<arg>Pangasinan | ${CITY}</arg>
<kw name="Wait For Elements State" library="Browser">
<arg>${field}</arg>
<tag>PageContent</tag>
<tag>Wait</tag>
<doc>Waits for the element found by ``selector`` to satisfy state option.</doc>
<msg timestamp="20211206 09:04:43.789" level="INFO">Wait for Element with selector: .select2-search__field</msg>
<status status="PASS" starttime="20211206 09:04:43.758" endtime="20211206 09:04:43.789"/>
</kw>
<kw name="Fill Text" library="Browser">
<arg>${field}</arg>
<arg>${value}</arg>
<tag>PageContent</tag>
<tag>Setter</tag>
<doc>Clears and fills the given ``txt`` into the text field found by ``selector``.</doc>
<msg timestamp="20211206 09:04:43.790" level="INFO">Fills the text 'Pangasinan | Binmaley' in the given field.</msg>
<status status="PASS" starttime="20211206 09:04:43.789" endtime="20211206 09:04:43.881"/>
</kw>
<status status="PASS" starttime="20211206 09:04:43.757" endtime="20211206 09:04:43.881"/>
</kw>
<kw name="Click" library="Browser">
<arg>\#select2-roulette_city_ids-results</arg>
<tag>PageContent</tag>
<tag>Setter</tag>
<doc>Simulates mouse click on the element found by ``selector``.</doc>
<status status="PASS" starttime="20211206 09:04:43.881" endtime="20211206 09:04:43.943"/>
</kw>
<kw name="Select Options By" library="Browser">
<arg>\#roulette_location_restriction_type</arg>
<arg>value</arg>
<arg>address</arg>
<tag>PageContent</tag>
<tag>Setter</tag>
<doc>Selects options from select element found by ``selector``.</doc>
<status status="PASS" starttime="20211206 09:04:43.944" endtime="20211206 09:04:43.985"/>
</kw>
<kw name="Input Field" library="resources">
<arg>\#roulette_text_description</arg>
<arg>${CITY} Only</arg>
<kw name="Wait For Elements State" library="Browser">
<arg>${field}</arg>
<tag>PageContent</tag>
<tag>Wait</tag>
<doc>Waits for the element found by ``selector`` to satisfy state option.</doc>
<msg timestamp="20211206 09:04:44.014" level="INFO">Wait for Element with selector: #roulette_text_description</msg>
<status status="PASS" starttime="20211206 09:04:43.987" endtime="20211206 09:04:44.015"/>
</kw>
<kw name="Fill Text" library="Browser">
<arg>${field}</arg>
<arg>${value}</arg>
<tag>PageContent</tag>
<tag>Setter</tag>
<doc>Clears and fills the given ``txt`` into the text field found by ``selector``.</doc>
<msg timestamp="20211206 09:04:44.015" level="INFO">Fills the text 'Binmaley Only' in the given field.</msg>
<status status="PASS" starttime="20211206 09:04:44.015" endtime="20211206 09:04:44.049"/>
</kw>
<status status="PASS" starttime="20211206 09:04:43.986" endtime="20211206 09:04:44.049"/>
</kw>
<kw name="Log To Console" library="BuiltIn">
<arg>'Location restriction type'</arg>
<doc>Logs the given message to the console.</doc>
<status status="PASS" starttime="20211206 09:04:44.049" endtime="20211206 09:04:44.050"/>
</kw>
<kw name="Select Element From List" library="resources">
<arg>xpath=/html/body/div/div[4]/div/div/form/div/div/div[1]/li[3]/span/span[1]/span/span[2]</arg>
<arg>\#select2-roulette_dj_id-results &gt; li:nth-child(5)</arg>
<kw name="Click" library="Browser">
<arg>${arrow}</arg>
<tag>PageContent</tag>
<tag>Setter</tag>
<doc>Simulates mouse click on the element found by ``selector``.</doc>
<status status="PASS" starttime="20211206 09:04:44.050" endtime="20211206 09:04:44.127"/>
</kw>
<kw name="Click" library="Browser">
<arg>${list}</arg>
<tag>PageContent</tag>
<tag>Setter</tag>
<doc>Simulates mouse click on the element found by ``selector``.</doc>
<status status="PASS" starttime="20211206 09:04:44.128" endtime="20211206 09:04:44.195"/>
</kw>
<status status="PASS" starttime="20211206 09:04:44.050" endtime="20211206 09:04:44.195"/>
</kw>
<kw name="Select Element From List" library="resources">
<arg>xpath=/html/body/div/div[4]/div/div/form/div/div/div[1]/li[4]/span/span[1]/span/span[2]</arg>
<arg>\#select2-roulette_sponsor_id-results &gt; li:nth-child(6)</arg>
<kw name="Click" library="Browser">
<arg>${arrow}</arg>
<tag>PageContent</tag>
<tag>Setter</tag>
<doc>Simulates mouse click on the element found by ``selector``.</doc>
<status status="PASS" starttime="20211206 09:04:44.196" endtime="20211206 09:04:44.268"/>
</kw>
<kw name="Click" library="Browser">
<arg>${list}</arg>
<tag>PageContent</tag>
<tag>Setter</tag>
<doc>Simulates mouse click on the element found by ``selector``.</doc>
<status status="PASS" starttime="20211206 09:04:44.268" endtime="20211206 09:04:44.343"/>
</kw>
<status status="PASS" starttime="20211206 09:04:44.196" endtime="20211206 09:04:44.343"/>
</kw>
<kw name="Input Field" library="resources">
<arg>\#roulette_name</arg>
<arg>${GAME_TITLE}</arg>
<kw name="Wait For Elements State" library="Browser">
<arg>${field}</arg>
<tag>PageContent</tag>
<tag>Wait</tag>
<doc>Waits for the element found by ``selector`` to satisfy state option.</doc>
<msg timestamp="20211206 09:04:44.365" level="INFO">Wait for Element with selector: #roulette_name</msg>
<status status="PASS" starttime="20211206 09:04:44.344" endtime="20211206 09:04:44.365"/>
</kw>
<kw name="Fill Text" library="Browser">
<arg>${field}</arg>
<arg>${value}</arg>
<tag>PageContent</tag>
<tag>Setter</tag>
<doc>Clears and fills the given ``txt`` into the text field found by ``selector``.</doc>
<msg timestamp="20211206 09:04:44.366" level="INFO">Fills the text 'Testing game' in the given field.</msg>
<status status="PASS" starttime="20211206 09:04:44.365" endtime="20211206 09:04:44.398"/>
</kw>
<status status="PASS" starttime="20211206 09:04:44.343" endtime="20211206 09:04:44.398"/>
</kw>
<kw name="Input Field" library="resources">
<arg>\#roulette_number_of_winner</arg>
<arg>1</arg>
<kw name="Wait For Elements State" library="Browser">
<arg>${field}</arg>
<tag>PageContent</tag>
<tag>Wait</tag>
<doc>Waits for the element found by ``selector`` to satisfy state option.</doc>
<msg timestamp="20211206 09:04:44.418" level="INFO">Wait for Element with selector: #roulette_number_of_winner</msg>
<status status="PASS" starttime="20211206 09:04:44.399" endtime="20211206 09:04:44.419"/>
</kw>
<kw name="Fill Text" library="Browser">
<arg>${field}</arg>
<arg>${value}</arg>
<tag>PageContent</tag>
<tag>Setter</tag>
<doc>Clears and fills the given ``txt`` into the text field found by ``selector``.</doc>
<msg timestamp="20211206 09:04:44.419" level="INFO">Fills the text '1' in the given field.</msg>
<status status="PASS" starttime="20211206 09:04:44.419" endtime="20211206 09:04:44.462"/>
</kw>
<status status="PASS" starttime="20211206 09:04:44.398" endtime="20211206 09:04:44.463"/>
</kw>
<kw name="Input Field" library="resources">
<arg>\#roulette_price</arg>
<arg>10000</arg>
<kw name="Wait For Elements State" library="Browser">
<arg>${field}</arg>
<tag>PageContent</tag>
<tag>Wait</tag>
<doc>Waits for the element found by ``selector`` to satisfy state option.</doc>
<msg timestamp="20211206 09:04:44.491" level="INFO">Wait for Element with selector: #roulette_price</msg>
<status status="PASS" starttime="20211206 09:04:44.464" endtime="20211206 09:04:44.491"/>
</kw>
<kw name="Fill Text" library="Browser">
<arg>${field}</arg>
<arg>${value}</arg>
<tag>PageContent</tag>
<tag>Setter</tag>
<doc>Clears and fills the given ``txt`` into the text field found by ``selector``.</doc>
<msg timestamp="20211206 09:04:44.492" level="INFO">Fills the text '10000' in the given field.</msg>
<status status="PASS" starttime="20211206 09:04:44.491" endtime="20211206 09:04:44.532"/>
</kw>
<status status="PASS" starttime="20211206 09:04:44.463" endtime="20211206 09:04:44.532"/>
</kw>
<kw name="Type Text" library="Browser">
<arg>xpath=//*[@id="roulette_schedule"]</arg>
<arg>${ROULETTE_SCHED}</arg>
<tag>PageContent</tag>
<tag>Setter</tag>
<doc>Types the given ``txt`` into the text field found by ``selector``.</doc>
<msg timestamp="20211206 09:04:44.533" level="INFO">Types the text '1126002020114000pm' in the given field.</msg>
<status status="PASS" starttime="20211206 09:04:44.533" endtime="20211206 09:04:44.649"/>
</kw>
<kw name="Input Field" library="resources">
<arg>\#roulette_redemption_details</arg>
<arg>Rdemption details here ....</arg>
<kw name="Wait For Elements State" library="Browser">
<arg>${field}</arg>
<tag>PageContent</tag>
<tag>Wait</tag>
<doc>Waits for the element found by ``selector`` to satisfy state option.</doc>
<msg timestamp="20211206 09:04:44.676" level="INFO">Wait for Element with selector: #roulette_redemption_details</msg>
<status status="PASS" starttime="20211206 09:04:44.650" endtime="20211206 09:04:44.676"/>
</kw>
<kw name="Fill Text" library="Browser">
<arg>${field}</arg>
<arg>${value}</arg>
<tag>PageContent</tag>
<tag>Setter</tag>
<doc>Clears and fills the given ``txt`` into the text field found by ``selector``.</doc>
<msg timestamp="20211206 09:04:44.677" level="INFO">Fills the text 'Rdemption details here ....' in the given field.</msg>
<status status="PASS" starttime="20211206 09:04:44.677" endtime="20211206 09:04:44.704"/>
</kw>
<status status="PASS" starttime="20211206 09:04:44.649" endtime="20211206 09:04:44.704"/>
</kw>
<kw name="Input Field" library="resources">
<arg>\#roulette_dti_permit</arg>
<arg>dti_permit12345</arg>
<kw name="Wait For Elements State" library="Browser">
<arg>${field}</arg>
<tag>PageContent</tag>
<tag>Wait</tag>
<doc>Waits for the element found by ``selector`` to satisfy state option.</doc>
<msg timestamp="20211206 09:04:44.722" level="INFO">Wait for Element with selector: #roulette_dti_permit</msg>
<status status="PASS" starttime="20211206 09:04:44.705" endtime="20211206 09:04:44.723"/>
</kw>
<kw name="Fill Text" library="Browser">
<arg>${field}</arg>
<arg>${value}</arg>
<tag>PageContent</tag>
<tag>Setter</tag>
<doc>Clears and fills the given ``txt`` into the text field found by ``selector``.</doc>
<msg timestamp="20211206 09:04:44.724" level="INFO">Fills the text 'dti_permit12345' in the given field.</msg>
<status status="PASS" starttime="20211206 09:04:44.723" endtime="20211206 09:04:44.763"/>
</kw>
<status status="PASS" starttime="20211206 09:04:44.704" endtime="20211206 09:04:44.764"/>
</kw>
<kw name="Input Field" library="resources">
<arg>\#roulette_winner_prompt</arg>
<arg>Panalo ka!</arg>
<kw name="Wait For Elements State" library="Browser">
<arg>${field}</arg>
<tag>PageContent</tag>
<tag>Wait</tag>
<doc>Waits for the element found by ``selector`` to satisfy state option.</doc>
<msg timestamp="20211206 09:04:44.785" level="INFO">Wait for Element with selector: #roulette_winner_prompt</msg>
<status status="PASS" starttime="20211206 09:04:44.765" endtime="20211206 09:04:44.786"/>
</kw>
<kw name="Fill Text" library="Browser">
<arg>${field}</arg>
<arg>${value}</arg>
<tag>PageContent</tag>
<tag>Setter</tag>
<doc>Clears and fills the given ``txt`` into the text field found by ``selector``.</doc>
<msg timestamp="20211206 09:04:44.787" level="INFO">Fills the text 'Panalo ka!' in the given field.</msg>
<status status="PASS" starttime="20211206 09:04:44.787" endtime="20211206 09:04:44.828"/>
</kw>
<status status="PASS" starttime="20211206 09:04:44.764" endtime="20211206 09:04:44.828"/>
</kw>
<kw name="Click" library="Browser">
<arg>text=Create Roulette</arg>
<tag>PageContent</tag>
<tag>Setter</tag>
<doc>Simulates mouse click on the element found by ``selector``.</doc>
<status status="PASS" starttime="20211206 09:04:44.828" endtime="20211206 09:04:45.502"/>
</kw>
<kw name="Click" library="Browser">
<arg>text=Let player join</arg>
<tag>PageContent</tag>
<tag>Setter</tag>
<doc>Simulates mouse click on the element found by ``selector``.</doc>
<status status="PASS" starttime="20211206 09:04:45.503" endtime="20211206 09:04:46.153"/>
</kw>
<kw name="Take Screenshot" library="Browser">
<tag>PageContent</tag>
<doc>Takes a screenshot of the current window or element and saves it to disk.</doc>
<msg timestamp="20211206 09:04:46.333" level="INFO" html="true">&lt;/td&gt;&lt;/tr&gt;&lt;tr&gt;&lt;td colspan="3"&gt;&lt;a href="browser/screenshot/robotframework-browser-screenshot-1.png"&gt;&lt;img src="browser/screenshot/robotframework-browser-screenshot-1.png" width="800px"&gt;&lt;/a&gt;</msg>
<status status="PASS" starttime="20211206 09:04:46.154" endtime="20211206 09:04:46.333"/>
</kw>
<kw name="Log To Console" library="BuiltIn">
<arg>${URL}[2]</arg>
<doc>Logs the given message to the console.</doc>
<status status="PASS" starttime="20211206 09:04:46.334" endtime="20211206 09:04:46.334"/>
</kw>
<kw name="Log To Console" library="BuiltIn">
<arg>'Successfully created the game :)'</arg>
<doc>Logs the given message to the console.</doc>
<status status="PASS" starttime="20211206 09:04:46.335" endtime="20211206 09:04:46.335"/>
</kw>
<status status="PASS" starttime="20211206 09:04:28.406" endtime="20211206 09:04:46.335"/>
</test>
<doc>A test case for a user is able to create and join the game</doc>
<status status="PASS" starttime="20211206 09:04:28.388" endtime="20211206 09:04:46.388"/>
</suite>
<suite id="s1-s4" name="Login" source="/Users/qa_tester/Desktop/MBC-APP/Tests/MBC/Android/login.robot">
<kw name="Open MBC Application" library="resources" type="SETUP">
<kw name="Open Application" library="AppiumLibrary">
<arg>http://localhost:4723/wd/hub</arg>
<arg>platformName=Android</arg>
<arg>appPackage=${MBC-APPLICATION-ID}</arg>
<arg>appActivity=${MBC-APPLICATION-ACTIVITY}</arg>
<arg>udid=${ADB_NAME}</arg>
<arg>automationName=Uiautomator2</arg>
<doc>Opens a new application to given Appium server.
Capabilities of appium server, Android and iOS,
Please check https://github.com/appium/appium/blob/master/docs/en/writing-running-appium/server-args.md
| *Option*            | *Man.* | *Description*     |
| remote_url          | Yes    | Appium server url |
| alias               | no     | alias             |</doc>
<status status="PASS" starttime="20211206 09:04:46.432" endtime="20211206 09:04:59.967"/>
</kw>
<status status="PASS" starttime="20211206 09:04:46.431" endtime="20211206 09:04:59.967"/>
</kw>
<test id="s1-s4-t1" name="Login negative valid email and wrong password test case">
<kw name="Launch Application" library="AppiumLibrary" type="SETUP">
<doc>Launch application. Application can be launched while Appium session running.
This keyword can be used to launch application during test case or between test cases.</doc>
<status status="PASS" starttime="20211206 09:04:59.970" endtime="20211206 09:05:04.533"/>
</kw>
<kw name="Handle Location and Notification Android" library="resources">
<kw name="Handle Modals" library="resources">
<arg>//android.widget.TextView[@text='Allow MBC Papremyo to access this device's location?']</arg>
<arg>//android.widget.TextView[@text='ALLOW ONLY WHILE USING THE APP']</arg>
<kw name="Run Keyword And Return Status" library="BuiltIn">
<var>${PASSED}</var>
<arg>Wait Until Page Contains Element</arg>
<arg>${MODAL_NAME}</arg>
<doc>Runs the given keyword with given arguments and returns the status as a Boolean value.</doc>
<kw name="Wait Until Page Contains Element" library="AppiumLibrary">
<arg>${MODAL_NAME}</arg>
<doc>Waits until element specified with `locator` appears on current page.</doc>
<kw name="Capture Page Screenshot" library="AppiumLibrary">
<doc>Takes a screenshot of the current page and embeds it into the log.</doc>
<msg timestamp="20211206 09:05:06.168" level="INFO" html="true">&lt;/td&gt;&lt;/tr&gt;&lt;tr&gt;&lt;td colspan="3"&gt;&lt;a href="appium-screenshot-4.png"&gt;&lt;img src="appium-screenshot-4.png" width="800px"&gt;&lt;/a&gt;</msg>
<status status="PASS" starttime="20211206 09:05:05.524" endtime="20211206 09:05:06.168"/>
</kw>
<msg timestamp="20211206 09:05:06.175" level="FAIL">InvalidSelectorException: Message: java.lang.IllegalArgumentException: Unable to compile '//android.widget.TextView[@text='Allow MBC Papremyo to access this device's location?']'. See Cause.
</msg>
<status status="FAIL" starttime="20211206 09:05:04.535" endtime="20211206 09:05:06.175"/>
</kw>
<msg timestamp="20211206 09:05:06.175" level="INFO">${PASSED} = False</msg>
<status status="PASS" starttime="20211206 09:05:04.535" endtime="20211206 09:05:06.175"/>
</kw>
<kw name="Run Keyword If" library="BuiltIn">
<arg>${PASSED} == True</arg>
<arg>Tap The Element</arg>
<arg>${BUTTON}</arg>
<doc>Runs the given keyword with the given arguments, if ``condition`` is true.</doc>
<status status="PASS" starttime="20211206 09:05:06.175" endtime="20211206 09:05:06.176"/>
</kw>
<status status="PASS" starttime="20211206 09:05:04.534" endtime="20211206 09:05:06.176"/>
</kw>
<status status="PASS" starttime="20211206 09:05:04.534" endtime="20211206 09:05:06.176"/>
</kw>
<kw name="Go To Login Screen" library="resources">
<arg>${LOGIN_BUTTON}</arg>
<kw name="Sleep" library="BuiltIn">
<arg>5</arg>
<doc>Pauses the test executed for the given time.</doc>
<msg timestamp="20211206 09:05:11.179" level="INFO">Slept 5 seconds</msg>
<status status="PASS" starttime="20211206 09:05:06.177" endtime="20211206 09:05:11.179"/>
</kw>
<kw name="Submit Login Button" library="resources">
<arg>${BUTTON}</arg>
<kw name="Sleep" library="BuiltIn">
<arg>5</arg>
<doc>Pauses the test executed for the given time.</doc>
<msg timestamp="20211206 09:05:16.182" level="INFO">Slept 5 seconds</msg>
<status status="PASS" starttime="20211206 09:05:11.180" endtime="20211206 09:05:16.182"/>
</kw>
<kw name="Page Should Contain Element" library="AppiumLibrary">
<arg>${BUTTON}</arg>
<doc>Verifies that current page contains `locator` element.</doc>
<msg timestamp="20211206 09:05:16.584" level="INFO">Current page contains element '//android.widget.TextView[@text='LOG IN']'.</msg>
<status status="PASS" starttime="20211206 09:05:16.182" endtime="20211206 09:05:16.584"/>
</kw>
<kw name="Tap The Element" library="resources">
<arg>${BUTTON}</arg>
<kw name="Wait Until Page Contains Element" library="AppiumLibrary">
<arg>${locator}</arg>
<doc>Waits until element specified with `locator` appears on current page.</doc>
<status status="PASS" starttime="20211206 09:05:16.585" endtime="20211206 09:05:16.850"/>
</kw>
<kw name="Click Element" library="AppiumLibrary">
<arg>${locator}</arg>
<doc>Click element identified by `locator`.</doc>
<msg timestamp="20211206 09:05:16.856" level="INFO">Clicking element '//android.widget.TextView[@text='LOG IN']'.</msg>
<status status="PASS" starttime="20211206 09:05:16.850" endtime="20211206 09:05:17.182"/>
</kw>
<status status="PASS" starttime="20211206 09:05:16.584" endtime="20211206 09:05:17.183"/>
</kw>
<status status="PASS" starttime="20211206 09:05:11.179" endtime="20211206 09:05:17.183"/>
</kw>
<status status="PASS" starttime="20211206 09:05:06.176" endtime="20211206 09:05:17.183"/>
</kw>
<kw name="Sign with User" library="resources">
<arg>${USER_DETAILS}[email]</arg>
<arg>${LOGIN_EMAIL_FIELD}</arg>
<arg>${USER_DETAILS}[wrong_password]</arg>
<arg>${LOGIN_PASSWORD_FIELD}</arg>
<kw name="Input User Email" library="resources">
<arg>${EMAIL}</arg>
<arg>${EMAIL_FIELD}</arg>
<kw name="Run Keyword Until Success" library="resources">
<arg>Wait Until Page Contains Element</arg>
<arg>${FIELD}</arg>
<kw name="Wait Until Keyword Succeeds" library="BuiltIn">
<arg>5s</arg>
<arg>1s</arg>
<arg>${KW}</arg>
<arg>@{KWARGS}</arg>
<doc>Runs the specified keyword and retries if it fails.</doc>
<kw name="Wait Until Page Contains Element" library="AppiumLibrary">
<arg>@{KWARGS}</arg>
<doc>Waits until element specified with `locator` appears on current page.</doc>
<status status="PASS" starttime="20211206 09:05:17.186" endtime="20211206 09:05:18.190"/>
</kw>
<status status="PASS" starttime="20211206 09:05:17.185" endtime="20211206 09:05:18.190"/>
</kw>
<status status="PASS" starttime="20211206 09:05:17.185" endtime="20211206 09:05:18.190"/>
</kw>
<kw name="Run Keyword Until Success" library="resources">
<arg>Input Text</arg>
<arg>${FIELD}</arg>
<arg>${EMAIL}</arg>
<kw name="Wait Until Keyword Succeeds" library="BuiltIn">
<arg>5s</arg>
<arg>1s</arg>
<arg>${KW}</arg>
<arg>@{KWARGS}</arg>
<doc>Runs the specified keyword and retries if it fails.</doc>
<kw name="Input Text" library="AppiumLibrary">
<arg>@{KWARGS}</arg>
<doc>Types the given `text` into text field identified by `locator`.</doc>
<msg timestamp="20211206 09:05:18.198" level="INFO">Typing text 'bliimocheck@mailinator.com' into text field '//android.widget.EditText[@text='Email']'</msg>
<status status="PASS" starttime="20211206 09:05:18.192" endtime="20211206 09:05:19.343"/>
</kw>
<status status="PASS" starttime="20211206 09:05:18.191" endtime="20211206 09:05:19.343"/>
</kw>
<status status="PASS" starttime="20211206 09:05:18.191" endtime="20211206 09:05:19.344"/>
</kw>
<status status="PASS" starttime="20211206 09:05:17.184" endtime="20211206 09:05:19.344"/>
</kw>
<kw name="Input User Password" library="resources">
<arg>${USERPASSWORD}</arg>
<arg>${PASSWORD_FIELD}</arg>
<kw name="Run Keyword Until Success" library="resources">
<arg>Wait Until Page Contains Element</arg>
<arg>${FIELD}</arg>
<kw name="Wait Until Keyword Succeeds" library="BuiltIn">
<arg>5s</arg>
<arg>1s</arg>
<arg>${KW}</arg>
<arg>@{KWARGS}</arg>
<doc>Runs the specified keyword and retries if it fails.</doc>
<kw name="Wait Until Page Contains Element" library="AppiumLibrary">
<arg>@{KWARGS}</arg>
<doc>Waits until element specified with `locator` appears on current page.</doc>
<status status="PASS" starttime="20211206 09:05:19.345" endtime="20211206 09:05:20.468"/>
</kw>
<status status="PASS" starttime="20211206 09:05:19.345" endtime="20211206 09:05:20.469"/>
</kw>
<status status="PASS" starttime="20211206 09:05:19.344" endtime="20211206 09:05:20.469"/>
</kw>
<kw name="Run Keyword Until Success" library="resources">
<arg>Input Password</arg>
<arg>${FIELD}</arg>
<arg>${PASSWORD}</arg>
<kw name="Wait Until Keyword Succeeds" library="BuiltIn">
<arg>5s</arg>
<arg>1s</arg>
<arg>${KW}</arg>
<arg>@{KWARGS}</arg>
<doc>Runs the specified keyword and retries if it fails.</doc>
<kw name="Input Password" library="AppiumLibrary">
<arg>@{KWARGS}</arg>
<doc>Types the given password into text field identified by `locator`.</doc>
<msg timestamp="20211206 09:05:20.476" level="INFO">Typing password into text field '//android.widget.EditText[@text='Password']'</msg>
<status status="PASS" starttime="20211206 09:05:20.471" endtime="20211206 09:05:21.265"/>
</kw>
<status status="PASS" starttime="20211206 09:05:20.470" endtime="20211206 09:05:21.265"/>
</kw>
<status status="PASS" starttime="20211206 09:05:20.469" endtime="20211206 09:05:21.265"/>
</kw>
<status status="PASS" starttime="20211206 09:05:19.344" endtime="20211206 09:05:21.265"/>
</kw>
<status status="PASS" starttime="20211206 09:05:17.183" endtime="20211206 09:05:21.265"/>
</kw>
<kw name="Submit Login Button" library="resources">
<arg>${LOGIN_BUTTON}</arg>
<kw name="Sleep" library="BuiltIn">
<arg>5</arg>
<doc>Pauses the test executed for the given time.</doc>
<msg timestamp="20211206 09:05:26.267" level="INFO">Slept 5 seconds</msg>
<status status="PASS" starttime="20211206 09:05:21.266" endtime="20211206 09:05:26.268"/>
</kw>
<kw name="Page Should Contain Element" library="AppiumLibrary">
<arg>${BUTTON}</arg>
<doc>Verifies that current page contains `locator` element.</doc>
<msg timestamp="20211206 09:05:26.617" level="INFO">Current page contains element '//android.widget.TextView[@text='LOG IN']'.</msg>
<status status="PASS" starttime="20211206 09:05:26.268" endtime="20211206 09:05:26.617"/>
</kw>
<kw name="Tap The Element" library="resources">
<arg>${BUTTON}</arg>
<kw name="Wait Until Page Contains Element" library="AppiumLibrary">
<arg>${locator}</arg>
<doc>Waits until element specified with `locator` appears on current page.</doc>
<status status="PASS" starttime="20211206 09:05:26.618" endtime="20211206 09:05:26.869"/>
</kw>
<kw name="Click Element" library="AppiumLibrary">
<arg>${locator}</arg>
<doc>Click element identified by `locator`.</doc>
<msg timestamp="20211206 09:05:26.876" level="INFO">Clicking element '//android.widget.TextView[@text='LOG IN']'.</msg>
<status status="PASS" starttime="20211206 09:05:26.870" endtime="20211206 09:05:27.147"/>
</kw>
<status status="PASS" starttime="20211206 09:05:26.617" endtime="20211206 09:05:27.147"/>
</kw>
<status status="PASS" starttime="20211206 09:05:21.266" endtime="20211206 09:05:27.148"/>
</kw>
<kw name="Handle Login Failed" library="resources">
<arg>${LOGIN_FAILED_INVALID_CREDENTIALS}</arg>
<arg>${LOGIN_FAILED}</arg>
<arg>${OK_BUTTON}</arg>
<kw name="Run Keyword Until Success" library="resources">
<arg>Wait Until Page Contains Element</arg>
<arg>${LOGIN_FAILED}</arg>
<kw name="Wait Until Keyword Succeeds" library="BuiltIn">
<arg>5s</arg>
<arg>1s</arg>
<arg>${KW}</arg>
<arg>@{KWARGS}</arg>
<doc>Runs the specified keyword and retries if it fails.</doc>
<kw name="Wait Until Page Contains Element" library="AppiumLibrary">
<arg>@{KWARGS}</arg>
<doc>Waits until element specified with `locator` appears on current page.</doc>
<status status="PASS" starttime="20211206 09:05:27.150" endtime="20211206 09:05:28.527"/>
</kw>
<status status="PASS" starttime="20211206 09:05:27.149" endtime="20211206 09:05:28.527"/>
</kw>
<status status="PASS" starttime="20211206 09:05:27.149" endtime="20211206 09:05:28.528"/>
</kw>
<kw name="Run Keyword Until Success" library="resources">
<arg>Wait Until Page Contains Element</arg>
<arg>${DISPLAY_MESSAGE}</arg>
<kw name="Wait Until Keyword Succeeds" library="BuiltIn">
<arg>5s</arg>
<arg>1s</arg>
<arg>${KW}</arg>
<arg>@{KWARGS}</arg>
<doc>Runs the specified keyword and retries if it fails.</doc>
<kw name="Wait Until Page Contains Element" library="AppiumLibrary">
<arg>@{KWARGS}</arg>
<doc>Waits until element specified with `locator` appears on current page.</doc>
<status status="PASS" starttime="20211206 09:05:28.529" endtime="20211206 09:05:28.630"/>
</kw>
<status status="PASS" starttime="20211206 09:05:28.529" endtime="20211206 09:05:28.630"/>
</kw>
<status status="PASS" starttime="20211206 09:05:28.528" endtime="20211206 09:05:28.631"/>
</kw>
<kw name="Run Keyword Until Success" library="resources">
<arg>Click Element</arg>
<arg>${OK_BUTTON}</arg>
<kw name="Wait Until Keyword Succeeds" library="BuiltIn">
<arg>5s</arg>
<arg>1s</arg>
<arg>${KW}</arg>
<arg>@{KWARGS}</arg>
<doc>Runs the specified keyword and retries if it fails.</doc>
<kw name="Click Element" library="AppiumLibrary">
<arg>@{KWARGS}</arg>
<doc>Click element identified by `locator`.</doc>
<msg timestamp="20211206 09:05:28.638" level="INFO">Clicking element '//android.widget.TextView[@text='OK']'.</msg>
<status status="PASS" starttime="20211206 09:05:28.632" endtime="20211206 09:05:28.780"/>
</kw>
<status status="PASS" starttime="20211206 09:05:28.632" endtime="20211206 09:05:28.780"/>
</kw>
<status status="PASS" starttime="20211206 09:05:28.631" endtime="20211206 09:05:28.781"/>
</kw>
<status status="PASS" starttime="20211206 09:05:27.148" endtime="20211206 09:05:28.781"/>
</kw>
<kw name="Quit Application" library="AppiumLibrary" type="TEARDOWN">
<doc>Quit application. Application can be quit while Appium session is kept alive.
This keyword can be used to close application during test case or between test cases.</doc>
<status status="PASS" starttime="20211206 09:05:28.781" endtime="20211206 09:05:29.020"/>
</kw>
<doc>This is to be able to check a negative test case for a valid email and wrong password fields.</doc>
<tag>invalid_credentials</tag>
<tag>negative</tag>
<status status="PASS" starttime="20211206 09:04:59.968" endtime="20211206 09:05:29.020"/>
</test>
<test id="s1-s4-t2" name="Login negative wrong email and valid password test case">
<kw name="Launch Application" library="AppiumLibrary" type="SETUP">
<doc>Launch application. Application can be launched while Appium session running.
This keyword can be used to launch application during test case or between test cases.</doc>
<status status="PASS" starttime="20211206 09:05:29.026" endtime="20211206 09:05:32.834"/>
</kw>
<kw name="Handle Location and Notification Android" library="resources">
<kw name="Handle Modals" library="resources">
<arg>//android.widget.TextView[@text='Allow MBC Papremyo to access this device's location?']</arg>
<arg>//android.widget.TextView[@text='ALLOW ONLY WHILE USING THE APP']</arg>
<kw name="Run Keyword And Return Status" library="BuiltIn">
<var>${PASSED}</var>
<arg>Wait Until Page Contains Element</arg>
<arg>${MODAL_NAME}</arg>
<doc>Runs the given keyword with given arguments and returns the status as a Boolean value.</doc>
<kw name="Wait Until Page Contains Element" library="AppiumLibrary">
<arg>${MODAL_NAME}</arg>
<doc>Waits until element specified with `locator` appears on current page.</doc>
<kw name="Capture Page Screenshot" library="AppiumLibrary">
<doc>Takes a screenshot of the current page and embeds it into the log.</doc>
<msg timestamp="20211206 09:05:34.135" level="INFO" html="true">&lt;/td&gt;&lt;/tr&gt;&lt;tr&gt;&lt;td colspan="3"&gt;&lt;a href="appium-screenshot-5.png"&gt;&lt;img src="appium-screenshot-5.png" width="800px"&gt;&lt;/a&gt;</msg>
<status status="PASS" starttime="20211206 09:05:33.365" endtime="20211206 09:05:34.136"/>
</kw>
<msg timestamp="20211206 09:05:34.137" level="FAIL">InvalidSelectorException: Message: java.lang.IllegalArgumentException: Unable to compile '//android.widget.TextView[@text='Allow MBC Papremyo to access this device's location?']'. See Cause.
</msg>
<status status="FAIL" starttime="20211206 09:05:32.835" endtime="20211206 09:05:34.137"/>
</kw>
<msg timestamp="20211206 09:05:34.137" level="INFO">${PASSED} = False</msg>
<status status="PASS" starttime="20211206 09:05:32.835" endtime="20211206 09:05:34.138"/>
</kw>
<kw name="Run Keyword If" library="BuiltIn">
<arg>${PASSED} == True</arg>
<arg>Tap The Element</arg>
<arg>${BUTTON}</arg>
<doc>Runs the given keyword with the given arguments, if ``condition`` is true.</doc>
<status status="PASS" starttime="20211206 09:05:34.138" endtime="20211206 09:05:34.138"/>
</kw>
<status status="PASS" starttime="20211206 09:05:32.834" endtime="20211206 09:05:34.138"/>
</kw>
<status status="PASS" starttime="20211206 09:05:32.834" endtime="20211206 09:05:34.138"/>
</kw>
<kw name="Go To Login Screen" library="resources">
<arg>${LOGIN_BUTTON}</arg>
<kw name="Sleep" library="BuiltIn">
<arg>5</arg>
<doc>Pauses the test executed for the given time.</doc>
<msg timestamp="20211206 09:05:39.140" level="INFO">Slept 5 seconds</msg>
<status status="PASS" starttime="20211206 09:05:34.139" endtime="20211206 09:05:39.140"/>
</kw>
<kw name="Submit Login Button" library="resources">
<arg>${BUTTON}</arg>
<kw name="Sleep" library="BuiltIn">
<arg>5</arg>
<doc>Pauses the test executed for the given time.</doc>
<msg timestamp="20211206 09:05:44.143" level="INFO">Slept 5 seconds</msg>
<status status="PASS" starttime="20211206 09:05:39.142" endtime="20211206 09:05:44.143"/>
</kw>
<kw name="Page Should Contain Element" library="AppiumLibrary">
<arg>${BUTTON}</arg>
<doc>Verifies that current page contains `locator` element.</doc>
<msg timestamp="20211206 09:05:44.281" level="INFO">Current page contains element '//android.widget.TextView[@text='LOG IN']'.</msg>
<status status="PASS" starttime="20211206 09:05:44.143" endtime="20211206 09:05:44.281"/>
</kw>
<kw name="Tap The Element" library="resources">
<arg>${BUTTON}</arg>
<kw name="Wait Until Page Contains Element" library="AppiumLibrary">
<arg>${locator}</arg>
<doc>Waits until element specified with `locator` appears on current page.</doc>
<status status="PASS" starttime="20211206 09:05:44.282" endtime="20211206 09:05:44.410"/>
</kw>
<kw name="Click Element" library="AppiumLibrary">
<arg>${locator}</arg>
<doc>Click element identified by `locator`.</doc>
<msg timestamp="20211206 09:05:44.416" level="INFO">Clicking element '//android.widget.TextView[@text='LOG IN']'.</msg>
<status status="PASS" starttime="20211206 09:05:44.410" endtime="20211206 09:05:44.589"/>
</kw>
<status status="PASS" starttime="20211206 09:05:44.282" endtime="20211206 09:05:44.590"/>
</kw>
<status status="PASS" starttime="20211206 09:05:39.141" endtime="20211206 09:05:44.590"/>
</kw>
<status status="PASS" starttime="20211206 09:05:34.139" endtime="20211206 09:05:44.590"/>
</kw>
<kw name="Sign with User" library="resources">
<arg>${USER_DETAILS}[wrong_email]</arg>
<arg>${LOGIN_EMAIL_FIELD}</arg>
<arg>${USER_DETAILS}[password]</arg>
<arg>${LOGIN_PASSWORD_FIELD}</arg>
<kw name="Input User Email" library="resources">
<arg>${EMAIL}</arg>
<arg>${EMAIL_FIELD}</arg>
<kw name="Run Keyword Until Success" library="resources">
<arg>Wait Until Page Contains Element</arg>
<arg>${FIELD}</arg>
<kw name="Wait Until Keyword Succeeds" library="BuiltIn">
<arg>5s</arg>
<arg>1s</arg>
<arg>${KW}</arg>
<arg>@{KWARGS}</arg>
<doc>Runs the specified keyword and retries if it fails.</doc>
<kw name="Wait Until Page Contains Element" library="AppiumLibrary">
<arg>@{KWARGS}</arg>
<doc>Waits until element specified with `locator` appears on current page.</doc>
<status status="PASS" starttime="20211206 09:05:44.593" endtime="20211206 09:05:46.400"/>
</kw>
<status status="PASS" starttime="20211206 09:05:44.592" endtime="20211206 09:05:46.400"/>
</kw>
<status status="PASS" starttime="20211206 09:05:44.592" endtime="20211206 09:05:46.400"/>
</kw>
<kw name="Run Keyword Until Success" library="resources">
<arg>Input Text</arg>
<arg>${FIELD}</arg>
<arg>${EMAIL}</arg>
<kw name="Wait Until Keyword Succeeds" library="BuiltIn">
<arg>5s</arg>
<arg>1s</arg>
<arg>${KW}</arg>
<arg>@{KWARGS}</arg>
<doc>Runs the specified keyword and retries if it fails.</doc>
<kw name="Input Text" library="AppiumLibrary">
<arg>@{KWARGS}</arg>
<doc>Types the given `text` into text field identified by `locator`.</doc>
<msg timestamp="20211206 09:05:46.407" level="INFO">Typing text 'adonisyes@mailinator.com' into text field '//android.widget.EditText[@text='Email']'</msg>
<status status="PASS" starttime="20211206 09:05:46.402" endtime="20211206 09:05:47.288"/>
</kw>
<status status="PASS" starttime="20211206 09:05:46.401" endtime="20211206 09:05:47.288"/>
</kw>
<status status="PASS" starttime="20211206 09:05:46.400" endtime="20211206 09:05:47.289"/>
</kw>
<status status="PASS" starttime="20211206 09:05:44.591" endtime="20211206 09:05:47.289"/>
</kw>
<kw name="Input User Password" library="resources">
<arg>${USERPASSWORD}</arg>
<arg>${PASSWORD_FIELD}</arg>
<kw name="Run Keyword Until Success" library="resources">
<arg>Wait Until Page Contains Element</arg>
<arg>${FIELD}</arg>
<kw name="Wait Until Keyword Succeeds" library="BuiltIn">
<arg>5s</arg>
<arg>1s</arg>
<arg>${KW}</arg>
<arg>@{KWARGS}</arg>
<doc>Runs the specified keyword and retries if it fails.</doc>
<kw name="Wait Until Page Contains Element" library="AppiumLibrary">
<arg>@{KWARGS}</arg>
<doc>Waits until element specified with `locator` appears on current page.</doc>
<status status="PASS" starttime="20211206 09:05:47.291" endtime="20211206 09:05:48.390"/>
</kw>
<status status="PASS" starttime="20211206 09:05:47.290" endtime="20211206 09:05:48.390"/>
</kw>
<status status="PASS" starttime="20211206 09:05:47.290" endtime="20211206 09:05:48.391"/>
</kw>
<kw name="Run Keyword Until Success" library="resources">
<arg>Input Password</arg>
<arg>${FIELD}</arg>
<arg>${PASSWORD}</arg>
<kw name="Wait Until Keyword Succeeds" library="BuiltIn">
<arg>5s</arg>
<arg>1s</arg>
<arg>${KW}</arg>
<arg>@{KWARGS}</arg>
<doc>Runs the specified keyword and retries if it fails.</doc>
<kw name="Input Password" library="AppiumLibrary">
<arg>@{KWARGS}</arg>
<doc>Types the given password into text field identified by `locator`.</doc>
<msg timestamp="20211206 09:05:48.398" level="INFO">Typing password into text field '//android.widget.EditText[@text='Password']'</msg>
<status status="PASS" starttime="20211206 09:05:48.392" endtime="20211206 09:05:49.291"/>
</kw>
<status status="PASS" starttime="20211206 09:05:48.391" endtime="20211206 09:05:49.291"/>
</kw>
<status status="PASS" starttime="20211206 09:05:48.391" endtime="20211206 09:05:49.292"/>
</kw>
<status status="PASS" starttime="20211206 09:05:47.289" endtime="20211206 09:05:49.292"/>
</kw>
<status status="PASS" starttime="20211206 09:05:44.590" endtime="20211206 09:05:49.292"/>
</kw>
<kw name="Submit Login Button" library="resources">
<arg>${LOGIN_BUTTON}</arg>
<kw name="Sleep" library="BuiltIn">
<arg>5</arg>
<doc>Pauses the test executed for the given time.</doc>
<msg timestamp="20211206 09:05:54.295" level="INFO">Slept 5 seconds</msg>
<status status="PASS" starttime="20211206 09:05:49.293" endtime="20211206 09:05:54.295"/>
</kw>
<kw name="Page Should Contain Element" library="AppiumLibrary">
<arg>${BUTTON}</arg>
<doc>Verifies that current page contains `locator` element.</doc>
<msg timestamp="20211206 09:05:54.457" level="INFO">Current page contains element '//android.widget.TextView[@text='LOG IN']'.</msg>
<status status="PASS" starttime="20211206 09:05:54.295" endtime="20211206 09:05:54.457"/>
</kw>
<kw name="Tap The Element" library="resources">
<arg>${BUTTON}</arg>
<kw name="Wait Until Page Contains Element" library="AppiumLibrary">
<arg>${locator}</arg>
<doc>Waits until element specified with `locator` appears on current page.</doc>
<status status="PASS" starttime="20211206 09:05:54.458" endtime="20211206 09:05:54.611"/>
</kw>
<kw name="Click Element" library="AppiumLibrary">
<arg>${locator}</arg>
<doc>Click element identified by `locator`.</doc>
<msg timestamp="20211206 09:05:54.617" level="INFO">Clicking element '//android.widget.TextView[@text='LOG IN']'.</msg>
<status status="PASS" starttime="20211206 09:05:54.612" endtime="20211206 09:05:55.317"/>
</kw>
<status status="PASS" starttime="20211206 09:05:54.457" endtime="20211206 09:05:55.318"/>
</kw>
<status status="PASS" starttime="20211206 09:05:49.292" endtime="20211206 09:05:55.318"/>
</kw>
<kw name="Handle Login Failed" library="resources">
<arg>${LOGIN_FAILED_INVALID_CREDENTIALS}</arg>
<arg>${LOGIN_FAILED}</arg>
<arg>${OK_BUTTON}</arg>
<kw name="Run Keyword Until Success" library="resources">
<arg>Wait Until Page Contains Element</arg>
<arg>${LOGIN_FAILED}</arg>
<kw name="Wait Until Keyword Succeeds" library="BuiltIn">
<arg>5s</arg>
<arg>1s</arg>
<arg>${KW}</arg>
<arg>@{KWARGS}</arg>
<doc>Runs the specified keyword and retries if it fails.</doc>
<kw name="Wait Until Page Contains Element" library="AppiumLibrary">
<arg>@{KWARGS}</arg>
<doc>Waits until element specified with `locator` appears on current page.</doc>
<status status="PASS" starttime="20211206 09:05:55.320" endtime="20211206 09:05:56.323"/>
</kw>
<status status="PASS" starttime="20211206 09:05:55.320" endtime="20211206 09:05:56.323"/>
</kw>
<status status="PASS" starttime="20211206 09:05:55.319" endtime="20211206 09:05:56.323"/>
</kw>
<kw name="Run Keyword Until Success" library="resources">
<arg>Wait Until Page Contains Element</arg>
<arg>${DISPLAY_MESSAGE}</arg>
<kw name="Wait Until Keyword Succeeds" library="BuiltIn">
<arg>5s</arg>
<arg>1s</arg>
<arg>${KW}</arg>
<arg>@{KWARGS}</arg>
<doc>Runs the specified keyword and retries if it fails.</doc>
<kw name="Wait Until Page Contains Element" library="AppiumLibrary">
<arg>@{KWARGS}</arg>
<doc>Waits until element specified with `locator` appears on current page.</doc>
<status status="PASS" starttime="20211206 09:05:56.325" endtime="20211206 09:05:56.396"/>
</kw>
<status status="PASS" starttime="20211206 09:05:56.324" endtime="20211206 09:05:56.396"/>
</kw>
<status status="PASS" starttime="20211206 09:05:56.324" endtime="20211206 09:05:56.396"/>
</kw>
<kw name="Run Keyword Until Success" library="resources">
<arg>Click Element</arg>
<arg>${OK_BUTTON}</arg>
<kw name="Wait Until Keyword Succeeds" library="BuiltIn">
<arg>5s</arg>
<arg>1s</arg>
<arg>${KW}</arg>
<arg>@{KWARGS}</arg>
<doc>Runs the specified keyword and retries if it fails.</doc>
<kw name="Click Element" library="AppiumLibrary">
<arg>@{KWARGS}</arg>
<doc>Click element identified by `locator`.</doc>
<msg timestamp="20211206 09:05:56.404" level="INFO">Clicking element '//android.widget.TextView[@text='OK']'.</msg>
<status status="PASS" starttime="20211206 09:05:56.398" endtime="20211206 09:05:56.534"/>
</kw>
<status status="PASS" starttime="20211206 09:05:56.397" endtime="20211206 09:05:56.534"/>
</kw>
<status status="PASS" starttime="20211206 09:05:56.397" endtime="20211206 09:05:56.534"/>
</kw>
<status status="PASS" starttime="20211206 09:05:55.318" endtime="20211206 09:05:56.534"/>
</kw>
<kw name="Quit Application" library="AppiumLibrary" type="TEARDOWN">
[...]
</test>
<kw name="Close Application" library="AppiumLibrary" type="TEARDOWN">
<doc>Closes the current application and also close webdriver session.</doc>
<status status="PASS" starttime="20211206 09:17:15.415" endtime="20211206 09:17:15.638"/>
</kw>
<doc>A test case for user is able to register

This test has a workflow that is created using keywords in
the imported resource file.</doc>
<status status="FAIL" starttime="20211206 09:15:26.753" endtime="20211206 09:17:15.638"/>
</suite>
<suite id="s1-s12" name="Terms Of Use" source="/Users/qa_tester/Desktop/MBC-APP/Tests/MBC/Android/terms_of_use.robot">
<kw name="Open MBC Application" library="resources" type="SETUP">
<kw name="Open Application" library="AppiumLibrary">
<arg>http://localhost:4723/wd/hub</arg>
<arg>platformName=Android</arg>
<arg>appPackage=${MBC-APPLICATION-ID}</arg>
<arg>appActivity=${MBC-APPLICATION-ACTIVITY}</arg>
<arg>udid=${ADB_NAME}</arg>
<arg>automationName=Uiautomator2</arg>
<doc>Opens a new application to given Appium server.
Capabilities of appium server, Android and iOS,
Please check https://github.com/appium/appium/blob/master/docs/en/writing-running-appium/server-args.md
| *Option*            | *Man.* | *Description*     |
| remote_url          | Yes    | Appium server url |
| alias               | no     | alias             |</doc>
<status status="PASS" starttime="20211206 09:17:15.657" endtime="20211206 09:17:27.840"/>
</kw>
<status status="PASS" starttime="20211206 09:17:15.656" endtime="20211206 09:17:27.840"/>
</kw>
<test id="s1-s12-t1" name="Terms of Use test case">
<kw name="Launch Application" library="AppiumLibrary" type="SETUP">
<doc>Launch application. Application can be launched while Appium session running.
This keyword can be used to launch application during test case or between test cases.</doc>
<status status="PASS" starttime="20211206 09:17:27.843" endtime="20211206 09:17:32.143"/>
</kw>
<kw name="Go To Login Screen" library="resources">
<arg>${LOGIN_BUTTON}</arg>
<kw name="Sleep" library="BuiltIn">
<arg>5</arg>
<doc>Pauses the test executed for the given time.</doc>
<msg timestamp="20211206 09:17:37.149" level="INFO">Slept 5 seconds</msg>
<status status="PASS" starttime="20211206 09:17:32.144" endtime="20211206 09:17:37.149"/>
</kw>
<kw name="Submit Login Button" library="resources">
<arg>${BUTTON}</arg>
<kw name="Sleep" library="BuiltIn">
<arg>5</arg>
<doc>Pauses the test executed for the given time.</doc>
<msg timestamp="20211206 09:17:42.151" level="INFO">Slept 5 seconds</msg>
<status status="PASS" starttime="20211206 09:17:37.150" endtime="20211206 09:17:42.151"/>
</kw>
<kw name="Page Should Contain Element" library="AppiumLibrary">
<arg>${BUTTON}</arg>
<doc>Verifies that current page contains `locator` element.</doc>
<msg timestamp="20211206 09:17:42.648" level="INFO">Current page contains element '//android.widget.TextView[@text='LOG IN']'.</msg>
<status status="PASS" starttime="20211206 09:17:42.151" endtime="20211206 09:17:42.648"/>
</kw>
<kw name="Tap The Element" library="resources">
<arg>${BUTTON}</arg>
<kw name="Wait Until Page Contains Element" library="AppiumLibrary">
<arg>${locator}</arg>
<doc>Waits until element specified with `locator` appears on current page.</doc>
<status status="PASS" starttime="20211206 09:17:42.649" endtime="20211206 09:17:42.902"/>
</kw>
<kw name="Click Element" library="AppiumLibrary">
<arg>${locator}</arg>
<doc>Click element identified by `locator`.</doc>
<msg timestamp="20211206 09:17:42.908" level="INFO">Clicking element '//android.widget.TextView[@text='LOG IN']'.</msg>
<status status="PASS" starttime="20211206 09:17:42.902" endtime="20211206 09:17:43.211"/>
</kw>
<status status="PASS" starttime="20211206 09:17:42.648" endtime="20211206 09:17:43.211"/>
</kw>
<status status="PASS" starttime="20211206 09:17:37.149" endtime="20211206 09:17:43.212"/>
</kw>
<status status="PASS" starttime="20211206 09:17:32.143" endtime="20211206 09:17:43.212"/>
</kw>
<kw name="Sign with User" library="resources">
<arg>${USER_DETAILS}[email]</arg>
<arg>${LOGIN_EMAIL_FIELD}</arg>
<arg>${USER_DETAILS}[password]</arg>
<arg>${LOGIN_PASSWORD_FIELD}</arg>
<kw name="Input User Email" library="resources">
<arg>${EMAIL}</arg>
<arg>${EMAIL_FIELD}</arg>
<kw name="Run Keyword Until Success" library="resources">
<arg>Wait Until Page Contains Element</arg>
<arg>${FIELD}</arg>
<kw name="Wait Until Keyword Succeeds" library="BuiltIn">
<arg>5s</arg>
<arg>1s</arg>
<arg>${KW}</arg>
<arg>@{KWARGS}</arg>
<doc>Runs the specified keyword and retries if it fails.</doc>
<kw name="Wait Until Page Contains Element" library="AppiumLibrary">
<arg>@{KWARGS}</arg>
<doc>Waits until element specified with `locator` appears on current page.</doc>
<status status="PASS" starttime="20211206 09:17:43.215" endtime="20211206 09:17:44.855"/>
</kw>
<status status="PASS" starttime="20211206 09:17:43.215" endtime="20211206 09:17:44.856"/>
</kw>
<status status="PASS" starttime="20211206 09:17:43.214" endtime="20211206 09:17:44.856"/>
</kw>
<kw name="Run Keyword Until Success" library="resources">
<arg>Input Text</arg>
<arg>${FIELD}</arg>
<arg>${EMAIL}</arg>
<kw name="Wait Until Keyword Succeeds" library="BuiltIn">
<arg>5s</arg>
<arg>1s</arg>
<arg>${KW}</arg>
<arg>@{KWARGS}</arg>
<doc>Runs the specified keyword and retries if it fails.</doc>
<kw name="Input Text" library="AppiumLibrary">
<arg>@{KWARGS}</arg>
<doc>Types the given `text` into text field identified by `locator`.</doc>
<msg timestamp="20211206 09:17:44.863" level="INFO">Typing text 'bliimocheck@mailinator.com' into text field '//android.widget.EditText[@text='Email']'</msg>
<status status="PASS" starttime="20211206 09:17:44.857" endtime="20211206 09:17:45.998"/>
</kw>
<status status="PASS" starttime="20211206 09:17:44.857" endtime="20211206 09:17:45.998"/>
</kw>
<status status="PASS" starttime="20211206 09:17:44.856" endtime="20211206 09:17:45.998"/>
</kw>
<status status="PASS" starttime="20211206 09:17:43.214" endtime="20211206 09:17:45.998"/>
</kw>
<kw name="Input User Password" library="resources">
<arg>${USERPASSWORD}</arg>
<arg>${PASSWORD_FIELD}</arg>
<kw name="Run Keyword Until Success" library="resources">
<arg>Wait Until Page Contains Element</arg>
<arg>${FIELD}</arg>
<kw name="Wait Until Keyword Succeeds" library="BuiltIn">
<arg>5s</arg>
<arg>1s</arg>
<arg>${KW}</arg>
<arg>@{KWARGS}</arg>
<doc>Runs the specified keyword and retries if it fails.</doc>
<kw name="Wait Until Page Contains Element" library="AppiumLibrary">
<arg>@{KWARGS}</arg>
<doc>Waits until element specified with `locator` appears on current page.</doc>
<status status="PASS" starttime="20211206 09:17:46.000" endtime="20211206 09:17:46.733"/>
</kw>
<status status="PASS" starttime="20211206 09:17:46.000" endtime="20211206 09:17:46.733"/>
</kw>
<status status="PASS" starttime="20211206 09:17:45.999" endtime="20211206 09:17:46.733"/>
</kw>
<kw name="Run Keyword Until Success" library="resources">
<arg>Input Password</arg>
<arg>${FIELD}</arg>
<arg>${PASSWORD}</arg>
<kw name="Wait Until Keyword Succeeds" library="BuiltIn">
<arg>5s</arg>
<arg>1s</arg>
<arg>${KW}</arg>
<arg>@{KWARGS}</arg>
<doc>Runs the specified keyword and retries if it fails.</doc>
<kw name="Input Password" library="AppiumLibrary">
<arg>@{KWARGS}</arg>
<doc>Types the given password into text field identified by `locator`.</doc>
<msg timestamp="20211206 09:17:46.740" level="INFO">Typing password into text field '//android.widget.EditText[@text='Password']'</msg>
<status status="PASS" starttime="20211206 09:17:46.734" endtime="20211206 09:17:47.548"/>
</kw>
<status status="PASS" starttime="20211206 09:17:46.734" endtime="20211206 09:17:47.548"/>
</kw>
<status status="PASS" starttime="20211206 09:17:46.733" endtime="20211206 09:17:47.548"/>
</kw>
<status status="PASS" starttime="20211206 09:17:45.999" endtime="20211206 09:17:47.548"/>
</kw>
<status status="PASS" starttime="20211206 09:17:43.212" endtime="20211206 09:17:47.548"/>
</kw>
<kw name="Submit Login Button" library="resources">
<arg>${LOGIN_BUTTON}</arg>
<kw name="Sleep" library="BuiltIn">
<arg>5</arg>
<doc>Pauses the test executed for the given time.</doc>
<msg timestamp="20211206 09:17:52.551" level="INFO">Slept 5 seconds</msg>
<status status="PASS" starttime="20211206 09:17:47.549" endtime="20211206 09:17:52.551"/>
</kw>
<kw name="Page Should Contain Element" library="AppiumLibrary">
<arg>${BUTTON}</arg>
<doc>Verifies that current page contains `locator` element.</doc>
<msg timestamp="20211206 09:17:52.805" level="INFO">Current page contains element '//android.widget.TextView[@text='LOG IN']'.</msg>
<status status="PASS" starttime="20211206 09:17:52.551" endtime="20211206 09:17:52.806"/>
</kw>
<kw name="Tap The Element" library="resources">
<arg>${BUTTON}</arg>
<kw name="Wait Until Page Contains Element" library="AppiumLibrary">
<arg>${locator}</arg>
<doc>Waits until element specified with `locator` appears on current page.</doc>
<status status="PASS" starttime="20211206 09:17:52.806" endtime="20211206 09:17:53.065"/>
</kw>
<kw name="Click Element" library="AppiumLibrary">
<arg>${locator}</arg>
<doc>Click element identified by `locator`.</doc>
<msg timestamp="20211206 09:17:53.071" level="INFO">Clicking element '//android.widget.TextView[@text='LOG IN']'.</msg>
<status status="PASS" starttime="20211206 09:17:53.065" endtime="20211206 09:17:53.367"/>
</kw>
<status status="PASS" starttime="20211206 09:17:52.806" endtime="20211206 09:17:53.368"/>
</kw>
<status status="PASS" starttime="20211206 09:17:47.549" endtime="20211206 09:17:53.368"/>
</kw>
<kw name="Handle Modals" library="resources">
<arg>${MODAL_LOGGED_IN_ANOTHER_DEVICE}</arg>
<arg>${USE_HERE_BUTTON}</arg>
<kw name="Run Keyword And Return Status" library="BuiltIn">
<var>${PASSED}</var>
<arg>Wait Until Page Contains Element</arg>
<arg>${MODAL_NAME}</arg>
<doc>Runs the given keyword with given arguments and returns the status as a Boolean value.</doc>
<kw name="Wait Until Page Contains Element" library="AppiumLibrary">
<arg>${MODAL_NAME}</arg>
<doc>Waits until element specified with `locator` appears on current page.</doc>
<status status="PASS" starttime="20211206 09:17:53.369" endtime="20211206 09:17:54.674"/>
</kw>
<msg timestamp="20211206 09:17:54.675" level="INFO">${PASSED} = True</msg>
<status status="PASS" starttime="20211206 09:17:53.369" endtime="20211206 09:17:54.675"/>
</kw>
<kw name="Run Keyword If" library="BuiltIn">
<arg>${PASSED} == True</arg>
<arg>Tap The Element</arg>
<arg>${BUTTON}</arg>
<doc>Runs the given keyword with the given arguments, if ``condition`` is true.</doc>
<kw name="Tap The Element" library="resources">
<arg>${BUTTON}</arg>
<kw name="Wait Until Page Contains Element" library="AppiumLibrary">
<arg>${locator}</arg>
<doc>Waits until element specified with `locator` appears on current page.</doc>
<status status="PASS" starttime="20211206 09:17:54.676" endtime="20211206 09:17:54.766"/>
</kw>
<kw name="Click Element" library="AppiumLibrary">
<arg>${locator}</arg>
<doc>Click element identified by `locator`.</doc>
<msg timestamp="20211206 09:17:54.773" level="INFO">Clicking element '//android.widget.TextView[@text='USE HERE']'.</msg>
<status status="PASS" starttime="20211206 09:17:54.767" endtime="20211206 09:17:55.074"/>
</kw>
<status status="PASS" starttime="20211206 09:17:54.675" endtime="20211206 09:17:55.074"/>
</kw>
<status status="PASS" starttime="20211206 09:17:54.675" endtime="20211206 09:17:55.075"/>
</kw>
<status status="PASS" starttime="20211206 09:17:53.368" endtime="20211206 09:17:55.075"/>
</kw>
<kw name="Run Keyword And Return Status" library="BuiltIn">
<var>${PASSED}</var>
<arg>Wait Until Page Contains Element</arg>
<arg>${VERIFICATION_MODAL}</arg>
<doc>Runs the given keyword with given arguments and returns the status as a Boolean value.</doc>
<kw name="Wait Until Page Contains Element" library="AppiumLibrary">
<arg>${VERIFICATION_MODAL}</arg>
<doc>Waits until element specified with `locator` appears on current page.</doc>
<kw name="Capture Page Screenshot" library="AppiumLibrary">
<doc>Takes a screenshot of the current page and embeds it into the log.</doc>
<msg timestamp="20211206 09:18:02.492" level="INFO" html="true">&lt;/td&gt;&lt;/tr&gt;&lt;tr&gt;&lt;td colspan="3"&gt;&lt;a href="appium-screenshot-16.png"&gt;&lt;img src="appium-screenshot-16.png" width="800px"&gt;&lt;/a&gt;</msg>
<status status="PASS" starttime="20211206 09:18:00.495" endtime="20211206 09:18:02.492"/>
</kw>
<msg timestamp="20211206 09:18:02.493" level="FAIL">Element '//android.widget.TextView[@text='VERIFICATION!']' did not appear in 5 seconds</msg>
<status status="FAIL" starttime="20211206 09:17:55.075" endtime="20211206 09:18:02.493"/>
</kw>
<msg timestamp="20211206 09:18:02.493" level="INFO">${PASSED} = False</msg>
<status status="PASS" starttime="20211206 09:17:55.075" endtime="20211206 09:18:02.493"/>
</kw>
<kw name="Run Keyword If" library="BuiltIn">
<arg>'${PASSED}' == 'True'</arg>
<arg>Handle Verification</arg>
<doc>Runs the given keyword with the given arguments, if ``condition`` is true.</doc>
<status status="PASS" starttime="20211206 09:18:02.493" endtime="20211206 09:18:02.494"/>
</kw>
<kw name="Wait Until Page Contains Element" library="AppiumLibrary">
<arg>${SKIP_TUTORIAL}</arg>
<doc>Waits until element specified with `locator` appears on current page.</doc>
<status status="PASS" starttime="20211206 09:18:02.494" endtime="20211206 09:18:02.592"/>
</kw>
<kw name="Tap The Element" library="resources">
<arg>${SKIP_TUTORIAL}</arg>
<kw name="Wait Until Page Contains Element" library="AppiumLibrary">
<arg>${locator}</arg>
<doc>Waits until element specified with `locator` appears on current page.</doc>
<status status="PASS" starttime="20211206 09:18:02.593" endtime="20211206 09:18:02.688"/>
</kw>
<kw name="Click Element" library="AppiumLibrary">
<arg>${locator}</arg>
<doc>Click element identified by `locator`.</doc>
<msg timestamp="20211206 09:18:02.694" level="INFO">Clicking element '//android.widget.TextView[@text='Skip Tutorial']'.</msg>
<status status="PASS" starttime="20211206 09:18:02.688" endtime="20211206 09:18:02.832"/>
</kw>
<status status="PASS" starttime="20211206 09:18:02.592" endtime="20211206 09:18:02.832"/>
</kw>
<kw name="Sleep" library="BuiltIn">
<arg>5</arg>
<doc>Pauses the test executed for the given time.</doc>
<msg timestamp="20211206 09:18:07.836" level="INFO">Slept 5 seconds</msg>
<status status="PASS" starttime="20211206 09:18:02.832" endtime="20211206 09:18:07.836"/>
</kw>
<kw name="Swipe" library="AppiumLibrary">
<arg>5</arg>
<arg>173</arg>
<arg>176</arg>
<arg>178</arg>
<doc>Swipe from one point to another point, for an optional duration.</doc>
<status status="PASS" starttime="20211206 09:18:07.836" endtime="20211206 09:18:09.195"/>
</kw>
<kw name="Swipe" library="AppiumLibrary">
<arg>205</arg>
<arg>1122</arg>
<arg>207</arg>
<arg>553</arg>
<doc>Swipe from one point to another point, for an optional duration.</doc>
<status status="PASS" starttime="20211206 09:18:09.195" endtime="20211206 09:18:10.502"/>
</kw>
<kw name="Sleep" library="BuiltIn">
<arg>5</arg>
<doc>Pauses the test executed for the given time.</doc>
<msg timestamp="20211206 09:18:15.504" level="INFO">Slept 5 seconds</msg>
<status status="PASS" starttime="20211206 09:18:10.502" endtime="20211206 09:18:15.504"/>
</kw>
<kw name="Tap The Element" library="resources">
<arg>${TERMS_OF_USE}</arg>
<kw name="Wait Until Page Contains Element" library="AppiumLibrary">
<arg>${locator}</arg>
<doc>Waits until element specified with `locator` appears on current page.</doc>
<status status="PASS" starttime="20211206 09:18:15.506" endtime="20211206 09:18:16.005"/>
</kw>
<kw name="Click Element" library="AppiumLibrary">
<arg>${locator}</arg>
<doc>Click element identified by `locator`.</doc>
<msg timestamp="20211206 09:18:16.012" level="INFO">Clicking element '//android.widget.TextView[@text='Terms of Use']'.</msg>
<status status="PASS" starttime="20211206 09:18:16.005" endtime="20211206 09:18:16.460"/>
</kw>
<status status="PASS" starttime="20211206 09:18:15.505" endtime="20211206 09:18:16.460"/>
</kw>
<kw name="Tap The Element" library="resources">
<arg>//android.view.View[@text='']</arg>
<kw name="Wait Until Page Contains Element" library="AppiumLibrary">
<arg>${locator}</arg>
<doc>Waits until element specified with `locator` appears on current page.</doc>
<status status="PASS" starttime="20211206 09:18:16.461" endtime="20211206 09:18:18.868"/>
</kw>
<kw name="Click Element" library="AppiumLibrary">
<arg>${locator}</arg>
<doc>Click element identified by `locator`.</doc>
<msg timestamp="20211206 09:18:18.874" level="INFO">Clicking element '//android.view.View[@text='']'.</msg>
<status status="PASS" starttime="20211206 09:18:18.868" endtime="20211206 09:18:19.017"/>
</kw>
<status status="PASS" starttime="20211206 09:18:16.461" endtime="20211206 09:18:19.018"/>
</kw>
<kw name="Sleep" library="BuiltIn">
<arg>5</arg>
<doc>Pauses the test executed for the given time.</doc>
<msg timestamp="20211206 09:18:24.021" level="INFO">Slept 5 seconds</msg>
<status status="PASS" starttime="20211206 09:18:19.018" endtime="20211206 09:18:24.021"/>
</kw>
<kw name="Log To Console" library="BuiltIn">
<arg>'TERMS OF USE'</arg>
<doc>Logs the given message to the console.</doc>
<status status="PASS" starttime="20211206 09:18:24.021" endtime="20211206 09:18:24.022"/>
</kw>
<kw name="Quit Application" library="AppiumLibrary" type="TEARDOWN">
<doc>Quit application. Application can be quit while Appium session is kept alive.
This keyword can be used to close application during test case or between test cases.</doc>
<status status="PASS" starttime="20211206 09:18:24.022" endtime="20211206 09:18:24.266"/>
</kw>
<tag>positive</tag>
<tag>sanity</tag>
<status status="PASS" starttime="20211206 09:17:27.840" endtime="20211206 09:18:24.266"/>
</test>
<kw name="Close Application" library="AppiumLibrary" type="TEARDOWN">
<doc>Closes the current application and also close webdriver session.</doc>
<status status="PASS" starttime="20211206 09:18:24.270" endtime="20211206 09:18:24.522"/>
</kw>
<doc>A test case for a user is able to view terms of use screen</doc>
<status status="PASS" starttime="20211206 09:17:15.642" endtime="20211206 09:18:24.522"/>
</suite>
<status status="FAIL" starttime="20211206 09:02:19.509" endtime="20211206 09:18:24.526"/>
</suite>
<statistics>
<total>
<stat pass="10" fail="5" skip="0">All Tests</stat>
</total>
<tag>
<stat pass="0" fail="1" skip="0">email_already_exist</stat>
<stat pass="2" fail="0" skip="0">invalid_credentials</stat>
<stat pass="2" fail="1" skip="0">negative</stat>
<stat pass="5" fail="3" skip="0">positive</stat>
<stat pass="7" fail="4" skip="0">sanity</stat>
</tag>
<suite>
<stat pass="10" fail="5" skip="0" id="s1" name="Android">Android</stat>
<stat pass="1" fail="0" skip="0" id="s1-s1" name="Edit Profile">Android.Edit Profile</stat>
<stat pass="0" fail="1" skip="0" id="s1-s2" name="Forgot Password">Android.Forgot Password</stat>
<stat pass="1" fail="0" skip="0" id="s1-s3" name="Game">Android.Game</stat>
<stat pass="2" fail="1" skip="0" id="s1-s4" name="Login">Android.Login</stat>
<stat pass="1" fail="0" skip="0" id="s1-s5" name="login with FB">Android.login with FB</stat>
<stat pass="1" fail="0" skip="0" id="s1-s6" name="Login With Gmail">Android.Login With Gmail</stat>
<stat pass="1" fail="0" skip="0" id="s1-s7" name="Notification">Android.Notification</stat>
<stat pass="1" fail="0" skip="0" id="s1-s8" name="Papremyo">Android.Papremyo</stat>
<stat pass="1" fail="0" skip="0" id="s1-s9" name="Privacy Policy">Android.Privacy Policy</stat>
<stat pass="0" fail="1" skip="0" id="s1-s10" name="Radio Station">Android.Radio Station</stat>
<stat pass="0" fail="2" skip="0" id="s1-s11" name="Sign Up">Android.Sign Up</stat>
<stat pass="1" fail="0" skip="0" id="s1-s12" name="Terms Of Use">Android.Terms Of Use</stat>
</suite>
</statistics>
<errors>
</errors>
</robot>
