<?xml version="1.0" encoding="UTF-8"?>
<robot generator="Robot 4.1.1 (Python 3.9.7 on darwin)" generated="20211012 12:10:18.097" rpa="false" schemaversion="2">
<suite id="s1" name="Sign Up" source="/Users/qa_tester/Desktop/MBC-APP/Tests/MBC/Android/sign_up.robot">
<kw name="Open MBC Application" library="resources" type="SETUP">
<kw name="Open Application" library="AppiumLibrary">
<arg>http://localhost:4723/wd/hub</arg>
<arg>platformName=Android</arg>
<arg>deviceName=Galaxy J5 Prime</arg>
<arg>appPackage=${MBC-APPLICATION-ID}</arg>
<arg>appActivity=${MBC-APPLICATION-ACTIVITY}</arg>
<arg>udid=4200933406a59453</arg>
<arg>automationName=Uiautomator2</arg>
<doc>Opens a new application to given Appium server.
Capabilities of appium server, Android and iOS,
Please check https://github.com/appium/appium/blob/master/docs/en/writing-running-appium/server-args.md
| *Option*            | *Man.* | *Description*     |
| remote_url          | Yes    | Appium server url |
| alias               | no     | alias             |</doc>
<status status="PASS" starttime="20211012 12:10:19.678" endtime="20211012 12:10:34.301"/>
</kw>
<status status="PASS" starttime="20211012 12:10:19.678" endtime="20211012 12:10:34.302"/>
</kw>
<test id="s1-t1" name="Login test case">
<kw name="Launch Application" library="AppiumLibrary" type="SETUP">
<doc>Launch application. Application can be launched while Appium session running.
This keyword can be used to launch application during test case or between test cases.</doc>
<status status="PASS" starttime="20211012 12:10:34.305" endtime="20211012 12:10:37.619"/>
</kw>
<kw name="Sign Up with User" library="resources">
<kw name="Sleep" library="BuiltIn">
<arg>5</arg>
<doc>Pauses the test executed for the given time.</doc>
<msg timestamp="20211012 12:10:42.620" level="INFO">Slept 5 seconds</msg>
<status status="PASS" starttime="20211012 12:10:37.619" endtime="20211012 12:10:42.620"/>
</kw>
<kw name="Wait Until Page Contains Element" library="AppiumLibrary">
<arg>xpath=/hierarchy/android.widget.FrameLayout/android.widget.LinearLayout/android.widget.FrameLayout/android.widget.LinearLayout/android.widget.FrameLayout/android.widget.FrameLayout/android.view.ViewGroup/android.view.ViewGroup/android.view.ViewGroup/android.view.ViewGroup/android.view.ViewGroup/android.view.ViewGroup/android.view.ViewGroup/android.view.ViewGroup/android.view.ViewGroup[3]/android.view.ViewGroup/android.view.ViewGroup[4]</arg>
<doc>Waits until element specified with `locator` appears on current page.</doc>
<status status="PASS" starttime="20211012 12:10:42.621" endtime="20211012 12:10:46.546"/>
</kw>
<kw name="Tap The Element" library="resources">
<arg>xpath=/hierarchy/android.widget.FrameLayout/android.widget.LinearLayout/android.widget.FrameLayout/android.widget.LinearLayout/android.widget.FrameLayout/android.widget.FrameLayout/android.view.ViewGroup/android.view.ViewGroup/android.view.ViewGroup/android.view.ViewGroup/android.view.ViewGroup/android.view.ViewGroup/android.view.ViewGroup/android.view.ViewGroup/android.view.ViewGroup[3]/android.view.ViewGroup/android.view.ViewGroup[4]</arg>
<kw name="Wait Until Page Contains Element" library="AppiumLibrary">
<arg>${locator}</arg>
<doc>Waits until element specified with `locator` appears on current page.</doc>
<status status="PASS" starttime="20211012 12:10:46.547" endtime="20211012 12:10:46.710"/>
</kw>
<kw name="Click Element" library="AppiumLibrary">
<arg>${locator}</arg>
<doc>Click element identified by `locator`.</doc>
<msg timestamp="20211012 12:10:46.715" level="INFO">Clicking element 'xpath=/hierarchy/android.widget.FrameLayout/android.widget.LinearLayout/android.widget.FrameLayout/android.widget.LinearLayout/android.widget.FrameLayout/android.widget.FrameLayout/android.view.ViewGroup/android.view.ViewGroup/android.view.ViewGroup/android.view.ViewGroup/android.view.ViewGroup/android.view.ViewGroup/android.view.ViewGroup/android.view.ViewGroup/android.view.ViewGroup[3]/android.view.ViewGroup/android.view.ViewGroup[4]'.</msg>
<status status="PASS" starttime="20211012 12:10:46.710" endtime="20211012 12:10:46.931"/>
</kw>
<status status="PASS" starttime="20211012 12:10:46.546" endtime="20211012 12:10:46.931"/>
</kw>
<kw name="Handle Register" library="resources">
<kw name="Wait Until Page Contains Element" library="AppiumLibrary">
<arg>//android.widget.TextView[@text='REGISTER']</arg>
<doc>Waits until element specified with `locator` appears on current page.</doc>
<status status="PASS" starttime="20211012 12:10:46.932" endtime="20211012 12:10:48.477"/>
</kw>
<kw name="Wait Until Page Contains Element" library="AppiumLibrary">
<arg>${MOBILE_FIELD}</arg>
<doc>Waits until element specified with `locator` appears on current page.</doc>
<status status="PASS" starttime="20211012 12:10:48.478" endtime="20211012 12:10:49.489"/>
</kw>
<kw name="Input Text" library="AppiumLibrary">
<arg>${FIRST_NAME_FIELD}</arg>
<arg>${FIRST_NAME}</arg>
<doc>Types the given `text` into text field identified by `locator`.</doc>
<msg timestamp="20211012 12:10:49.494" level="INFO">Typing text 'Bliimo' into text field '//android.widget.EditText[@text='First Name']'</msg>
<status status="PASS" starttime="20211012 12:10:49.490" endtime="20211012 12:10:50.443"/>
</kw>
<kw name="Input Text" library="AppiumLibrary">
<arg>${LAST_NAME_FIELD}</arg>
<arg>${LAST_NAME}</arg>
<doc>Types the given `text` into text field identified by `locator`.</doc>
<msg timestamp="20211012 12:10:50.448" level="INFO">Typing text 'Test' into text field '//android.widget.EditText[@text='Last Name']'</msg>
<status status="PASS" starttime="20211012 12:10:50.444" endtime="20211012 12:10:51.810"/>
</kw>
<kw name="Input Text" library="AppiumLibrary">
<arg>${EMAIL_FIELD}</arg>
<arg>${USER_DETAILS}[email]</arg>
<doc>Types the given `text` into text field identified by `locator`.</doc>
<msg timestamp="20211012 12:10:51.816" level="INFO">Typing text 'bliimocheck@mailinator.com' into text field '//android.widget.EditText[@text='Email Address']'</msg>
<status status="PASS" starttime="20211012 12:10:51.811" endtime="20211012 12:10:52.650"/>
</kw>
<kw name="Input Text" library="AppiumLibrary">
<arg>${MOBILE_FIELD}</arg>
<arg>${MOBILE_NUMBER}</arg>
<doc>Types the given `text` into text field identified by `locator`.</doc>
<msg timestamp="20211012 12:10:52.655" level="INFO">Typing text '09123456789' into text field '//android.widget.EditText[@text='Mobile No.']'</msg>
<status status="PASS" starttime="20211012 12:10:52.650" endtime="20211012 12:10:54.027"/>
</kw>
<kw name="Handle Birthday" library="resources">
<kw name="Tap The Element" library="resources">
<arg>${BIRTHDAY_FIELD}</arg>
<kw name="Wait Until Page Contains Element" library="AppiumLibrary">
<arg>${locator}</arg>
<doc>Waits until element specified with `locator` appears on current page.</doc>
<status status="PASS" starttime="20211012 12:10:54.029" endtime="20211012 12:10:54.758"/>
</kw>
<kw name="Click Element" library="AppiumLibrary">
<arg>${locator}</arg>
<doc>Click element identified by `locator`.</doc>
<msg timestamp="20211012 12:10:54.763" level="INFO">Clicking element 'xpath=/hierarchy/android.widget.FrameLayout/android.widget.LinearLayout/android.widget.FrameLayout/android.widget.LinearLayout/android.widget.FrameLayout/android.widget.FrameLayout/android.view.ViewGroup/android.view.ViewGroup/android.view.ViewGroup/android.view.ViewGroup[2]/android.view.ViewGroup/android.view.ViewGroup/android.view.ViewGroup/android.view.ViewGroup/android.view.ViewGroup/android.widget.ScrollView/android.view.ViewGroup/android.widget.ScrollView/android.view.ViewGroup/android.view.ViewGroup[2]/android.view.ViewGroup'.</msg>
<status status="PASS" starttime="20211012 12:10:54.758" endtime="20211012 12:10:55.015"/>
</kw>
<status status="PASS" starttime="20211012 12:10:54.028" endtime="20211012 12:10:55.015"/>
</kw>
<kw name="Tap The Element" library="resources">
<arg>${YEAR}</arg>
<kw name="Wait Until Page Contains Element" library="AppiumLibrary">
<arg>${locator}</arg>
<doc>Waits until element specified with `locator` appears on current page.</doc>
<status status="PASS" starttime="20211012 12:10:55.016" endtime="20211012 12:10:55.965"/>
</kw>
<kw name="Click Element" library="AppiumLibrary">
<arg>${locator}</arg>
<doc>Click element identified by `locator`.</doc>
<msg timestamp="20211012 12:10:55.970" level="INFO">Clicking element 'id=android:id/date_picker_header_year'.</msg>
<status status="PASS" starttime="20211012 12:10:55.966" endtime="20211012 12:10:56.087"/>
</kw>
<status status="PASS" starttime="20211012 12:10:55.016" endtime="20211012 12:10:56.087"/>
</kw>
<kw name="Swipe" library="AppiumLibrary">
<arg>407</arg>
<arg>511</arg>
<arg>402</arg>
<arg>841</arg>
<doc>Swipe from one point to another point, for an optional duration.</doc>
<status status="PASS" starttime="20211012 12:10:56.088" endtime="20211012 12:10:57.360"/>
</kw>
<kw name="Tap The Element" library="resources">
<arg>${SELECT_YEAR}</arg>
<kw name="Wait Until Page Contains Element" library="AppiumLibrary">
<arg>${locator}</arg>
<doc>Waits until element specified with `locator` appears on current page.</doc>
<status status="PASS" starttime="20211012 12:10:57.361" endtime="20211012 12:10:57.526"/>
</kw>
<kw name="Click Element" library="AppiumLibrary">
<arg>${locator}</arg>
<doc>Click element identified by `locator`.</doc>
<msg timestamp="20211012 12:10:57.530" level="INFO">Clicking element 'xpath=/hierarchy/android.widget.FrameLayout/android.widget.FrameLayout/android.widget.FrameLayout/android.widget.LinearLayout/android.widget.FrameLayout/android.widget.FrameLayout/android.widget.DatePicker/android.widget.LinearLayout/android.widget.ScrollView/android.widget.ViewAnimator/android.widget.ListView/android.widget.TextView[3]'.</msg>
<status status="PASS" starttime="20211012 12:10:57.526" endtime="20211012 12:10:58.366"/>
</kw>
<status status="PASS" starttime="20211012 12:10:57.361" endtime="20211012 12:10:58.366"/>
</kw>
<kw name="Tap The Element" library="resources">
<arg>//android.widget.ImageButton[@content-desc="Previous month"]</arg>
<kw name="Wait Until Page Contains Element" library="AppiumLibrary">
<arg>${locator}</arg>
<doc>Waits until element specified with `locator` appears on current page.</doc>
<status status="PASS" starttime="20211012 12:10:58.367" endtime="20211012 12:10:58.532"/>
</kw>
<kw name="Click Element" library="AppiumLibrary">
<arg>${locator}</arg>
<doc>Click element identified by `locator`.</doc>
<msg timestamp="20211012 12:10:58.537" level="INFO">Clicking element '//android.widget.ImageButton[@content-desc="Previous month"]'.</msg>
<status status="PASS" starttime="20211012 12:10:58.532" endtime="20211012 12:10:58.693"/>
</kw>
<status status="PASS" starttime="20211012 12:10:58.367" endtime="20211012 12:10:58.693"/>
</kw>
<kw name="Tap The Element" library="resources">
<arg>//android.widget.ImageButton[@content-desc="Previous month"]</arg>
<kw name="Wait Until Page Contains Element" library="AppiumLibrary">
<arg>${locator}</arg>
<doc>Waits until element specified with `locator` appears on current page.</doc>
<status status="PASS" starttime="20211012 12:10:58.694" endtime="20211012 12:10:59.517"/>
</kw>
<kw name="Click Element" library="AppiumLibrary">
<arg>${locator}</arg>
<doc>Click element identified by `locator`.</doc>
<msg timestamp="20211012 12:10:59.522" level="INFO">Clicking element '//android.widget.ImageButton[@content-desc="Previous month"]'.</msg>
<status status="PASS" starttime="20211012 12:10:59.517" endtime="20211012 12:10:59.763"/>
</kw>
<status status="PASS" starttime="20211012 12:10:58.693" endtime="20211012 12:10:59.763"/>
</kw>
<kw name="Tap The Element" library="resources">
<arg>//android.view.View[@text=27]</arg>
<kw name="Wait Until Page Contains Element" library="AppiumLibrary">
<arg>${locator}</arg>
<doc>Waits until element specified with `locator` appears on current page.</doc>
<status status="PASS" starttime="20211012 12:10:59.764" endtime="20211012 12:11:00.700"/>
</kw>
<kw name="Click Element" library="AppiumLibrary">
<arg>${locator}</arg>
<doc>Click element identified by `locator`.</doc>
<msg timestamp="20211012 12:11:00.706" level="INFO">Clicking element '//android.view.View[@text=27]'.</msg>
<status status="PASS" starttime="20211012 12:11:00.700" endtime="20211012 12:11:01.521"/>
</kw>
<status status="PASS" starttime="20211012 12:10:59.763" endtime="20211012 12:11:01.521"/>
</kw>
<kw name="Tap The Element" library="resources">
<arg>id=android:id/button1</arg>
<kw name="Wait Until Page Contains Element" library="AppiumLibrary">
<arg>${locator}</arg>
<doc>Waits until element specified with `locator` appears on current page.</doc>
<status status="PASS" starttime="20211012 12:11:01.522" endtime="20211012 12:11:01.706"/>
</kw>
<kw name="Click Element" library="AppiumLibrary">
<arg>${locator}</arg>
<doc>Click element identified by `locator`.</doc>
<msg timestamp="20211012 12:11:01.711" level="INFO">Clicking element 'id=android:id/button1'.</msg>
<status status="PASS" starttime="20211012 12:11:01.706" endtime="20211012 12:11:01.934"/>
</kw>
<status status="PASS" starttime="20211012 12:11:01.521" endtime="20211012 12:11:01.934"/>
</kw>
<status status="PASS" starttime="20211012 12:10:54.027" endtime="20211012 12:11:01.934"/>
</kw>
<kw name="Tap The Element" library="resources">
<arg>xpath=/hierarchy/android.widget.FrameLayout/android.widget.LinearLayout/android.widget.FrameLayout/android.widget.LinearLayout/android.widget.FrameLayout/android.widget.FrameLayout/android.view.ViewGroup/android.view.ViewGroup/android.view.ViewGroup/android.view.ViewGroup[2]/android.view.ViewGroup/android.view.ViewGroup/android.view.ViewGroup/android.view.ViewGroup/android.view.ViewGroup/android.widget.ScrollView/android.view.ViewGroup/android.widget.ScrollView/android.view.ViewGroup/android.view.ViewGroup[3]/android.view.ViewGroup</arg>
<kw name="Wait Until Page Contains Element" library="AppiumLibrary">
<arg>${locator}</arg>
<doc>Waits until element specified with `locator` appears on current page.</doc>
<status status="PASS" starttime="20211012 12:11:01.935" endtime="20211012 12:11:02.181"/>
</kw>
<kw name="Click Element" library="AppiumLibrary">
<arg>${locator}</arg>
<doc>Click element identified by `locator`.</doc>
<msg timestamp="20211012 12:11:02.186" level="INFO">Clicking element 'xpath=/hierarchy/android.widget.FrameLayout/android.widget.LinearLayout/android.widget.FrameLayout/android.widget.LinearLayout/android.widget.FrameLayout/android.widget.FrameLayout/android.view.ViewGroup/android.view.ViewGroup/android.view.ViewGroup/android.view.ViewGroup[2]/android.view.ViewGroup/android.view.ViewGroup/android.view.ViewGroup/android.view.ViewGroup/android.view.ViewGroup/android.widget.ScrollView/android.view.ViewGroup/android.widget.ScrollView/android.view.ViewGroup/android.view.ViewGroup[3]/android.view.ViewGroup'.</msg>
<status status="PASS" starttime="20211012 12:11:02.181" endtime="20211012 12:11:02.758"/>
</kw>
<status status="PASS" starttime="20211012 12:11:01.935" endtime="20211012 12:11:02.758"/>
</kw>
<kw name="Tap The Element" library="resources">
<arg>//android.widget.TextView[@text='Male']</arg>
<kw name="Wait Until Page Contains Element" library="AppiumLibrary">
<arg>${locator}</arg>
<doc>Waits until element specified with `locator` appears on current page.</doc>
<status status="PASS" starttime="20211012 12:11:02.758" endtime="20211012 12:11:03.559"/>
</kw>
<kw name="Click Element" library="AppiumLibrary">
<arg>${locator}</arg>
<doc>Click element identified by `locator`.</doc>
<msg timestamp="20211012 12:11:03.564" level="INFO">Clicking element '//android.widget.TextView[@text='Male']'.</msg>
<status status="PASS" starttime="20211012 12:11:03.559" endtime="20211012 12:11:03.665"/>
</kw>
<status status="PASS" starttime="20211012 12:11:02.758" endtime="20211012 12:11:03.665"/>
</kw>
<kw name="Select Region" library="resources">
<kw name="Tap The Element" library="resources">
<arg>//android.widget.TextView[@text='Select Region']</arg>
<kw name="Wait Until Page Contains Element" library="AppiumLibrary">
<arg>${locator}</arg>
<doc>Waits until element specified with `locator` appears on current page.</doc>
<status status="PASS" starttime="20211012 12:11:03.666" endtime="20211012 12:11:04.591"/>
</kw>
<kw name="Click Element" library="AppiumLibrary">
<arg>${locator}</arg>
<doc>Click element identified by `locator`.</doc>
<msg timestamp="20211012 12:11:04.595" level="INFO">Clicking element '//android.widget.TextView[@text='Select Region']'.</msg>
<status status="PASS" starttime="20211012 12:11:04.592" endtime="20211012 12:11:04.791"/>
</kw>
<status status="PASS" starttime="20211012 12:11:03.666" endtime="20211012 12:11:04.791"/>
</kw>
<kw name="Tap The Element" library="resources">
<arg>${NORTH_LUZON}</arg>
<kw name="Wait Until Page Contains Element" library="AppiumLibrary">
<arg>${locator}</arg>
<doc>Waits until element specified with `locator` appears on current page.</doc>
<status status="PASS" starttime="20211012 12:11:04.792" endtime="20211012 12:11:05.692"/>
</kw>
<kw name="Click Element" library="AppiumLibrary">
<arg>${locator}</arg>
<doc>Click element identified by `locator`.</doc>
<msg timestamp="20211012 12:11:05.697" level="INFO">Clicking element '//android.widget.TextView[@text='North Luzon']'.</msg>
<status status="PASS" starttime="20211012 12:11:05.692" endtime="20211012 12:11:05.827"/>
</kw>
<status status="PASS" starttime="20211012 12:11:04.791" endtime="20211012 12:11:05.827"/>
</kw>
<status status="PASS" starttime="20211012 12:11:03.665" endtime="20211012 12:11:05.827"/>
</kw>
<kw name="Select Province" library="resources">
<kw name="Tap The Element" library="resources">
<arg>//android.widget.TextView[@text='Select Province']</arg>
<kw name="Wait Until Page Contains Element" library="AppiumLibrary">
<arg>${locator}</arg>
<doc>Waits until element specified with `locator` appears on current page.</doc>
<status status="PASS" starttime="20211012 12:11:05.828" endtime="20211012 12:11:06.700"/>
</kw>
<kw name="Click Element" library="AppiumLibrary">
<arg>${locator}</arg>
<doc>Click element identified by `locator`.</doc>
<msg timestamp="20211012 12:11:06.705" level="INFO">Clicking element '//android.widget.TextView[@text='Select Province']'.</msg>
<status status="PASS" starttime="20211012 12:11:06.701" endtime="20211012 12:11:06.886"/>
</kw>
<status status="PASS" starttime="20211012 12:11:05.828" endtime="20211012 12:11:06.887"/>
</kw>
<for flavor="IN RANGE">
<var>${i}</var>
<value>3</value>
<iter>
<var name="${i}">0</var>
<kw name="Swipe" library="AppiumLibrary">
<arg>342</arg>
<arg>915</arg>
<arg>357</arg>
<arg>494</arg>
<doc>Swipe from one point to another point, for an optional duration.</doc>
<status status="PASS" starttime="20211012 12:11:06.887" endtime="20211012 12:11:08.309"/>
</kw>
<kw name="Log To Console" library="BuiltIn">
<arg>${i}</arg>
<doc>Logs the given message to the console.</doc>
<status status="PASS" starttime="20211012 12:11:08.310" endtime="20211012 12:11:08.310"/>
</kw>
<status status="PASS" starttime="20211012 12:11:06.887" endtime="20211012 12:11:08.310"/>
</iter>
<iter>
<var name="${i}">1</var>
<kw name="Swipe" library="AppiumLibrary">
<arg>342</arg>
<arg>915</arg>
<arg>357</arg>
<arg>494</arg>
<doc>Swipe from one point to another point, for an optional duration.</doc>
<status status="PASS" starttime="20211012 12:11:08.310" endtime="20211012 12:11:09.596"/>
</kw>
<kw name="Log To Console" library="BuiltIn">
<arg>${i}</arg>
<doc>Logs the given message to the console.</doc>
<status status="PASS" starttime="20211012 12:11:09.596" endtime="20211012 12:11:09.597"/>
</kw>
<status status="PASS" starttime="20211012 12:11:08.310" endtime="20211012 12:11:09.597"/>
</iter>
<iter>
<var name="${i}">2</var>
<kw name="Swipe" library="AppiumLibrary">
<arg>342</arg>
<arg>915</arg>
<arg>357</arg>
<arg>494</arg>
<doc>Swipe from one point to another point, for an optional duration.</doc>
<status status="PASS" starttime="20211012 12:11:09.597" endtime="20211012 12:11:10.881"/>
</kw>
<kw name="Log To Console" library="BuiltIn">
<arg>${i}</arg>
<doc>Logs the given message to the console.</doc>
<status status="PASS" starttime="20211012 12:11:10.881" endtime="20211012 12:11:10.882"/>
</kw>
<status status="PASS" starttime="20211012 12:11:09.597" endtime="20211012 12:11:10.882"/>
</iter>
<status status="PASS" starttime="20211012 12:11:06.887" endtime="20211012 12:11:10.883"/>
</for>
<kw name="Tap The Element" library="resources">
<arg>//android.widget.TextView[@text='Pangasinan']</arg>
<kw name="Wait Until Page Contains Element" library="AppiumLibrary">
<arg>${locator}</arg>
<doc>Waits until element specified with `locator` appears on current page.</doc>
<status status="PASS" starttime="20211012 12:11:10.883" endtime="20211012 12:11:11.029"/>
</kw>
<kw name="Click Element" library="AppiumLibrary">
<arg>${locator}</arg>
<doc>Click element identified by `locator`.</doc>
<msg timestamp="20211012 12:11:11.033" level="INFO">Clicking element '//android.widget.TextView[@text='Pangasinan']'.</msg>
<status status="PASS" starttime="20211012 12:11:11.029" endtime="20211012 12:11:11.156"/>
</kw>
<status status="PASS" starttime="20211012 12:11:10.883" endtime="20211012 12:11:11.156"/>
</kw>
<status status="PASS" starttime="20211012 12:11:05.827" endtime="20211012 12:11:11.156"/>
</kw>
<kw name="Select City" library="resources">
<kw name="Tap The Element" library="resources">
<arg>//android.widget.TextView[@text='Select City']</arg>
<kw name="Wait Until Page Contains Element" library="AppiumLibrary">
<arg>${locator}</arg>
<doc>Waits until element specified with `locator` appears on current page.</doc>
<status status="PASS" starttime="20211012 12:11:11.157" endtime="20211012 12:11:12.330"/>
</kw>
<kw name="Click Element" library="AppiumLibrary">
<arg>${locator}</arg>
<doc>Click element identified by `locator`.</doc>
<msg timestamp="20211012 12:11:12.334" level="INFO">Clicking element '//android.widget.TextView[@text='Select City']'.</msg>
<status status="PASS" starttime="20211012 12:11:12.330" endtime="20211012 12:11:12.527"/>
</kw>
<status status="PASS" starttime="20211012 12:11:11.157" endtime="20211012 12:11:12.528"/>
</kw>
<for flavor="IN RANGE">
<var>${i}</var>
<value>4</value>
<iter>
<var name="${i}">0</var>
<kw name="Swipe" library="AppiumLibrary">
<arg>335</arg>
<arg>867</arg>
<arg>332</arg>
<arg>622</arg>
<doc>Swipe from one point to another point, for an optional duration.</doc>
<status status="PASS" starttime="20211012 12:11:12.528" endtime="20211012 12:11:14.008"/>
</kw>
<kw name="Log To Console" library="BuiltIn">
<arg>${i}</arg>
<doc>Logs the given message to the console.</doc>
<status status="PASS" starttime="20211012 12:11:14.009" endtime="20211012 12:11:14.009"/>
</kw>
<status status="PASS" starttime="20211012 12:11:12.528" endtime="20211012 12:11:14.009"/>
</iter>
<iter>
<var name="${i}">1</var>
<kw name="Swipe" library="AppiumLibrary">
<arg>335</arg>
<arg>867</arg>
<arg>332</arg>
<arg>622</arg>
<doc>Swipe from one point to another point, for an optional duration.</doc>
<status status="PASS" starttime="20211012 12:11:14.010" endtime="20211012 12:11:15.257"/>
</kw>
<kw name="Log To Console" library="BuiltIn">
<arg>${i}</arg>
<doc>Logs the given message to the console.</doc>
<status status="PASS" starttime="20211012 12:11:15.257" endtime="20211012 12:11:15.258"/>
</kw>
<status status="PASS" starttime="20211012 12:11:14.009" endtime="20211012 12:11:15.258"/>
</iter>
<iter>
<var name="${i}">2</var>
<kw name="Swipe" library="AppiumLibrary">
<arg>335</arg>
<arg>867</arg>
<arg>332</arg>
<arg>622</arg>
<doc>Swipe from one point to another point, for an optional duration.</doc>
<status status="PASS" starttime="20211012 12:11:15.258" endtime="20211012 12:11:16.526"/>
</kw>
<kw name="Log To Console" library="BuiltIn">
<arg>${i}</arg>
<doc>Logs the given message to the console.</doc>
<status status="PASS" starttime="20211012 12:11:16.526" endtime="20211012 12:11:16.527"/>
</kw>
<status status="PASS" starttime="20211012 12:11:15.258" endtime="20211012 12:11:16.527"/>
</iter>
<iter>
<var name="${i}">3</var>
<kw name="Swipe" library="AppiumLibrary">
<arg>335</arg>
<arg>867</arg>
<arg>332</arg>
<arg>622</arg>
<doc>Swipe from one point to another point, for an optional duration.</doc>
<status status="PASS" starttime="20211012 12:11:16.527" endtime="20211012 12:11:17.796"/>
</kw>
<kw name="Log To Console" library="BuiltIn">
<arg>${i}</arg>
<doc>Logs the given message to the console.</doc>
<status status="PASS" starttime="20211012 12:11:17.796" endtime="20211012 12:11:17.796"/>
</kw>
<status status="PASS" starttime="20211012 12:11:16.527" endtime="20211012 12:11:17.797"/>
</iter>
<status status="PASS" starttime="20211012 12:11:12.528" endtime="20211012 12:11:17.797"/>
</for>
<kw name="Tap The Element" library="resources">
<arg>//android.widget.TextView[@text='Binmaley']</arg>
<kw name="Wait Until Page Contains Element" library="AppiumLibrary">
<arg>${locator}</arg>
<doc>Waits until element specified with `locator` appears on current page.</doc>
<status status="PASS" starttime="20211012 12:11:17.797" endtime="20211012 12:11:17.905"/>
</kw>
<kw name="Click Element" library="AppiumLibrary">
<arg>${locator}</arg>
<doc>Click element identified by `locator`.</doc>
<msg timestamp="20211012 12:11:17.910" level="INFO">Clicking element '//android.widget.TextView[@text='Binmaley']'.</msg>
<status status="PASS" starttime="20211012 12:11:17.905" endtime="20211012 12:11:18.074"/>
</kw>
<status status="PASS" starttime="20211012 12:11:17.797" endtime="20211012 12:11:18.074"/>
</kw>
<status status="PASS" starttime="20211012 12:11:11.156" endtime="20211012 12:11:18.074"/>
</kw>
<kw name="Input Element" library="resources">
<arg>//android.widget.EditText[@text='USERNAME']</arg>
<arg>ROOT</arg>
<kw name="Wait Until Page Contains Element" library="AppiumLibrary">
<arg>${locator}</arg>
<doc>Waits until element specified with `locator` appears on current page.</doc>
<status status="PASS" starttime="20211012 12:11:18.075" endtime="20211012 12:11:19.005"/>
</kw>
<kw name="Input Text" library="AppiumLibrary">
<arg>${locator}</arg>
<arg>${value}</arg>
<doc>Types the given `text` into text field identified by `locator`.</doc>
<msg timestamp="20211012 12:11:19.010" level="INFO">Typing text 'ROOT' into text field '//android.widget.EditText[@text='USERNAME']'</msg>
<status status="PASS" starttime="20211012 12:11:19.006" endtime="20211012 12:11:19.740"/>
</kw>
<status status="PASS" starttime="20211012 12:11:18.075" endtime="20211012 12:11:19.740"/>
</kw>
<kw name="Input Element" library="resources">
<arg>//android.widget.EditText[@text='PASSWORD']</arg>
<arg>Password@123</arg>
<kw name="Wait Until Page Contains Element" library="AppiumLibrary">
<arg>${locator}</arg>
<doc>Waits until element specified with `locator` appears on current page.</doc>
<status status="PASS" starttime="20211012 12:11:19.741" endtime="20211012 12:11:20.460"/>
</kw>
<kw name="Input Text" library="AppiumLibrary">
<arg>${locator}</arg>
<arg>${value}</arg>
<doc>Types the given `text` into text field identified by `locator`.</doc>
<msg timestamp="20211012 12:11:20.465" level="INFO">Typing text 'Password@123' into text field '//android.widget.EditText[@text='PASSWORD']'</msg>
<status status="PASS" starttime="20211012 12:11:20.461" endtime="20211012 12:11:21.168"/>
</kw>
<status status="PASS" starttime="20211012 12:11:19.741" endtime="20211012 12:11:21.168"/>
</kw>
<kw name="Input Element" library="resources">
<arg>//android.widget.EditText[@text='CONFIRM PASSWORD']</arg>
<arg>Password@123</arg>
<kw name="Wait Until Page Contains Element" library="AppiumLibrary">
<arg>${locator}</arg>
<doc>Waits until element specified with `locator` appears on current page.</doc>
<status status="PASS" starttime="20211012 12:11:21.169" endtime="20211012 12:11:21.811"/>
</kw>
<kw name="Input Text" library="AppiumLibrary">
<arg>${locator}</arg>
<arg>${value}</arg>
<doc>Types the given `text` into text field identified by `locator`.</doc>
<msg timestamp="20211012 12:11:21.816" level="INFO">Typing text 'Password@123' into text field '//android.widget.EditText[@text='CONFIRM PASSWORD']'</msg>
<status status="PASS" starttime="20211012 12:11:21.811" endtime="20211012 12:11:22.022"/>
</kw>
<status status="PASS" starttime="20211012 12:11:21.168" endtime="20211012 12:11:22.022"/>
</kw>
<kw name="Tap The Element" library="resources">
<arg>//android.widget.TextView[@text='SUBMIT']</arg>
<kw name="Wait Until Page Contains Element" library="AppiumLibrary">
<arg>${locator}</arg>
<doc>Waits until element specified with `locator` appears on current page.</doc>
<status status="PASS" starttime="20211012 12:11:22.023" endtime="20211012 12:11:22.841"/>
</kw>
<kw name="Click Element" library="AppiumLibrary">
<arg>${locator}</arg>
<doc>Click element identified by `locator`.</doc>
<msg timestamp="20211012 12:11:22.850" level="INFO">Clicking element '//android.widget.TextView[@text='SUBMIT']'.</msg>
<status status="PASS" starttime="20211012 12:11:22.841" endtime="20211012 12:11:23.515"/>
</kw>
<status status="PASS" starttime="20211012 12:11:22.022" endtime="20211012 12:11:23.515"/>
</kw>
<kw name="Sleep" library="BuiltIn">
<arg>5</arg>
<doc>Pauses the test executed for the given time.</doc>
<msg timestamp="20211012 12:11:28.517" level="INFO">Slept 5 seconds</msg>
<status status="PASS" starttime="20211012 12:11:23.516" endtime="20211012 12:11:28.517"/>
</kw>
<kw name="Log To Console" library="BuiltIn">
<arg>'Hii'</arg>
<doc>Logs the given message to the console.</doc>
<status status="PASS" starttime="20211012 12:11:28.517" endtime="20211012 12:11:28.518"/>
</kw>
<status status="PASS" starttime="20211012 12:10:46.932" endtime="20211012 12:11:28.518"/>
</kw>
<status status="PASS" starttime="20211012 12:10:37.619" endtime="20211012 12:11:28.518"/>
</kw>
<kw name="Quit Application" library="AppiumLibrary" type="TEARDOWN">
<doc>Quit application. Application can be quit while Appium session is kept alive.
This keyword can be used to close application during test case or between test cases.</doc>
<status status="PASS" starttime="20211012 12:11:28.519" endtime="20211012 12:11:28.737"/>
</kw>
<status status="PASS" starttime="20211012 12:10:34.302" endtime="20211012 12:11:28.737"/>
</test>
<kw name="Close Application" library="AppiumLibrary" type="TEARDOWN">
<doc>Closes the current application and also close webdriver session.</doc>
<status status="PASS" starttime="20211012 12:11:28.740" endtime="20211012 12:11:29.005"/>
</kw>
<doc>A test case for user is able to register

This test has a workflow that is created using keywords in
the imported resource file.</doc>
<status status="PASS" starttime="20211012 12:10:18.100" endtime="20211012 12:11:29.005"/>
</suite>
<statistics>
<total>
<stat pass="1" fail="0" skip="0">All Tests</stat>
</total>
<tag>
</tag>
<suite>
<stat pass="1" fail="0" skip="0" id="s1" name="Sign Up">Sign Up</stat>
</suite>
</statistics>
<errors>
</errors>
</robot>
