<?xml version="1.0" encoding="UTF-8"?>
<robot generator="Robot 4.1.1 (Python 3.9.7 on darwin)" generated="20220103 13:47:03.795" rpa="false" schemaversion="2">
<suite id="s1" name="Login" source="/Users/qa_tester/Desktop/THR/Tests/login.robot">
<kw name="Open THR" library="resources" type="SETUP">
<kw name="Open Browser" library="Browser">
<arg>${URL}[0]</arg>
<arg>${BROWSER}</arg>
<tag>BrowserControl</tag>
<tag>Setter</tag>
<doc>Opens a new browser instance. Use this keyword for quick experiments or debugging sessions.
Use `New Page` directly instead of `Open Browser` for production and automated execution.
See `Browser, Context and Page` for more information about Browser and related concepts.</doc>
<msg timestamp="20220103 13:47:05.187" level="WARN">Open Browser is for quick experimentation and debugging only. Use New Page for production.</msg>
<msg timestamp="20220103 13:47:05.188" level="INFO">{"browser": "chromium", "headless": false, "handleSIGINT": true, "handleSIGTERM": true, "handleSIGHUP": true, "timeout": 30000.0, "devtools": false, "slowMo": 0.0, "tracesDir": "/Users/qa_tester/Desktop/THR/Output/browser/traces/7e74d295-6bf9-41b9-b881-0db1d653abd1"}</msg>
<msg timestamp="20220103 13:47:06.026" level="INFO">Successfully created browser with options: {"browser":"chromium","headless":false,"handleSIGINT":true,"handleSIGTERM":true,"handleSIGHUP":true,"timeout":30000,"devtools":false,"slowMo":0,"tracesDir":"/Users/qa_tester/Desktop/THR/Output/browser/traces/7e74d295-6bf9-41b9-b881-0db1d653abd1"}</msg>
<msg timestamp="20220103 13:47:06.028" level="INFO">{"acceptDownloads": false, "ignoreHTTPSErrors": false, "bypassCSP": true, "deviceScaleFactor": 1.0, "isMobile": false, "hasTouch": false, "javaScriptEnabled": true, "offline": false, "hideRfBrowser": false}</msg>
<msg timestamp="20220103 13:47:06.062" level="INFO">Successfully created context. </msg>
<msg timestamp="20220103 13:47:06.063" level="INFO">{'acceptDownloads': False, 'ignoreHTTPSErrors': False, 'bypassCSP': True, 'deviceScaleFactor': 1, 'isMobile': False, 'hasTouch': False, 'javaScriptEnabled': True, 'offline': False, 'hideRfBrowser': False}</msg>
<msg timestamp="20220103 13:47:17.342" level="WARN">Keyword 'Take Screenshot' could not be run on failure:
Error: Tried to take screenshot, but no page was open.</msg>
<msg timestamp="20220103 13:47:17.354" level="FAIL">TimeoutError: page.goto: Timeout 10000ms exceeded.
=========================== logs ===========================
navigating to "http://thr-phase-2-staging.bliimo.com/admin/login", waiting until "load"
============================================================</msg>
<status status="FAIL" starttime="20220103 13:47:05.186" endtime="20220103 13:47:17.354"/>
</kw>
<kw name="Get Title" library="Browser">
<arg>==</arg>
<arg>${TITLE}</arg>
<tag>Assertion</tag>
<tag>Getter</tag>
<tag>PageContent</tag>
<doc>Returns the title of the current page.</doc>
<status status="NOT RUN" starttime="20220103 13:47:17.356" endtime="20220103 13:47:17.356"/>
</kw>
<status status="FAIL" starttime="20220103 13:47:05.185" endtime="20220103 13:47:17.357"/>
</kw>
<test id="s1-t1" name="Login valid email and valid password">
<tag>positive</tag>
<status status="FAIL" starttime="20220103 13:47:17.358" endtime="20220103 13:47:17.367">Parent suite setup failed:
TimeoutError: page.goto: Timeout 10000ms exceeded.
=========================== logs ===========================
navigating to "http://thr-phase-2-staging.bliimo.com/admin/login", waiting until "load"
============================================================</status>
</test>
<kw name="Close Browser" library="Browser" type="TEARDOWN">
<tag>BrowserControl</tag>
<tag>Setter</tag>
<doc>Closes the current browser.</doc>
<msg timestamp="20220103 13:47:17.650" level="INFO">Closed browser</msg>
<status status="PASS" starttime="20220103 13:47:17.375" endtime="20220103 13:47:17.651"/>
</kw>
<doc>A test case for a THR admin is able to logged in</doc>
<status status="FAIL" starttime="20220103 13:47:03.798" endtime="20220103 13:47:17.651">Suite setup failed:
TimeoutError: page.goto: Timeout 10000ms exceeded.
=========================== logs ===========================
navigating to "http://thr-phase-2-staging.bliimo.com/admin/login", waiting until "load"
============================================================</status>
</suite>
<statistics>
<total>
<stat pass="0" fail="1" skip="0">All Tests</stat>
</total>
<tag>
<stat pass="0" fail="1" skip="0">positive</stat>
</tag>
<suite>
<stat pass="0" fail="1" skip="0" id="s1" name="Login">Login</stat>
</suite>
</statistics>
<errors>
<msg timestamp="20220103 13:47:05.187" level="WARN">Open Browser is for quick experimentation and debugging only. Use New Page for production.</msg>
<msg timestamp="20220103 13:47:17.342" level="WARN">Keyword 'Take Screenshot' could not be run on failure:
Error: Tried to take screenshot, but no page was open.</msg>
</errors>
</robot>
