<?xml version="1.0" encoding="UTF-8"?>
<robot generator="Robot 4.1.1 (Python 3.9.7 on darwin)" generated="20211029 16:43:18.964" rpa="false" schemaversion="2">
<suite id="s1" name="Android" source="/Users/qa_tester/Desktop/MBC-APP/Tests/MBC/Android">
<suite id="s1-s1" name="Edit Profile" source="/Users/qa_tester/Desktop/MBC-APP/Tests/MBC/Android/edit_profile.robot">
<kw name="Open MBC Application" library="resources" type="SETUP">
<kw name="Open Application" library="AppiumLibrary">
<arg>http://localhost:4723/wd/hub</arg>
<arg>platformName=Android</arg>
<arg>deviceName=Galaxy J5 Prime</arg>
<arg>appPackage=${MBC-APPLICATION-ID}</arg>
<arg>appActivity=${MBC-APPLICATION-ACTIVITY}</arg>
<arg>udid=4200933406a59453</arg>
<arg>automationName=Uiautomator2</arg>
<doc>Opens a new application to given Appium server.
Capabilities of appium server, Android and iOS,
Please check https://github.com/appium/appium/blob/master/docs/en/writing-running-appium/server-args.md
| *Option*            | *Man.* | *Description*     |
| remote_url          | Yes    | Appium server url |
| alias               | no     | alias             |</doc>
<status status="PASS" starttime="20211029 16:43:20.667" endtime="20211029 16:43:34.225"/>
</kw>
<status status="PASS" starttime="20211029 16:43:20.666" endtime="20211029 16:43:34.225"/>
</kw>
<test id="s1-s1-t1" name="Edit Profile test case">
<kw name="Launch Application" library="AppiumLibrary" type="SETUP">
<doc>Launch application. Application can be launched while Appium session running.
This keyword can be used to launch application during test case or between test cases.</doc>
<status status="PASS" starttime="20211029 16:43:34.229" endtime="20211029 16:43:37.374"/>
</kw>
<kw name="Go To Login Screen" library="resources">
<arg>${LOGIN_BUTTON}</arg>
<kw name="Sleep" library="BuiltIn">
<arg>5</arg>
<doc>Pauses the test executed for the given time.</doc>
<msg timestamp="20211029 16:43:42.378" level="INFO">Slept 5 seconds</msg>
<status status="PASS" starttime="20211029 16:43:37.375" endtime="20211029 16:43:42.378"/>
</kw>
<kw name="Submit Login Button" library="resources">
<arg>${BUTTON}</arg>
<kw name="Sleep" library="BuiltIn">
<arg>3</arg>
<doc>Pauses the test executed for the given time.</doc>
<msg timestamp="20211029 16:43:45.382" level="INFO">Slept 3 seconds</msg>
<status status="PASS" starttime="20211029 16:43:42.380" endtime="20211029 16:43:45.382"/>
</kw>
<kw name="Run Keyword Until Success" library="resources">
<arg>appiumlibrary.Wait Until Page Contains Element</arg>
<arg>${BUTTON}</arg>
<kw name="Wait Until Keyword Succeeds" library="BuiltIn">
<arg>5s</arg>
<arg>1s</arg>
<arg>${KW}</arg>
<arg>@{KWARGS}</arg>
<doc>Runs the specified keyword and retries if it fails.</doc>
<kw name="Wait Until Page Contains Element" library="AppiumLibrary">
<arg>@{KWARGS}</arg>
<doc>Waits until element specified with `locator` appears on current page.</doc>
<status status="PASS" starttime="20211029 16:43:45.384" endtime="20211029 16:43:46.690"/>
</kw>
<status status="PASS" starttime="20211029 16:43:45.383" endtime="20211029 16:43:46.691"/>
</kw>
<status status="PASS" starttime="20211029 16:43:45.382" endtime="20211029 16:43:46.691"/>
</kw>
<kw name="Run Keyword Until Success" library="resources">
<arg>appiumlibrary.Click Element</arg>
<arg>${BUTTON}</arg>
<kw name="Wait Until Keyword Succeeds" library="BuiltIn">
<arg>5s</arg>
<arg>1s</arg>
<arg>${KW}</arg>
<arg>@{KWARGS}</arg>
<doc>Runs the specified keyword and retries if it fails.</doc>
<kw name="Click Element" library="AppiumLibrary">
<arg>@{KWARGS}</arg>
<doc>Click element identified by `locator`.</doc>
<msg timestamp="20211029 16:43:46.698" level="INFO">Clicking element '//android.widget.TextView[@text='LOG IN']'.</msg>
<status status="PASS" starttime="20211029 16:43:46.692" endtime="20211029 16:43:47.051"/>
</kw>
<status status="PASS" starttime="20211029 16:43:46.692" endtime="20211029 16:43:47.051"/>
</kw>
<status status="PASS" starttime="20211029 16:43:46.691" endtime="20211029 16:43:47.051"/>
</kw>
<status status="PASS" starttime="20211029 16:43:42.378" endtime="20211029 16:43:47.052"/>
</kw>
<status status="PASS" starttime="20211029 16:43:37.374" endtime="20211029 16:43:47.052"/>
</kw>
<kw name="Sign with User" library="resources">
<arg>${USER_DETAILS}[email]</arg>
<arg>${LOGIN_EMAIL_FIELD}</arg>
<arg>${USER_DETAILS}[password]</arg>
<arg>${LOGIN_PASSWORD_FIELD}</arg>
<kw name="Input User Email" library="resources">
<arg>${EMAIL}</arg>
<arg>${EMAIL_FIELD}</arg>
<kw name="Run Keyword Until Success" library="resources">
<arg>Wait Until Page Contains Element</arg>
<arg>${FIELD}</arg>
<kw name="Wait Until Keyword Succeeds" library="BuiltIn">
<arg>5s</arg>
<arg>1s</arg>
<arg>${KW}</arg>
<arg>@{KWARGS}</arg>
<doc>Runs the specified keyword and retries if it fails.</doc>
<kw name="Wait Until Page Contains Element" library="AppiumLibrary">
<arg>@{KWARGS}</arg>
<doc>Waits until element specified with `locator` appears on current page.</doc>
<status status="PASS" starttime="20211029 16:43:47.055" endtime="20211029 16:43:48.131"/>
</kw>
<status status="PASS" starttime="20211029 16:43:47.054" endtime="20211029 16:43:48.131"/>
</kw>
<status status="PASS" starttime="20211029 16:43:47.054" endtime="20211029 16:43:48.132"/>
</kw>
<kw name="Run Keyword Until Success" library="resources">
<arg>Input Text</arg>
<arg>${FIELD}</arg>
<arg>${EMAIL}</arg>
<kw name="Wait Until Keyword Succeeds" library="BuiltIn">
<arg>5s</arg>
<arg>1s</arg>
<arg>${KW}</arg>
<arg>@{KWARGS}</arg>
<doc>Runs the specified keyword and retries if it fails.</doc>
<kw name="Input Text" library="AppiumLibrary">
<arg>@{KWARGS}</arg>
<doc>Types the given `text` into text field identified by `locator`.</doc>
<msg timestamp="20211029 16:43:48.144" level="INFO">Typing text 'bliimocheck@mailinator.com' into text field '//android.widget.EditText[@text='Email']'</msg>
<status status="PASS" starttime="20211029 16:43:48.133" endtime="20211029 16:43:48.816"/>
</kw>
<status status="PASS" starttime="20211029 16:43:48.132" endtime="20211029 16:43:48.816"/>
</kw>
<status status="PASS" starttime="20211029 16:43:48.132" endtime="20211029 16:43:48.816"/>
</kw>
<status status="PASS" starttime="20211029 16:43:47.053" endtime="20211029 16:43:48.817"/>
</kw>
<kw name="Input User Password" library="resources">
<arg>${USERPASSWORD}</arg>
<arg>${PASSWORD_FIELD}</arg>
<kw name="Run Keyword Until Success" library="resources">
<arg>Wait Until Page Contains Element</arg>
<arg>${FIELD}</arg>
<kw name="Wait Until Keyword Succeeds" library="BuiltIn">
<arg>5s</arg>
<arg>1s</arg>
<arg>${KW}</arg>
<arg>@{KWARGS}</arg>
<doc>Runs the specified keyword and retries if it fails.</doc>
<kw name="Wait Until Page Contains Element" library="AppiumLibrary">
<arg>@{KWARGS}</arg>
<doc>Waits until element specified with `locator` appears on current page.</doc>
<status status="PASS" starttime="20211029 16:43:48.819" endtime="20211029 16:43:49.684"/>
</kw>
<status status="PASS" starttime="20211029 16:43:48.819" endtime="20211029 16:43:49.684"/>
</kw>
<status status="PASS" starttime="20211029 16:43:48.818" endtime="20211029 16:43:49.685"/>
</kw>
<kw name="Run Keyword Until Success" library="resources">
<arg>Input Password</arg>
<arg>${FIELD}</arg>
<arg>${PASSWORD}</arg>
<kw name="Wait Until Keyword Succeeds" library="BuiltIn">
<arg>5s</arg>
<arg>1s</arg>
<arg>${KW}</arg>
<arg>@{KWARGS}</arg>
<doc>Runs the specified keyword and retries if it fails.</doc>
<kw name="Input Password" library="AppiumLibrary">
<arg>@{KWARGS}</arg>
<doc>Types the given password into text field identified by `locator`.</doc>
<msg timestamp="20211029 16:43:49.697" level="INFO">Typing password into text field '//android.widget.EditText[@text='Password']'</msg>
<status status="PASS" starttime="20211029 16:43:49.687" endtime="20211029 16:43:50.571"/>
</kw>
<status status="PASS" starttime="20211029 16:43:49.686" endtime="20211029 16:43:50.571"/>
</kw>
<status status="PASS" starttime="20211029 16:43:49.685" endtime="20211029 16:43:50.571"/>
</kw>
<status status="PASS" starttime="20211029 16:43:48.817" endtime="20211029 16:43:50.572"/>
</kw>
<status status="PASS" starttime="20211029 16:43:47.053" endtime="20211029 16:43:50.572"/>
</kw>
<kw name="Submit Login Button" library="resources">
<arg>${LOGIN_BUTTON}</arg>
<kw name="Sleep" library="BuiltIn">
<arg>3</arg>
<doc>Pauses the test executed for the given time.</doc>
<msg timestamp="20211029 16:43:53.576" level="INFO">Slept 3 seconds</msg>
<status status="PASS" starttime="20211029 16:43:50.574" endtime="20211029 16:43:53.576"/>
</kw>
<kw name="Run Keyword Until Success" library="resources">
<arg>appiumlibrary.Wait Until Page Contains Element</arg>
<arg>${BUTTON}</arg>
<kw name="Wait Until Keyword Succeeds" library="BuiltIn">
<arg>5s</arg>
<arg>1s</arg>
<arg>${KW}</arg>
<arg>@{KWARGS}</arg>
<doc>Runs the specified keyword and retries if it fails.</doc>
<kw name="Wait Until Page Contains Element" library="AppiumLibrary">
<arg>@{KWARGS}</arg>
<doc>Waits until element specified with `locator` appears on current page.</doc>
<status status="PASS" starttime="20211029 16:43:53.583" endtime="20211029 16:43:53.873"/>
</kw>
<status status="PASS" starttime="20211029 16:43:53.580" endtime="20211029 16:43:53.873"/>
</kw>
<status status="PASS" starttime="20211029 16:43:53.577" endtime="20211029 16:43:53.873"/>
</kw>
<kw name="Run Keyword Until Success" library="resources">
<arg>appiumlibrary.Click Element</arg>
<arg>${BUTTON}</arg>
<kw name="Wait Until Keyword Succeeds" library="BuiltIn">
<arg>5s</arg>
<arg>1s</arg>
<arg>${KW}</arg>
<arg>@{KWARGS}</arg>
<doc>Runs the specified keyword and retries if it fails.</doc>
<kw name="Click Element" library="AppiumLibrary">
<arg>@{KWARGS}</arg>
<doc>Click element identified by `locator`.</doc>
<msg timestamp="20211029 16:43:53.884" level="INFO">Clicking element '//android.widget.TextView[@text='LOG IN']'.</msg>
<status status="PASS" starttime="20211029 16:43:53.874" endtime="20211029 16:43:54.189"/>
</kw>
<status status="PASS" starttime="20211029 16:43:53.874" endtime="20211029 16:43:54.189"/>
</kw>
<status status="PASS" starttime="20211029 16:43:53.873" endtime="20211029 16:43:54.190"/>
</kw>
<status status="PASS" starttime="20211029 16:43:50.573" endtime="20211029 16:43:54.190"/>
</kw>
<kw name="Handle Modals" library="resources">
<arg>${MODAL_LOGGED_IN_ANOTHER_DEVICE}</arg>
<arg>${USE_HERE_BUTTON}</arg>
<kw name="Run Keyword And Return Status" library="BuiltIn">
<var>${PASSED}</var>
<arg>Wait Until Page Contains Element</arg>
<arg>${MODAL_NAME}</arg>
<doc>Runs the given keyword with given arguments and returns the status as a Boolean value.</doc>
<kw name="Wait Until Page Contains Element" library="AppiumLibrary">
<arg>${MODAL_NAME}</arg>
<doc>Waits until element specified with `locator` appears on current page.</doc>
<status status="PASS" starttime="20211029 16:43:54.191" endtime="20211029 16:43:56.305"/>
</kw>
<msg timestamp="20211029 16:43:56.305" level="INFO">${PASSED} = True</msg>
<status status="PASS" starttime="20211029 16:43:54.191" endtime="20211029 16:43:56.305"/>
</kw>
<kw name="Run Keyword If" library="BuiltIn">
<arg>${PASSED}</arg>
<arg>Tap The Element</arg>
<arg>${BUTTON}</arg>
<doc>Runs the given keyword with the given arguments, if ``condition`` is true.</doc>
<kw name="Tap The Element" library="resources">
<arg>${BUTTON}</arg>
<kw name="Wait Until Page Contains Element" library="AppiumLibrary">
<arg>${locator}</arg>
<doc>Waits until element specified with `locator` appears on current page.</doc>
<status status="PASS" starttime="20211029 16:43:56.307" endtime="20211029 16:43:56.410"/>
</kw>
<kw name="Click Element" library="AppiumLibrary">
<arg>${locator}</arg>
<doc>Click element identified by `locator`.</doc>
<msg timestamp="20211029 16:43:56.418" level="INFO">Clicking element '//android.widget.TextView[@text='USE HERE']'.</msg>
<status status="PASS" starttime="20211029 16:43:56.411" endtime="20211029 16:43:56.574"/>
</kw>
<status status="PASS" starttime="20211029 16:43:56.306" endtime="20211029 16:43:56.574"/>
</kw>
<status status="PASS" starttime="20211029 16:43:56.305" endtime="20211029 16:43:56.574"/>
</kw>
<status status="PASS" starttime="20211029 16:43:54.190" endtime="20211029 16:43:56.574"/>
</kw>
<kw name="Run Keyword And Return Status" library="BuiltIn">
<var>${PASSED}</var>
<arg>Wait Until Page Contains Element</arg>
<arg>${VERIFICATION_MODAL}</arg>
<doc>Runs the given keyword with given arguments and returns the status as a Boolean value.</doc>
<kw name="Wait Until Page Contains Element" library="AppiumLibrary">
<arg>${VERIFICATION_MODAL}</arg>
<doc>Waits until element specified with `locator` appears on current page.</doc>
<kw name="Capture Page Screenshot" library="AppiumLibrary">
<doc>Takes a screenshot of the current page and embeds it into the log.</doc>
<msg timestamp="20211029 16:44:03.760" level="INFO" html="true">&lt;/td&gt;&lt;/tr&gt;&lt;tr&gt;&lt;td colspan="3"&gt;&lt;a href="appium-screenshot-1.png"&gt;&lt;img src="appium-screenshot-1.png" width="800px"&gt;&lt;/a&gt;</msg>
<status status="PASS" starttime="20211029 16:44:02.047" endtime="20211029 16:44:03.760"/>
</kw>
<msg timestamp="20211029 16:44:03.762" level="FAIL">Element '//android.widget.TextView[@text='VERIFICATION!']' did not appear in 5 seconds</msg>
<status status="FAIL" starttime="20211029 16:43:56.575" endtime="20211029 16:44:03.762"/>
</kw>
<msg timestamp="20211029 16:44:03.762" level="INFO">${PASSED} = False</msg>
<status status="PASS" starttime="20211029 16:43:56.575" endtime="20211029 16:44:03.762"/>
</kw>
<kw name="Run Keyword If" library="BuiltIn">
<arg>'${PASSED}' == 'True'</arg>
<arg>Handle Verification</arg>
<doc>Runs the given keyword with the given arguments, if ``condition`` is true.</doc>
<status status="PASS" starttime="20211029 16:44:03.762" endtime="20211029 16:44:03.763"/>
</kw>
<kw name="Wait Until Page Contains Element" library="AppiumLibrary">
<arg>${SKIP_TUTORIAL}</arg>
<doc>Waits until element specified with `locator` appears on current page.</doc>
<status status="PASS" starttime="20211029 16:44:03.763" endtime="20211029 16:44:03.865"/>
</kw>
<kw name="Tap The Element" library="resources">
<arg>${SKIP_TUTORIAL}</arg>
<kw name="Wait Until Page Contains Element" library="AppiumLibrary">
<arg>${locator}</arg>
<doc>Waits until element specified with `locator` appears on current page.</doc>
<status status="PASS" starttime="20211029 16:44:03.866" endtime="20211029 16:44:03.977"/>
</kw>
<kw name="Click Element" library="AppiumLibrary">
<arg>${locator}</arg>
<doc>Click element identified by `locator`.</doc>
<msg timestamp="20211029 16:44:03.982" level="INFO">Clicking element '//android.widget.TextView[@text='Skip Tutorial']'.</msg>
<status status="PASS" starttime="20211029 16:44:03.977" endtime="20211029 16:44:04.153"/>
</kw>
<status status="PASS" starttime="20211029 16:44:03.866" endtime="20211029 16:44:04.154"/>
</kw>
<kw name="Sleep" library="BuiltIn">
<arg>5</arg>
<doc>Pauses the test executed for the given time.</doc>
<msg timestamp="20211029 16:44:09.157" level="INFO">Slept 5 seconds</msg>
<status status="PASS" starttime="20211029 16:44:04.155" endtime="20211029 16:44:09.158"/>
</kw>
<kw name="Swipe" library="AppiumLibrary">
<arg>5</arg>
<arg>173</arg>
<arg>176</arg>
<arg>178</arg>
<doc>Swipe from one point to another point, for an optional duration.</doc>
<status status="PASS" starttime="20211029 16:44:09.158" endtime="20211029 16:44:10.448"/>
</kw>
<kw name="Tap The Element" library="resources">
<arg>//android.widget.TextView[@text='Edit Profile']</arg>
<kw name="Wait Until Page Contains Element" library="AppiumLibrary">
<arg>${locator}</arg>
<doc>Waits until element specified with `locator` appears on current page.</doc>
<status status="PASS" starttime="20211029 16:44:10.449" endtime="20211029 16:44:11.414"/>
</kw>
<kw name="Click Element" library="AppiumLibrary">
<arg>${locator}</arg>
<doc>Click element identified by `locator`.</doc>
<msg timestamp="20211029 16:44:11.419" level="INFO">Clicking element '//android.widget.TextView[@text='Edit Profile']'.</msg>
<status status="PASS" starttime="20211029 16:44:11.414" endtime="20211029 16:44:11.734"/>
</kw>
<status status="PASS" starttime="20211029 16:44:10.448" endtime="20211029 16:44:11.734"/>
</kw>
<kw name="Sleep" library="BuiltIn">
<arg>5</arg>
<doc>Pauses the test executed for the given time.</doc>
<msg timestamp="20211029 16:44:16.738" level="INFO">Slept 5 seconds</msg>
<status status="PASS" starttime="20211029 16:44:11.734" endtime="20211029 16:44:16.739"/>
</kw>
<kw name="Log To Console" library="BuiltIn">
<arg>'Edit Profile'</arg>
<doc>Logs the given message to the console.</doc>
<status status="PASS" starttime="20211029 16:44:16.739" endtime="20211029 16:44:16.739"/>
</kw>
<kw name="Edit TextField" library="resources">
<arg>//android.widget.EditText[@index=2]</arg>
<arg>Test</arg>
<kw name="Wait Until Page Contains Element" library="AppiumLibrary">
<arg>${FIELD}</arg>
<doc>Waits until element specified with `locator` appears on current page.</doc>
<status status="PASS" starttime="20211029 16:44:16.741" endtime="20211029 16:44:17.060"/>
</kw>
<kw name="Clear Text" library="AppiumLibrary">
<arg>${FIELD}</arg>
<doc>Clears the text field identified by `locator`.</doc>
<msg timestamp="20211029 16:44:17.065" level="INFO">Clear text field '//android.widget.EditText[@index=2]'</msg>
<status status="PASS" starttime="20211029 16:44:17.060" endtime="20211029 16:44:17.365"/>
</kw>
<kw name="Input Text" library="AppiumLibrary">
<arg>${FIELD}</arg>
<arg>${NAME}</arg>
<doc>Types the given `text` into text field identified by `locator`.</doc>
<msg timestamp="20211029 16:44:17.371" level="INFO">Typing text 'Test' into text field '//android.widget.EditText[@index=2]'</msg>
<status status="PASS" starttime="20211029 16:44:17.365" endtime="20211029 16:44:18.925"/>
</kw>
<status status="PASS" starttime="20211029 16:44:16.740" endtime="20211029 16:44:18.925"/>
</kw>
<kw name="Edit TextField" library="resources">
<arg>//android.widget.EditText[@index=3]</arg>
<arg>check</arg>
<kw name="Wait Until Page Contains Element" library="AppiumLibrary">
<arg>${FIELD}</arg>
<doc>Waits until element specified with `locator` appears on current page.</doc>
<status status="PASS" starttime="20211029 16:44:18.926" endtime="20211029 16:44:19.890"/>
</kw>
<kw name="Clear Text" library="AppiumLibrary">
<arg>${FIELD}</arg>
<doc>Clears the text field identified by `locator`.</doc>
<msg timestamp="20211029 16:44:19.896" level="INFO">Clear text field '//android.widget.EditText[@index=3]'</msg>
<status status="PASS" starttime="20211029 16:44:19.890" endtime="20211029 16:44:20.192"/>
</kw>
<kw name="Input Text" library="AppiumLibrary">
<arg>${FIELD}</arg>
<arg>${NAME}</arg>
<doc>Types the given `text` into text field identified by `locator`.</doc>
<msg timestamp="20211029 16:44:20.198" level="INFO">Typing text 'check' into text field '//android.widget.EditText[@index=3]'</msg>
<status status="PASS" starttime="20211029 16:44:20.192" endtime="20211029 16:44:21.738"/>
</kw>
<status status="PASS" starttime="20211029 16:44:18.926" endtime="20211029 16:44:21.739"/>
</kw>
<kw name="Swipe" library="AppiumLibrary">
<arg>335</arg>
<arg>1174</arg>
<arg>356</arg>
<arg>670</arg>
<doc>Swipe from one point to another point, for an optional duration.</doc>
<status status="PASS" starttime="20211029 16:44:21.739" endtime="20211029 16:44:23.050"/>
</kw>
<kw name="Tap The Element" library="resources">
<arg>//android.widget.TextView[@text='SUBMIT']</arg>
<kw name="Wait Until Page Contains Element" library="AppiumLibrary">
<arg>${locator}</arg>
<doc>Waits until element specified with `locator` appears on current page.</doc>
<status status="PASS" starttime="20211029 16:44:23.051" endtime="20211029 16:44:23.382"/>
</kw>
<kw name="Click Element" library="AppiumLibrary">
<arg>${locator}</arg>
<doc>Click element identified by `locator`.</doc>
<msg timestamp="20211029 16:44:23.388" level="INFO">Clicking element '//android.widget.TextView[@text='SUBMIT']'.</msg>
<status status="PASS" starttime="20211029 16:44:23.383" endtime="20211029 16:44:23.709"/>
</kw>
<status status="PASS" starttime="20211029 16:44:23.051" endtime="20211029 16:44:23.709"/>
</kw>
<kw name="Quit Application" library="AppiumLibrary" type="TEARDOWN">
<doc>Quit application. Application can be quit while Appium session is kept alive.
This keyword can be used to close application during test case or between test cases.</doc>
<status status="PASS" starttime="20211029 16:44:23.710" endtime="20211029 16:44:23.902"/>
</kw>
<tag>positive</tag>
<tag>sanity</tag>
<status status="PASS" starttime="20211029 16:43:34.225" endtime="20211029 16:44:23.902"/>
</test>
<kw name="Close Application" library="AppiumLibrary" type="TEARDOWN">
<doc>Closes the current application and also close webdriver session.</doc>
<status status="PASS" starttime="20211029 16:44:23.906" endtime="20211029 16:44:24.124"/>
</kw>
<doc>A test case for a user is able to edit him/her profile</doc>
<status status="PASS" starttime="20211029 16:43:19.006" endtime="20211029 16:44:24.124"/>
</suite>
<suite id="s1-s2" name="Forgot Password" source="/Users/qa_tester/Desktop/MBC-APP/Tests/MBC/Android/forgot_password.robot">
<kw name="Open MBC Application" library="resources" type="SETUP">
<kw name="Open Application" library="AppiumLibrary">
<arg>http://localhost:4723/wd/hub</arg>
<arg>platformName=Android</arg>
<arg>deviceName=Galaxy J5 Prime</arg>
<arg>appPackage=${MBC-APPLICATION-ID}</arg>
<arg>appActivity=${MBC-APPLICATION-ACTIVITY}</arg>
<arg>udid=4200933406a59453</arg>
<arg>automationName=Uiautomator2</arg>
<doc>Opens a new application to given Appium server.
Capabilities of appium server, Android and iOS,
Please check https://github.com/appium/appium/blob/master/docs/en/writing-running-appium/server-args.md
| *Option*            | *Man.* | *Description*     |
| remote_url          | Yes    | Appium server url |
| alias               | no     | alias             |</doc>
<status status="PASS" starttime="20211029 16:44:24.139" endtime="20211029 16:44:35.652"/>
</kw>
<status status="PASS" starttime="20211029 16:44:24.139" endtime="20211029 16:44:35.652"/>
</kw>
<test id="s1-s2-t1" name="Forgot password test case">
<kw name="Launch Application" library="AppiumLibrary" type="SETUP">
<doc>Launch application. Application can be launched while Appium session running.
This keyword can be used to launch application during test case or between test cases.</doc>
<status status="PASS" starttime="20211029 16:44:35.655" endtime="20211029 16:44:39.578"/>
</kw>
<kw name="Go To Login Screen" library="resources">
<arg>${LOGIN_BUTTON}</arg>
<kw name="Sleep" library="BuiltIn">
<arg>5</arg>
<doc>Pauses the test executed for the given time.</doc>
<msg timestamp="20211029 16:44:44.579" level="INFO">Slept 5 seconds</msg>
<status status="PASS" starttime="20211029 16:44:39.578" endtime="20211029 16:44:44.580"/>
</kw>
<kw name="Submit Login Button" library="resources">
<arg>${BUTTON}</arg>
<kw name="Sleep" library="BuiltIn">
<arg>3</arg>
<doc>Pauses the test executed for the given time.</doc>
<msg timestamp="20211029 16:44:47.583" level="INFO">Slept 3 seconds</msg>
<status status="PASS" starttime="20211029 16:44:44.581" endtime="20211029 16:44:47.584"/>
</kw>
<kw name="Run Keyword Until Success" library="resources">
<arg>appiumlibrary.Wait Until Page Contains Element</arg>
<arg>${BUTTON}</arg>
<kw name="Wait Until Keyword Succeeds" library="BuiltIn">
<arg>5s</arg>
<arg>1s</arg>
<arg>${KW}</arg>
<arg>@{KWARGS}</arg>
<doc>Runs the specified keyword and retries if it fails.</doc>
<kw name="Wait Until Page Contains Element" library="AppiumLibrary">
<arg>@{KWARGS}</arg>
<doc>Waits until element specified with `locator` appears on current page.</doc>
<status status="PASS" starttime="20211029 16:44:47.586" endtime="20211029 16:44:48.894"/>
</kw>
<status status="PASS" starttime="20211029 16:44:47.585" endtime="20211029 16:44:48.894"/>
</kw>
<status status="PASS" starttime="20211029 16:44:47.584" endtime="20211029 16:44:48.895"/>
</kw>
<kw name="Run Keyword Until Success" library="resources">
<arg>appiumlibrary.Click Element</arg>
<arg>${BUTTON}</arg>
<kw name="Wait Until Keyword Succeeds" library="BuiltIn">
<arg>5s</arg>
<arg>1s</arg>
<arg>${KW}</arg>
<arg>@{KWARGS}</arg>
<doc>Runs the specified keyword and retries if it fails.</doc>
<kw name="Click Element" library="AppiumLibrary">
<arg>@{KWARGS}</arg>
<doc>Click element identified by `locator`.</doc>
<msg timestamp="20211029 16:44:48.901" level="INFO">Clicking element '//android.widget.TextView[@text='LOG IN']'.</msg>
<status status="PASS" starttime="20211029 16:44:48.896" endtime="20211029 16:44:49.256"/>
</kw>
<status status="PASS" starttime="20211029 16:44:48.895" endtime="20211029 16:44:49.256"/>
</kw>
<status status="PASS" starttime="20211029 16:44:48.895" endtime="20211029 16:44:49.257"/>
</kw>
<status status="PASS" starttime="20211029 16:44:44.580" endtime="20211029 16:44:49.257"/>
</kw>
<status status="PASS" starttime="20211029 16:44:39.578" endtime="20211029 16:44:49.257"/>
</kw>
<kw name="Forgot Password" library="resources">
<kw name="Tap The Element" library="resources">
<arg>${FORGOT PASSWORD TEXT}</arg>
<kw name="Wait Until Page Contains Element" library="AppiumLibrary">
<arg>${locator}</arg>
<doc>Waits until element specified with `locator` appears on current page.</doc>
<status status="PASS" starttime="20211029 16:44:49.258" endtime="20211029 16:44:50.997"/>
</kw>
<kw name="Click Element" library="AppiumLibrary">
<arg>${locator}</arg>
<doc>Click element identified by `locator`.</doc>
<msg timestamp="20211029 16:44:51.003" level="INFO">Clicking element '//android.widget.TextView[@text='Forgot your password?']'.</msg>
<status status="PASS" starttime="20211029 16:44:50.997" endtime="20211029 16:44:51.409"/>
</kw>
<status status="PASS" starttime="20211029 16:44:49.258" endtime="20211029 16:44:51.409"/>
</kw>
<kw name="Wait Until Page Contains Element" library="AppiumLibrary">
<arg>${FORGOT PASSWORD FIELD}</arg>
<doc>Waits until element specified with `locator` appears on current page.</doc>
<status status="PASS" starttime="20211029 16:44:51.410" endtime="20211029 16:44:52.930"/>
</kw>
<kw name="Input Text" library="AppiumLibrary">
<arg>${FORGOT PASSWORD FIELD}</arg>
<arg>${USER_DETAILS}[email]</arg>
<doc>Types the given `text` into text field identified by `locator`.</doc>
<msg timestamp="20211029 16:44:52.936" level="INFO">Typing text 'bliimocheck@mailinator.com' into text field '//android.widget.EditText[@text='Please enter your email']'</msg>
<status status="PASS" starttime="20211029 16:44:52.931" endtime="20211029 16:44:53.248"/>
</kw>
<kw name="Run Keyword Until Success" library="resources">
<arg>Click Element</arg>
<arg>//android.widget.TextView[@text='CONFIRM']</arg>
<kw name="Wait Until Keyword Succeeds" library="BuiltIn">
<arg>5s</arg>
<arg>1s</arg>
<arg>${KW}</arg>
<arg>@{KWARGS}</arg>
<doc>Runs the specified keyword and retries if it fails.</doc>
<kw name="Click Element" library="AppiumLibrary">
<arg>@{KWARGS}</arg>
<doc>Click element identified by `locator`.</doc>
<msg timestamp="20211029 16:44:53.255" level="INFO">Clicking element '//android.widget.TextView[@text='CONFIRM']'.</msg>
<status status="PASS" starttime="20211029 16:44:53.250" endtime="20211029 16:44:54.096"/>
</kw>
<status status="PASS" starttime="20211029 16:44:53.249" endtime="20211029 16:44:54.096"/>
</kw>
<status status="PASS" starttime="20211029 16:44:53.248" endtime="20211029 16:44:54.097"/>
</kw>
<kw name="Wait Until Page Contains Element" library="AppiumLibrary">
<arg>//android.widget.TextView[@text='SUCCESS']</arg>
<doc>Waits until element specified with `locator` appears on current page.</doc>
<msg timestamp="20211029 16:44:59.693" level="INFO">&lt;?xml version='1.0' encoding='UTF-8' standalone='yes' ?&gt;
&lt;hierarchy index="0" class="hierarchy" rotation="0" width="720" height="1280"&gt;
  &lt;android.widget.FrameLayout index="0" package="com.mbcapp" class="android.widget.FrameLayout" text="" checkable="false" checked="false" clickable="false" enabled="true" focusable="false" focused="false" long-clickable="false" password="false" scrollable="false" selected="false" bounds="[0,0][720,1280]" displayed="true"&gt;
    &lt;android.widget.LinearLayout index="0" package="com.mbcapp" class="android.widget.LinearLayout" text="" checkable="false" checked="false" clickable="false" enabled="true" focusable="false" focused="false" long-clickable="false" password="false" scrollable="false" selected="false" bounds="[0,0][720,1280]" displayed="true"&gt;
      &lt;android.widget.FrameLayout index="0" package="com.mbcapp" class="android.widget.FrameLayout" text="" checkable="false" checked="false" clickable="false" enabled="true" focusable="false" focused="false" long-clickable="false" password="false" scrollable="false" selected="false" bounds="[0,48][720,1280]" displayed="true"&gt;
        &lt;android.widget.LinearLayout index="0" package="com.mbcapp" class="android.widget.LinearLayout" text="" resource-id="com.mbcapp:id/action_bar_root" checkable="false" checked="false" clickable="false" enabled="true" focusable="false" focused="false" long-clickable="false" password="false" scrollable="false" selected="false" bounds="[0,48][720,1280]" displayed="true"&gt;
          &lt;android.widget.FrameLayout index="0" package="com.mbcapp" class="android.widget.FrameLayout" text="" resource-id="android:id/content" checkable="false" checked="false" clickable="false" enabled="true" focusable="false" focused="false" long-clickable="false" password="false" scrollable="false" selected="false" bounds="[0,48][720,1280]" displayed="true"&gt;
            &lt;android.widget.FrameLayout index="0" package="com.mbcapp" class="android.widget.FrameLayout" text="" checkable="false" checked="false" clickable="false" enabled="true" focusable="false" focused="false" long-clickable="false" password="false" scrollable="false" selected="false" bounds="[0,48][720,1280]" displayed="true"&gt;
              &lt;android.view.ViewGroup index="0" package="com.mbcapp" class="android.view.ViewGroup" text="" checkable="false" checked="false" clickable="false" enabled="true" focusable="false" focused="false" long-clickable="false" password="false" scrollable="false" selected="false" bounds="[0,48][720,1280]" displayed="true"&gt;
                &lt;android.view.ViewGroup index="0" package="com.mbcapp" class="android.view.ViewGroup" text="" checkable="false" checked="false" clickable="false" enabled="true" focusable="false" focused="false" long-clickable="false" password="false" scrollable="false" selected="false" bounds="[0,48][720,1280]" displayed="true"&gt;
                  &lt;android.view.ViewGroup index="0" package="com.mbcapp" class="android.view.ViewGroup" text="" checkable="false" checked="false" clickable="false" enabled="true" focusable="false" focused="false" long-clickable="false" password="false" scrollable="false" selected="false" bounds="[0,48][720,1280]" displayed="true"&gt;
                    &lt;android.view.ViewGroup index="2" package="com.mbcapp" class="android.view.ViewGroup" text="" checkable="false" checked="false" clickable="false" enabled="true" focusable="false" focused="false" long-clickable="false" password="false" scrollable="false" selected="false" bounds="[0,48][720,1280]" displayed="true"&gt;
                      &lt;android.view.ViewGroup index="0" package="com.mbcapp" class="android.view.ViewGroup" text="" checkable="false" checked="false" clickable="false" enabled="true" focusable="false" focused="false" long-clickable="false" password="false" scrollable="false" selected="false" bounds="[0,48][720,1280]" displayed="true"&gt;
                        &lt;android.view.ViewGroup index="0" package="com.mbcapp" class="android.view.ViewGroup" text="" checkable="false" checked="false" clickable="false" enabled="true" focusable="false" focused="false" long-clickable="false" password="false" scrollable="false" selected="false" bounds="[0,48][720,1280]" displayed="true"&gt;
                          &lt;android.view.ViewGroup index="0" package="com.mbcapp" class="android.view.ViewGroup" text="" checkable="false" checked="false" clickable="false" enabled="true" focusable="false" focused="false" long-clickable="false" password="false" scrollable="false" selected="false" bounds="[0,48][720,1280]" displayed="true"&gt;
                            &lt;android.view.ViewGroup index="0" package="com.mbcapp" class="android.view.ViewGroup" text="" checkable="false" checked="false" clickable="false" enabled="true" focusable="false" focused="false" long-clickable="false" password="false" scrollable="false" selected="false" bounds="[0,48][720,1280]" displayed="true"&gt;
                              &lt;android.widget.ImageView index="0" package="com.mbcapp" class="android.widget.ImageView" text="" checkable="false" checked="false" clickable="false" enabled="true" focusable="false" focused="false" long-clickable="false" password="false" scrollable="false" selected="false" bounds="[0,68][720,526]" displayed="true" /&gt;
                              &lt;android.widget.ImageView index="1" package="com.mbcapp" class="android.widget.ImageView" text="" checkable="false" checked="false" clickable="false" enabled="true" focusable="false" focused="false" long-clickable="false" password="false" scrollable="false" selected="false" bounds="[0,48][720,446]" displayed="true" /&gt;
                              &lt;android.widget.ImageView index="2" package="com.mbcapp" class="android.widget.ImageView" text="" checkable="false" checked="false" clickable="false" enabled="true" focusable="false" focused="false" long-clickable="false" password="false" scrollable="false" selected="false" bounds="[0,48][720,1280]" displayed="true" /&gt;
                              &lt;android.view.ViewGroup index="3" package="com.mbcapp" class="android.view.ViewGroup" text="" checkable="false" checked="false" clickable="false" enabled="true" focusable="false" focused="false" long-clickable="false" password="false" scrollable="false" selected="false" bounds="[0,408][720,774]" displayed="true"&gt;
                                &lt;android.widget.ImageView index="0" package="com.mbcapp" class="android.widget.ImageView" text="" checkable="false" checked="false" clickable="false" enabled="true" focusable="false" focused="false" long-clickable="false" password="false" scrollable="false" selected="false" bounds="[26,408][694,774]" displayed="true" /&gt;
                              &lt;/android.view.ViewGroup&gt;
                              &lt;android.view.ViewGroup index="4" package="com.mbcapp" class="android.view.ViewGroup" text="" checkable="false" checked="false" clickable="false" enabled="true" focusable="false" focused="false" long-clickable="false" password="false" scrollable="false" selected="false" bounds="[0,774][720,818]" displayed="true"&gt;
                                &lt;android.widget.TextView index="0" package="com.mbcapp" class="android.widget.TextView" text="Radyo, Palaro at Papremyo!" checkable="false" checked="false" clickable="false" enabled="true" focusable="false" focused="false" long-clickable="false" password="false" scrollable="false" selected="false" bounds="[154,774][567,818]" displayed="true" /&gt;
                              &lt;/android.view.ViewGroup&gt;
                              &lt;android.view.ViewGroup index="5" package="com.mbcapp" class="android.view.ViewGroup" text="" checkable="false" checked="false" clickable="false" enabled="true" focusable="false" focused="false" long-clickable="false" password="false" scrollable="false" selected="false" bounds="[0,858][720,1280]" displayed="true"&gt;
                                &lt;android.view.ViewGroup index="0" package="com.mbcapp" class="android.view.ViewGroup" text="" checkable="false" checked="false" clickable="false" enabled="true" focusable="false" focused="false" long-clickable="false" password="false" scrollable="false" selected="false" bounds="[177,858][543,1280]" displayed="true"&gt;
                                  &lt;android.view.ViewGroup index="0" package="com.mbcapp" class="android.view.ViewGroup" text="" checkable="false" checked="false" clickable="true" enabled="true" focusable="true" focused="false" long-clickable="false" password="false" scrollable="false" selected="false" bounds="[216,858][504,938]" displayed="true"&gt;
                                    &lt;android.widget.TextView index="0" package="com.mbcapp" class="android.widget.TextView" text="LOG IN" checkable="false" checked="false" clickable="false" enabled="true" focusable="false" focused="false" long-clickable="false" password="false" scrollable="false" selected="false" bounds="[309,876][412,920]" displayed="true" /&gt;
                                  &lt;/android.view.ViewGroup&gt;
                                  &lt;android.widget.TextView index="1" package="com.mbcapp" class="android.widget.TextView" text="OR REGISTER" checkable="false" checked="false" clickable="false" enabled="true" focusable="false" focused="false" long-clickable="false" password="false" scrollable="false" selected="false" bounds="[273,978][448,1017]" displayed="true" /&gt;
                                  &lt;android.view.ViewGroup index="2" package="com.mbcapp" class="android.view.ViewGroup" text="" checkable="false" checked="false" clickable="true" enabled="true" focusable="true" focused="false" long-clickable="false" password="false" scrollable="false" selected="false" bounds="[193,1057][283,1147]" displayed="true"&gt;
                                    &lt;android.view.ViewGroup index="0" package="com.mbcapp" class="android.view.ViewGroup" text="" checkable="false" checked="false" clickable="false" enabled="true" focusable="false" focused="false" long-clickable="false" password="false" scrollable="false" selected="false" bounds="[193,1057][283,1147]" displayed="true"&gt;
                                      &lt;android.view.View index="0" package="com.mbcapp" class="android.view.View" text="" checkable="false" checked="false" clickable="false" enabled="true" focusable="false" focused="false" long-clickable="false" password="false" scrollable="false" selected="false" bounds="[193,1057][283,1147]" displayed="true" /&gt;
                                      &lt;android.widget.ImageView index="1" package="com.mbcapp" class="android.widget.ImageView" text="" checkable="false" checked="false" clickable="false" enabled="true" focusable="false" focused="false" long-clickable="false" password="false" scrollable="false" selected="false" bounds="[203,1067][273,1137]" displayed="true" /&gt;
                                    &lt;/android.view.ViewGroup&gt;
                                  &lt;/android.view.ViewGroup&gt;
                                  &lt;android.view.ViewGroup index="3" package="com.mbcapp" class="android.view.ViewGroup" text="" checkable="false" checked="false" clickable="true" enabled="true" focusable="true" focused="false" long-clickable="false" password="false" scrollable="false" selected="false" bounds="[315,1057][405,1147]" displayed="true"&gt;
                                    &lt;android.view.ViewGroup index="0" package="com.mbcapp" class="android.view.ViewGroup" text="" checkable="false" checked="false" clickable="false" enabled="true" focusable="false" focused="false" long-clickable="false" password="false" scrollable="false" selected="false" bounds="[315,1057][405,1147]" displayed="true"&gt;
                                      &lt;android.view.View index="0" package="com.mbcapp" class="android.view.View" text="" checkable="false" checked="false" clickable="false" enabled="true" focusable="false" focused="false" long-clickable="false" password="false" scrollable="false" selected="false" bounds="[315,1057][405,1147]" displayed="true" /&gt;
                                      &lt;android.widget.ImageView index="1" package="com.mbcapp" class="android.widget.ImageView" text="" checkable="false" checked="false" clickable="false" enabled="true" focusable="false" focused="false" long-clickable="false" password="false" scrollable="false" selected="false" bounds="[325,1067][395,1137]" displayed="true" /&gt;
                                    &lt;/android.view.ViewGroup&gt;
                                  &lt;/android.view.ViewGroup&gt;
                                  &lt;android.view.ViewGroup index="4" package="com.mbcapp" class="android.view.ViewGroup" text="" checkable="false" checked="false" clickable="true" enabled="true" focusable="true" focused="false" long-clickable="false" password="false" scrollable="false" selected="false" bounds="[437,1057][527,1147]" displayed="true"&gt;
                                    &lt;android.view.ViewGroup index="0" package="com.mbcapp" class="android.view.ViewGroup" text="" checkable="false" checked="false" clickable="false" enabled="true" focusable="false" focused="false" long-clickable="false" password="false" scrollable="false" selected="false" bounds="[437,1057][527,1147]" displayed="true"&gt;
                                      &lt;android.view.View index="0" package="com.mbcapp" class="android.view.View" text="" checkable="false" checked="false" clickable="false" enabled="true" focusable="false" focused="false" long-clickable="false" password="false" scrollable="false" selected="false" bounds="[437,1057][527,1147]" displayed="true" /&gt;
                                      &lt;android.widget.ImageView index="1" package="com.mbcapp" class="android.widget.ImageView" text="" checkable="false" checked="false" clickable="false" enabled="true" focusable="false" focused="false" long-clickable="false" password="false" scrollable="false" selected="false" bounds="[449,1069][515,1135]" displayed="true" /&gt;
                                    &lt;/android.view.ViewGroup&gt;
                                  &lt;/android.view.ViewGroup&gt;
                                &lt;/android.view.ViewGroup&gt;
                              &lt;/android.view.ViewGroup&gt;
                              &lt;android.widget.ImageView index="6" package="com.mbcapp" class="android.widget.ImageView" text="" checkable="false" checked="false" clickable="false" enabled="true" focusable="false" focused="false" long-clickable="false" password="false" scrollable="false" selected="false" bounds="[0,48][720,1280]" displayed="true" /&gt;
                            &lt;/android.view.ViewGroup&gt;
                          &lt;/android.view.ViewGroup&gt;
                        &lt;/android.view.ViewGroup&gt;
                      &lt;/android.view.ViewGroup&gt;
                    &lt;/android.view.ViewGroup&gt;
                    &lt;android.view.ViewGroup index="3" package="com.mbcapp" class="android.view.ViewGroup" text="" checkable="false" checked="false" clickable="false" enabled="true" focusable="false" focused="false" long-clickable="false" password="false" scrollable="false" selected="false" bounds="[0,48][720,1280]" displayed="true"&gt;
                      &lt;android.view.ViewGroup index="0" package="com.mbcapp" class="android.view.ViewGroup" text="" checkable="false" checked="false" clickable="false" enabled="true" focusable="false" focused="false" long-clickable="false" password="false" scrollable="false" selected="false" bounds="[0,48][720,1280]" displayed="true"&gt;
                        &lt;android.view.ViewGroup index="0" package="com.mbcapp" class="android.view.ViewGroup" text="" checkable="false" checked="false" clickable="false" enabled="true" focusable="false" focused="false" long-clickable="false" password="false" scrollable="false" selected="false" bounds="[0,48][720,1280]" displayed="true"&gt;
                          &lt;android.view.ViewGroup index="0" package="com.mbcapp" class="android.view.ViewGroup" text="" checkable="false" checked="false" clickable="false" enabled="true" focusable="false" focused="false" long-clickable="false" password="false" scrollable="false" selected="false" bounds="[0,48][720,1280]" displayed="true"&gt;
                            &lt;android.view.ViewGroup index="0" package="com.mbcapp" class="android.view.ViewGroup" text="" checkable="false" checked="false" clickable="false" enabled="true" focusable="false" focused="false" long-clickable="false" password="false" scrollable="false" selected="false" bounds="[0,48][720,1280]" displayed="true"&gt;
                              &lt;android.widget.ImageView index="0" package="com.mbcapp" class="android.widget.ImageView" text="" checkable="false" checked="false" clickable="false" enabled="true" focusable="false" focused="false" long-clickable="false" password="false" scrollable="false" selected="false" bounds="[0,48][720,1280]" displayed="true" /&gt;
                              &lt;android.widget.ImageView index="1" package="com.mbcapp" class="android.widget.ImageView" text="" checkable="false" checked="false" clickable="false" enabled="true" focusable="false" focused="false" long-clickable="false" password="false" scrollable="false" selected="false" bounds="[0,88][720,546]" displayed="true" /&gt;
                              &lt;android.widget.ImageView index="2" package="com.mbcapp" class="android.widget.ImageView" text="" checkable="false" checked="false" clickable="false" enabled="true" focusable="false" focused="false" long-clickable="false" password="false" scrollable="false" selected="false" bounds="[0,88][720,546]" displayed="true" /&gt;
                              &lt;android.view.ViewGroup index="3" package="com.mbcapp" class="android.view.ViewGroup" text="" checkable="false" checked="false" clickable="false" enabled="true" focusable="false" focused="false" long-clickable="false" password="false" scrollable="false" selected="false" bounds="[0,48][720,1280]" displayed="true"&gt;
                                &lt;android.widget.FrameLayout index="0" package="com.mbcapp" class="android.widget.FrameLayout" text="" checkable="false" checked="false" clickable="false" enabled="true" focusable="false" focused="false" long-clickable="false" password="false" scrollable="false" selected="false" bounds="[324,865][396,937]" displayed="true"&gt;
                                  &lt;android.widget.ProgressBar index="0" package="com.mbcapp" class="android.widget.ProgressBar" text="" checkable="false" checked="false" clickable="false" enabled="true" focusable="false" focused="false" long-clickable="false" password="false" scrollable="false" selected="false" bounds="[324,865][396,937]" displayed="true" /&gt;
                                &lt;/android.widget.FrameLayout&gt;
                              &lt;/android.view.ViewGroup&gt;
                              &lt;android.widget.ImageView index="4" package="com.mbcapp" class="android.widget.ImageView" text="" checkable="false" checked="false" clickable="false" enabled="true" focusable="false" focused="false" long-clickable="false" password="false" scrollable="false" selected="false" bounds="[0,48][720,1280]" displayed="true" /&gt;
                              &lt;android.view.ViewGroup index="5" package="com.mbcapp" class="android.view.ViewGroup" text="" checkable="false" checked="false" clickable="false" enabled="true" focusable="false" focused="false" long-clickable="false" password="false" scrollable="false" selected="false" bounds="[0,48][720,168]" displayed="true"&gt;
                                &lt;android.view.ViewGroup index="0" package="com.mbcapp" class="android.view.ViewGroup" text="" checkable="false" checked="false" clickable="false" enabled="true" focusable="false" focused="false" long-clickable="false" password="false" scrollable="false" selected="false" bounds="[0,48][72,139]" displayed="true"&gt;
                                  &lt;android.view.ViewGroup index="0" package="com.mbcapp" class="android.view.ViewGroup" text="" checkable="false" checked="false" clickable="true" enabled="true" focusable="true" focused="false" long-clickable="false" password="false" scrollable="false" selected="false" bounds="[36,88][72,139]" displayed="true"&gt;
                                    &lt;android.widget.TextView index="0" package="com.mbcapp" class="android.widget.TextView" text="" checkable="false" checked="false" clickable="false" enabled="true" focusable="false" focused="false" long-clickable="false" password="false" scrollable="false" selected="false" bounds="[36,88][72,139]" displayed="true" /&gt;
                                  &lt;/android.view.ViewGroup&gt;
                                &lt;/android.view.ViewGroup&gt;
                                &lt;android.widget.TextView index="1" package="com.mbcapp" class="android.widget.TextView" text="FORGOT PASSWORD" checkable="false" checked="false" clickable="false" enabled="true" focusable="false" focused="false" long-clickable="false" password="false" scrollable="false" selected="false" bounds="[0,58][720,168]" displayed="true" /&gt;
                              &lt;/android.view.ViewGroup&gt;
                              &lt;android.widget.ScrollView index="6" package="com.mbcapp" class="android.widget.ScrollView" text="" checkable="false" checked="false" clickable="false" enabled="true" focusable="false" focused="false" long-clickable="false" password="false" scrollable="false" selected="false" bounds="[0,168][720,1280]" displayed="true"&gt;
                                &lt;android.view.ViewGroup index="0" package="com.mbcapp" class="android.view.ViewGroup" text="" checkable="false" checked="false" clickable="false" enabled="true" focusable="false" focused="false" long-clickable="false" password="false" scrollable="false" selected="false" bounds="[0,168][720,1280]" displayed="true"&gt;
                                  &lt;android.view.ViewGroup index="0" package="com.mbcapp" class="android.view.ViewGroup" text="" checkable="false" checked="false" clickable="false" enabled="true" focusable="false" focused="false" long-clickable="false" password="false" scrollable="false" selected="false" bounds="[0,640][720,856]" displayed="true"&gt;
                                    &lt;android.widget.EditText index="0" package="com.mbcapp" class="android.widget.EditText" text="bliimocheck@mailinator.com" checkable="false" checked="false" clickable="true" enabled="true" focusable="true" focused="false" long-clickable="true" password="false" scrollable="false" selected="false" bounds="[60,640][660,730]" displayed="true" /&gt;
                                    &lt;android.widget.TextView index="1" package="com.mbcapp" class="android.widget.TextView" text="" checkable="false" checked="false" clickable="false" enabled="true" focusable="false" focused="false" long-clickable="false" password="false" scrollable="false" selected="false" bounds="[0,730][720,766]" displayed="true" /&gt;
                                    &lt;android.view.ViewGroup index="2" package="com.mbcapp" class="android.view.ViewGroup" text="" checkable="false" checked="false" clickable="true" enabled="true" focusable="true" focused="false" long-clickable="false" password="false" scrollable="false" selected="false" bounds="[60,766][660,856]" displayed="true"&gt;
                                      &lt;android.view.ViewGroup index="0" package="com.mbcapp" class="android.view.ViewGroup" text="" checkable="false" checked="false" clickable="false" enabled="true" focusable="false" focused="false" long-clickable="false" password="false" scrollable="false" selected="false" bounds="[60,766][660,856]" displayed="true"&gt;
                                        &lt;android.view.View index="0" package="com.mbcapp" class="android.view.View" text="" checkable="false" checked="false" clickable="false" enabled="true" focusable="false" focused="false" long-clickable="false" password="false" scrollable="false" selected="false" bounds="[60,766][660,856]" displayed="true" /&gt;
                                        &lt;android.widget.TextView index="1" package="com.mbcapp" class="android.widget.TextView" text="CONFIRM" checkable="false" checked="false" clickable="false" enabled="true" focusable="false" focused="false" long-clickable="false" password="false" scrollable="false" selected="false" bounds="[307,795][413,828]" displayed="true" /&gt;
                                      &lt;/android.view.ViewGroup&gt;
                                    &lt;/android.view.ViewGroup&gt;
                                  &lt;/android.view.ViewGroup&gt;
                                &lt;/android.view.ViewGroup&gt;
                              &lt;/android.widget.ScrollView&gt;
                            &lt;/android.view.ViewGroup&gt;
                          &lt;/android.view.ViewGroup&gt;
                        &lt;/android.view.ViewGroup&gt;
                      &lt;/android.view.ViewGroup&gt;
                    &lt;/android.view.ViewGroup&gt;
                  &lt;/android.view.ViewGroup&gt;
                &lt;/android.view.ViewGroup&gt;
              &lt;/android.view.ViewGroup&gt;
            &lt;/android.widget.FrameLayout&gt;
          &lt;/android.widget.FrameLayout&gt;
        &lt;/android.widget.LinearLayout&gt;
      &lt;/android.widget.FrameLayout&gt;
    &lt;/android.widget.LinearLayout&gt;
  &lt;/android.widget.FrameLayout&gt;
&lt;/hierarchy&gt;</msg>
<kw name="Capture Page Screenshot" library="AppiumLibrary">
<doc>Takes a screenshot of the current page and embeds it into the log.</doc>
<msg timestamp="20211029 16:45:00.751" level="INFO" html="true">&lt;/td&gt;&lt;/tr&gt;&lt;tr&gt;&lt;td colspan="3"&gt;&lt;a href="appium-screenshot-2.png"&gt;&lt;img src="appium-screenshot-2.png" width="800px"&gt;&lt;/a&gt;</msg>
<status status="PASS" starttime="20211029 16:44:59.693" endtime="20211029 16:45:00.751"/>
</kw>
<msg timestamp="20211029 16:45:00.752" level="FAIL">Element '//android.widget.TextView[@text='SUCCESS']' did not appear in 5 seconds</msg>
<status status="FAIL" starttime="20211029 16:44:54.097" endtime="20211029 16:45:00.752"/>
</kw>
<kw name="Run Keyword Until Success" library="resources">
<arg>Click Element</arg>
<arg>//android.widget.TextView[@text='OK']</arg>
<status status="NOT RUN" starttime="20211029 16:45:00.752" endtime="20211029 16:45:00.752"/>
</kw>
<status status="FAIL" starttime="20211029 16:44:49.257" endtime="20211029 16:45:00.753"/>
</kw>
<kw name="Sleep" library="BuiltIn">
<arg>5</arg>
<doc>Pauses the test executed for the given time.</doc>
<status status="NOT RUN" starttime="20211029 16:45:00.753" endtime="20211029 16:45:00.753"/>
</kw>
<kw name="Log To Console" library="BuiltIn">
<arg>'Successfully :)'</arg>
<doc>Logs the given message to the console.</doc>
<status status="NOT RUN" starttime="20211029 16:45:00.754" endtime="20211029 16:45:00.754"/>
</kw>
<kw name="Quit Application" library="AppiumLibrary" type="TEARDOWN">
<doc>Quit application. Application can be quit while Appium session is kept alive.
This keyword can be used to close application during test case or between test cases.</doc>
<status status="PASS" starttime="20211029 16:45:00.754" endtime="20211029 16:45:00.905"/>
</kw>
<tag>sanity</tag>
<status status="FAIL" starttime="20211029 16:44:35.653" endtime="20211029 16:45:00.906">Element '//android.widget.TextView[@text='SUCCESS']' did not appear in 5 seconds</status>
</test>
<kw name="Close Application" library="AppiumLibrary" type="TEARDOWN">
<doc>Closes the current application and also close webdriver session.</doc>
<status status="PASS" starttime="20211029 16:45:00.909" endtime="20211029 16:45:01.128"/>
</kw>
<doc>A test case for the user is able to forgot password</doc>
<status status="FAIL" starttime="20211029 16:44:24.127" endtime="20211029 16:45:01.128"/>
</suite>
<suite id="s1-s3" name="Game" source="/Users/qa_tester/Desktop/MBC-APP/Tests/MBC/Android/game.robot">
<test id="s1-s3-t1" name="Admin create a game">
<kw name="Open Browser" library="Browser">
<arg>${URL}[1]</arg>
<arg>${BROWSER}</arg>
<tag>BrowserControl</tag>
<tag>Setter</tag>
<doc>Opens a new browser instance. Use this keyword for quick experiments or debugging sessions.
Use `New Page` directly instead of `Open Browser` for production and automated execution.
See `Browser, Context and Page` for more information about Browser and related concepts.</doc>
<msg timestamp="20211029 16:45:01.158" level="WARN">Open Browser is for quick experimentation and debugging only. Use New Page for production.</msg>
<msg timestamp="20211029 16:45:01.159" level="INFO">{"browser": "chromium", "headless": false, "handleSIGINT": true, "handleSIGTERM": true, "handleSIGHUP": true, "timeout": 30000.0, "devtools": false, "slowMo": 0.0, "tracesDir": "/Users/qa_tester/Desktop/MBC-APP/Output/browser/traces/d83c6217-11dd-465d-b167-494f83d7d64a"}</msg>
<msg timestamp="20211029 16:45:07.459" level="INFO">Successfully created browser with options: {"browser":"chromium","headless":false,"handleSIGINT":true,"handleSIGTERM":true,"handleSIGHUP":true,"timeout":30000,"devtools":false,"slowMo":0,"tracesDir":"/Users/qa_tester/Desktop/MBC-APP/Output/browser/traces/d83c6217-11dd-465d-b167-494f83d7d64a"}</msg>
<msg timestamp="20211029 16:45:07.460" level="INFO">{"acceptDownloads": false, "ignoreHTTPSErrors": false, "bypassCSP": true, "deviceScaleFactor": 1.0, "isMobile": false, "hasTouch": false, "javaScriptEnabled": true, "offline": false, "hideRfBrowser": false}</msg>
<msg timestamp="20211029 16:45:07.572" level="INFO">Successfully created context. </msg>
<msg timestamp="20211029 16:45:07.572" level="INFO">{'acceptDownloads': False, 'ignoreHTTPSErrors': False, 'bypassCSP': True, 'deviceScaleFactor': 1, 'isMobile': False, 'hasTouch': False, 'javaScriptEnabled': True, 'offline': False, 'hideRfBrowser': False}</msg>
<msg timestamp="20211029 16:45:14.642" level="INFO">Successfully initialized new page object and opened url: http://mbc-api-staging.bliimo.com</msg>
<status status="PASS" starttime="20211029 16:45:01.157" endtime="20211029 16:45:14.643"/>
</kw>
<kw name="Input Field" library="resources">
<arg>\#admin_user_email</arg>
<arg>elvin@mailinator.com</arg>
<kw name="Wait For Elements State" library="Browser">
<arg>${field}</arg>
<tag>PageContent</tag>
<tag>Wait</tag>
<doc>Waits for the element found by ``selector`` to satisfy state option.</doc>
<msg timestamp="20211029 16:45:14.706" level="INFO">Wait for Element with selector: #admin_user_email</msg>
<status status="PASS" starttime="20211029 16:45:14.645" endtime="20211029 16:45:14.707"/>
</kw>
<kw name="Fill Text" library="Browser">
<arg>${field}</arg>
<arg>${value}</arg>
<tag>PageContent</tag>
<tag>Setter</tag>
<doc>Clears and fills the given ``txt`` into the text field found by ``selector``.</doc>
<msg timestamp="20211029 16:45:14.707" level="INFO">Fills the text 'elvin@mailinator.com' in the given field.</msg>
<status status="PASS" starttime="20211029 16:45:14.707" endtime="20211029 16:45:14.740"/>
</kw>
<status status="PASS" starttime="20211029 16:45:14.644" endtime="20211029 16:45:14.741"/>
</kw>
<kw name="Input Field" library="resources">
<arg>\#admin_user_password</arg>
<arg>password</arg>
<kw name="Wait For Elements State" library="Browser">
<arg>${field}</arg>
<tag>PageContent</tag>
<tag>Wait</tag>
<doc>Waits for the element found by ``selector`` to satisfy state option.</doc>
<msg timestamp="20211029 16:45:14.759" level="INFO">Wait for Element with selector: #admin_user_password</msg>
<status status="PASS" starttime="20211029 16:45:14.741" endtime="20211029 16:45:14.759"/>
</kw>
<kw name="Fill Text" library="Browser">
<arg>${field}</arg>
<arg>${value}</arg>
<tag>PageContent</tag>
<tag>Setter</tag>
<doc>Clears and fills the given ``txt`` into the text field found by ``selector``.</doc>
<msg timestamp="20211029 16:45:14.760" level="INFO">Fills the text 'password' in the given field.</msg>
<status status="PASS" starttime="20211029 16:45:14.759" endtime="20211029 16:45:14.806"/>
</kw>
<status status="PASS" starttime="20211029 16:45:14.741" endtime="20211029 16:45:14.806"/>
</kw>
<kw name="Click" library="Browser">
<arg>\#admin_user_submit_action &gt; input:nth-child(1)</arg>
<tag>PageContent</tag>
<tag>Setter</tag>
<doc>Simulates mouse click on the element found by ``selector``.</doc>
<status status="PASS" starttime="20211029 16:45:14.806" endtime="20211029 16:45:16.150"/>
</kw>
<kw name="Click" library="Browser">
<arg>\#games &gt; a:nth-child(1)</arg>
<tag>PageContent</tag>
<tag>Setter</tag>
<doc>Simulates mouse click on the element found by ``selector``.</doc>
<status status="PASS" starttime="20211029 16:45:16.150" endtime="20211029 16:45:16.276"/>
</kw>
<kw name="Click" library="Browser">
<arg>\#roulettes &gt; a:nth-child(1)</arg>
<tag>PageContent</tag>
<tag>Setter</tag>
<doc>Simulates mouse click on the element found by ``selector``.</doc>
<status status="PASS" starttime="20211029 16:45:16.276" endtime="20211029 16:45:17.562"/>
</kw>
<kw name="Click" library="Browser">
<arg>text=New Roulette</arg>
<tag>PageContent</tag>
<tag>Setter</tag>
<doc>Simulates mouse click on the element found by ``selector``.</doc>
<status status="PASS" starttime="20211029 16:45:17.562" endtime="20211029 16:45:20.088"/>
</kw>
<kw name="Click" library="Browser">
<arg>\#roulette_radio_station_input &gt; span:nth-child(3) &gt; span:nth-child(1) &gt; span:nth-child(1)</arg>
<tag>PageContent</tag>
<tag>Setter</tag>
<doc>Simulates mouse click on the element found by ``selector``.</doc>
<status status="PASS" starttime="20211029 16:45:20.089" endtime="20211029 16:45:20.565"/>
</kw>
<kw name="Click" library="Browser">
<arg>\#select2-roulette_radio_station_id-results &gt; li:nth-child(5)</arg>
<tag>PageContent</tag>
<tag>Setter</tag>
<doc>Simulates mouse click on the element found by ``selector``.</doc>
<status status="PASS" starttime="20211029 16:45:20.565" endtime="20211029 16:45:20.668"/>
</kw>
<kw name="Select Element From List" library="resources">
<arg>xpath=/html/body/div/div[4]/div/div/form/div/div/div[1]/li[3]/span/span[1]/span/span[2]</arg>
<arg>\#select2-roulette_dj_id-results &gt; li:nth-child(5)</arg>
<kw name="Click" library="Browser">
<arg>${arrow}</arg>
<tag>PageContent</tag>
<tag>Setter</tag>
<doc>Simulates mouse click on the element found by ``selector``.</doc>
<status status="PASS" starttime="20211029 16:45:20.670" endtime="20211029 16:45:20.769"/>
</kw>
<kw name="Click" library="Browser">
<arg>${list}</arg>
<tag>PageContent</tag>
<tag>Setter</tag>
<doc>Simulates mouse click on the element found by ``selector``.</doc>
<status status="PASS" starttime="20211029 16:45:20.769" endtime="20211029 16:45:20.846"/>
</kw>
<status status="PASS" starttime="20211029 16:45:20.669" endtime="20211029 16:45:20.846"/>
</kw>
<kw name="Select Element From List" library="resources">
<arg>xpath=/html/body/div/div[4]/div/div/form/div/div/div[1]/li[4]/span/span[1]/span/span[2]</arg>
<arg>\#select2-roulette_sponsor_id-results &gt; li:nth-child(6)</arg>
<kw name="Click" library="Browser">
<arg>${arrow}</arg>
<tag>PageContent</tag>
<tag>Setter</tag>
<doc>Simulates mouse click on the element found by ``selector``.</doc>
<status status="PASS" starttime="20211029 16:45:20.847" endtime="20211029 16:45:20.936"/>
</kw>
<kw name="Click" library="Browser">
<arg>${list}</arg>
<tag>PageContent</tag>
<tag>Setter</tag>
<doc>Simulates mouse click on the element found by ``selector``.</doc>
<status status="PASS" starttime="20211029 16:45:20.937" endtime="20211029 16:45:21.011"/>
</kw>
<status status="PASS" starttime="20211029 16:45:20.846" endtime="20211029 16:45:21.011"/>
</kw>
<kw name="Input Field" library="resources">
<arg>\#roulette_name</arg>
<arg>Testing 101</arg>
<kw name="Wait For Elements State" library="Browser">
<arg>${field}</arg>
<tag>PageContent</tag>
<tag>Wait</tag>
<doc>Waits for the element found by ``selector`` to satisfy state option.</doc>
<msg timestamp="20211029 16:45:21.039" level="INFO">Wait for Element with selector: #roulette_name</msg>
<status status="PASS" starttime="20211029 16:45:21.012" endtime="20211029 16:45:21.039"/>
</kw>
<kw name="Fill Text" library="Browser">
<arg>${field}</arg>
<arg>${value}</arg>
<tag>PageContent</tag>
<tag>Setter</tag>
<doc>Clears and fills the given ``txt`` into the text field found by ``selector``.</doc>
<msg timestamp="20211029 16:45:21.039" level="INFO">Fills the text 'Testing 101' in the given field.</msg>
<status status="PASS" starttime="20211029 16:45:21.039" endtime="20211029 16:45:21.078"/>
</kw>
<status status="PASS" starttime="20211029 16:45:21.012" endtime="20211029 16:45:21.079"/>
</kw>
<kw name="Input Field" library="resources">
<arg>\#roulette_number_of_winner</arg>
<arg>1</arg>
<kw name="Wait For Elements State" library="Browser">
<arg>${field}</arg>
<tag>PageContent</tag>
<tag>Wait</tag>
<doc>Waits for the element found by ``selector`` to satisfy state option.</doc>
<msg timestamp="20211029 16:45:21.123" level="INFO">Wait for Element with selector: #roulette_number_of_winner</msg>
<status status="PASS" starttime="20211029 16:45:21.079" endtime="20211029 16:45:21.123"/>
</kw>
<kw name="Fill Text" library="Browser">
<arg>${field}</arg>
<arg>${value}</arg>
<tag>PageContent</tag>
<tag>Setter</tag>
<doc>Clears and fills the given ``txt`` into the text field found by ``selector``.</doc>
<msg timestamp="20211029 16:45:21.124" level="INFO">Fills the text '1' in the given field.</msg>
<status status="PASS" starttime="20211029 16:45:21.124" endtime="20211029 16:45:21.174"/>
</kw>
<status status="PASS" starttime="20211029 16:45:21.079" endtime="20211029 16:45:21.174"/>
</kw>
<kw name="Input Field" library="resources">
<arg>\#roulette_price</arg>
<arg>10000</arg>
<kw name="Wait For Elements State" library="Browser">
<arg>${field}</arg>
<tag>PageContent</tag>
<tag>Wait</tag>
<doc>Waits for the element found by ``selector`` to satisfy state option.</doc>
<msg timestamp="20211029 16:45:21.215" level="INFO">Wait for Element with selector: #roulette_price</msg>
<status status="PASS" starttime="20211029 16:45:21.175" endtime="20211029 16:45:21.215"/>
</kw>
<kw name="Fill Text" library="Browser">
<arg>${field}</arg>
<arg>${value}</arg>
<tag>PageContent</tag>
<tag>Setter</tag>
<doc>Clears and fills the given ``txt`` into the text field found by ``selector``.</doc>
<msg timestamp="20211029 16:45:21.216" level="INFO">Fills the text '10000' in the given field.</msg>
<status status="PASS" starttime="20211029 16:45:21.215" endtime="20211029 16:45:21.276"/>
</kw>
<status status="PASS" starttime="20211029 16:45:21.174" endtime="20211029 16:45:21.276"/>
</kw>
<kw name="Type Text" library="Browser">
<arg>xpath=//*[@id="roulette_schedule"]</arg>
<arg>1026002021050000pm</arg>
<tag>PageContent</tag>
<tag>Setter</tag>
<doc>Types the given ``txt`` into the text field found by ``selector``.</doc>
<msg timestamp="20211029 16:45:21.278" level="INFO">Types the text '1026002021050000pm' in the given field.</msg>
<status status="PASS" starttime="20211029 16:45:21.278" endtime="20211029 16:45:21.478"/>
</kw>
<kw name="Input Field" library="resources">
<arg>\#roulette_redemption_details</arg>
<arg>Rdemption details here ....</arg>
<kw name="Wait For Elements State" library="Browser">
<arg>${field}</arg>
<tag>PageContent</tag>
<tag>Wait</tag>
<doc>Waits for the element found by ``selector`` to satisfy state option.</doc>
<msg timestamp="20211029 16:45:21.527" level="INFO">Wait for Element with selector: #roulette_redemption_details</msg>
<status status="PASS" starttime="20211029 16:45:21.479" endtime="20211029 16:45:21.527"/>
</kw>
<kw name="Fill Text" library="Browser">
<arg>${field}</arg>
<arg>${value}</arg>
<tag>PageContent</tag>
<tag>Setter</tag>
<doc>Clears and fills the given ``txt`` into the text field found by ``selector``.</doc>
<msg timestamp="20211029 16:45:21.528" level="INFO">Fills the text 'Rdemption details here ....' in the given field.</msg>
<status status="PASS" starttime="20211029 16:45:21.528" endtime="20211029 16:45:21.578"/>
</kw>
<status status="PASS" starttime="20211029 16:45:21.478" endtime="20211029 16:45:21.578"/>
</kw>
<kw name="Input Field" library="resources">
<arg>\#roulette_dti_permit</arg>
<arg>dti_permit12345</arg>
<kw name="Wait For Elements State" library="Browser">
<arg>${field}</arg>
<tag>PageContent</tag>
<tag>Wait</tag>
<doc>Waits for the element found by ``selector`` to satisfy state option.</doc>
<msg timestamp="20211029 16:45:21.637" level="INFO">Wait for Element with selector: #roulette_dti_permit</msg>
<status status="PASS" starttime="20211029 16:45:21.579" endtime="20211029 16:45:21.638"/>
</kw>
<kw name="Fill Text" library="Browser">
<arg>${field}</arg>
<arg>${value}</arg>
<tag>PageContent</tag>
<tag>Setter</tag>
<doc>Clears and fills the given ``txt`` into the text field found by ``selector``.</doc>
<msg timestamp="20211029 16:45:21.641" level="INFO">Fills the text 'dti_permit12345' in the given field.</msg>
<status status="PASS" starttime="20211029 16:45:21.639" endtime="20211029 16:45:21.723"/>
</kw>
<status status="PASS" starttime="20211029 16:45:21.578" endtime="20211029 16:45:21.724"/>
</kw>
<kw name="Input Field" library="resources">
<arg>\#roulette_winner_prompt</arg>
<arg>Panalo ka!</arg>
<kw name="Wait For Elements State" library="Browser">
<arg>${field}</arg>
<tag>PageContent</tag>
<tag>Wait</tag>
<doc>Waits for the element found by ``selector`` to satisfy state option.</doc>
<msg timestamp="20211029 16:45:21.764" level="INFO">Wait for Element with selector: #roulette_winner_prompt</msg>
<status status="PASS" starttime="20211029 16:45:21.725" endtime="20211029 16:45:21.765"/>
</kw>
<kw name="Fill Text" library="Browser">
<arg>${field}</arg>
<arg>${value}</arg>
<tag>PageContent</tag>
<tag>Setter</tag>
<doc>Clears and fills the given ``txt`` into the text field found by ``selector``.</doc>
<msg timestamp="20211029 16:45:21.765" level="INFO">Fills the text 'Panalo ka!' in the given field.</msg>
<status status="PASS" starttime="20211029 16:45:21.765" endtime="20211029 16:45:21.828"/>
</kw>
<status status="PASS" starttime="20211029 16:45:21.724" endtime="20211029 16:45:21.828"/>
</kw>
<kw name="Click" library="Browser">
<arg>text=Create Roulette</arg>
<tag>PageContent</tag>
<tag>Setter</tag>
<doc>Simulates mouse click on the element found by ``selector``.</doc>
<status status="PASS" starttime="20211029 16:45:21.829" endtime="20211029 16:45:22.542"/>
</kw>
<kw name="Click" library="Browser">
<arg>text=Let player join</arg>
<tag>PageContent</tag>
<tag>Setter</tag>
<doc>Simulates mouse click on the element found by ``selector``.</doc>
<status status="PASS" starttime="20211029 16:45:22.543" endtime="20211029 16:45:23.244"/>
</kw>
<kw name="Log To Console" library="BuiltIn">
<arg>'Hello, Elvin :)'</arg>
<doc>Logs the given message to the console.</doc>
<status status="PASS" starttime="20211029 16:45:23.244" endtime="20211029 16:45:23.244"/>
</kw>
<status status="PASS" starttime="20211029 16:45:01.149" endtime="20211029 16:45:23.245"/>
</test>
<doc>A test case for a user is able to create and join the game</doc>
<status status="PASS" starttime="20211029 16:45:01.132" endtime="20211029 16:45:23.430"/>
</suite>
<suite id="s1-s4" name="Login" source="/Users/qa_tester/Desktop/MBC-APP/Tests/MBC/Android/login.robot">
<kw name="Open MBC Application" library="resources" type="SETUP">
<kw name="Open Application" library="AppiumLibrary">
<arg>http://localhost:4723/wd/hub</arg>
<arg>platformName=Android</arg>
<arg>deviceName=Galaxy J5 Prime</arg>
<arg>appPackage=${MBC-APPLICATION-ID}</arg>
<arg>appActivity=${MBC-APPLICATION-ACTIVITY}</arg>
<arg>udid=4200933406a59453</arg>
<arg>automationName=Uiautomator2</arg>
<doc>Opens a new application to given Appium server.
Capabilities of appium server, Android and iOS,
Please check https://github.com/appium/appium/blob/master/docs/en/writing-running-appium/server-args.md
| *Option*            | *Man.* | *Description*     |
| remote_url          | Yes    | Appium server url |
| alias               | no     | alias             |</doc>
<status status="PASS" starttime="20211029 16:45:23.457" endtime="20211029 16:45:36.036"/>
</kw>
<status status="PASS" starttime="20211029 16:45:23.457" endtime="20211029 16:45:36.037"/>
</kw>
<test id="s1-s4-t1" name="Login negative valid email and wrong password test case">
<kw name="Launch Application" library="AppiumLibrary" type="SETUP">
<doc>Launch application. Application can be launched while Appium session running.
This keyword can be used to launch application during test case or between test cases.</doc>
<status status="PASS" starttime="20211029 16:45:36.039" endtime="20211029 16:45:39.368"/>
</kw>
<kw name="Handle Location and Notification Android" library="resources">
<kw name="Handle Modals" library="resources">
<arg>//android.widget.TextView[@text='Allow MBC Papremyo to access this device's location?']</arg>
<arg>//android.widget.TextView[@text='ALLOW ONLY WHILE USING THE APP']</arg>
<kw name="Run Keyword And Return Status" library="BuiltIn">
<var>${PASSED}</var>
<arg>Wait Until Page Contains Element</arg>
<arg>${MODAL_NAME}</arg>
<doc>Runs the given keyword with given arguments and returns the status as a Boolean value.</doc>
<kw name="Wait Until Page Contains Element" library="AppiumLibrary">
<arg>${MODAL_NAME}</arg>
<doc>Waits until element specified with `locator` appears on current page.</doc>
<kw name="Capture Page Screenshot" library="AppiumLibrary">
<doc>Takes a screenshot of the current page and embeds it into the log.</doc>
<msg timestamp="20211029 16:45:40.654" level="INFO" html="true">&lt;/td&gt;&lt;/tr&gt;&lt;tr&gt;&lt;td colspan="3"&gt;&lt;a href="appium-screenshot-3.png"&gt;&lt;img src="appium-screenshot-3.png" width="800px"&gt;&lt;/a&gt;</msg>
<status status="PASS" starttime="20211029 16:45:40.037" endtime="20211029 16:45:40.654"/>
</kw>
<msg timestamp="20211029 16:45:40.661" level="FAIL">InvalidSelectorException: Message: java.lang.IllegalArgumentException: Unable to compile '//android.widget.TextView[@text='Allow MBC Papremyo to access this device's location?']'. See Cause.
</msg>
<status status="FAIL" starttime="20211029 16:45:39.369" endtime="20211029 16:45:40.662"/>
</kw>
<msg timestamp="20211029 16:45:40.662" level="INFO">${PASSED} = False</msg>
<status status="PASS" starttime="20211029 16:45:39.369" endtime="20211029 16:45:40.662"/>
</kw>
<kw name="Run Keyword If" library="BuiltIn">
<arg>${PASSED}</arg>
<arg>Tap The Element</arg>
<arg>${BUTTON}</arg>
<doc>Runs the given keyword with the given arguments, if ``condition`` is true.</doc>
<status status="PASS" starttime="20211029 16:45:40.662" endtime="20211029 16:45:40.662"/>
</kw>
<status status="PASS" starttime="20211029 16:45:39.368" endtime="20211029 16:45:40.662"/>
</kw>
<status status="PASS" starttime="20211029 16:45:39.368" endtime="20211029 16:45:40.663"/>
</kw>
<kw name="Go To Login Screen" library="resources">
<arg>${LOGIN_BUTTON}</arg>
<kw name="Sleep" library="BuiltIn">
<arg>5</arg>
<doc>Pauses the test executed for the given time.</doc>
<msg timestamp="20211029 16:45:45.664" level="INFO">Slept 5 seconds</msg>
<status status="PASS" starttime="20211029 16:45:40.663" endtime="20211029 16:45:45.664"/>
</kw>
<kw name="Submit Login Button" library="resources">
<arg>${BUTTON}</arg>
<kw name="Sleep" library="BuiltIn">
<arg>3</arg>
<doc>Pauses the test executed for the given time.</doc>
<msg timestamp="20211029 16:45:48.667" level="INFO">Slept 3 seconds</msg>
<status status="PASS" starttime="20211029 16:45:45.665" endtime="20211029 16:45:48.667"/>
</kw>
<kw name="Run Keyword Until Success" library="resources">
<arg>appiumlibrary.Wait Until Page Contains Element</arg>
<arg>${BUTTON}</arg>
<kw name="Wait Until Keyword Succeeds" library="BuiltIn">
<arg>5s</arg>
<arg>1s</arg>
<arg>${KW}</arg>
<arg>@{KWARGS}</arg>
<doc>Runs the specified keyword and retries if it fails.</doc>
<kw name="Wait Until Page Contains Element" library="AppiumLibrary">
<arg>@{KWARGS}</arg>
<doc>Waits until element specified with `locator` appears on current page.</doc>
<status status="PASS" starttime="20211029 16:45:48.670" endtime="20211029 16:45:49.124"/>
</kw>
<status status="PASS" starttime="20211029 16:45:48.669" endtime="20211029 16:45:49.124"/>
</kw>
<status status="PASS" starttime="20211029 16:45:48.668" endtime="20211029 16:45:49.124"/>
</kw>
<kw name="Run Keyword Until Success" library="resources">
<arg>appiumlibrary.Click Element</arg>
<arg>${BUTTON}</arg>
<kw name="Wait Until Keyword Succeeds" library="BuiltIn">
<arg>5s</arg>
<arg>1s</arg>
<arg>${KW}</arg>
<arg>@{KWARGS}</arg>
<doc>Runs the specified keyword and retries if it fails.</doc>
<kw name="Click Element" library="AppiumLibrary">
<arg>@{KWARGS}</arg>
<doc>Click element identified by `locator`.</doc>
<msg timestamp="20211029 16:45:49.130" level="INFO">Clicking element '//android.widget.TextView[@text='LOG IN']'.</msg>
<status status="PASS" starttime="20211029 16:45:49.125" endtime="20211029 16:45:49.499"/>
</kw>
<status status="PASS" starttime="20211029 16:45:49.125" endtime="20211029 16:45:49.500"/>
</kw>
<status status="PASS" starttime="20211029 16:45:49.124" endtime="20211029 16:45:49.500"/>
</kw>
<status status="PASS" starttime="20211029 16:45:45.665" endtime="20211029 16:45:49.500"/>
</kw>
<status status="PASS" starttime="20211029 16:45:40.663" endtime="20211029 16:45:49.500"/>
</kw>
<kw name="Sign with User" library="resources">
<arg>${USER_DETAILS}[email]</arg>
<arg>${LOGIN_EMAIL_FIELD}</arg>
<arg>${USER_DETAILS}[wrong_password]</arg>
<arg>${LOGIN_PASSWORD_FIELD}</arg>
<kw name="Input User Email" library="resources">
<arg>${EMAIL}</arg>
<arg>${EMAIL_FIELD}</arg>
<kw name="Run Keyword Until Success" library="resources">
<arg>Wait Until Page Contains Element</arg>
<arg>${FIELD}</arg>
<kw name="Wait Until Keyword Succeeds" library="BuiltIn">
<arg>5s</arg>
<arg>1s</arg>
<arg>${KW}</arg>
<arg>@{KWARGS}</arg>
<doc>Runs the specified keyword and retries if it fails.</doc>
<kw name="Wait Until Page Contains Element" library="AppiumLibrary">
<arg>@{KWARGS}</arg>
<doc>Waits until element specified with `locator` appears on current page.</doc>
<status status="PASS" starttime="20211029 16:45:49.503" endtime="20211029 16:45:50.529"/>
</kw>
<status status="PASS" starttime="20211029 16:45:49.503" endtime="20211029 16:45:50.529"/>
</kw>
<status status="PASS" starttime="20211029 16:45:49.502" endtime="20211029 16:45:50.530"/>
</kw>
<kw name="Run Keyword Until Success" library="resources">
<arg>Input Text</arg>
<arg>${FIELD}</arg>
<arg>${EMAIL}</arg>
<kw name="Wait Until Keyword Succeeds" library="BuiltIn">
<arg>5s</arg>
<arg>1s</arg>
<arg>${KW}</arg>
<arg>@{KWARGS}</arg>
<doc>Runs the specified keyword and retries if it fails.</doc>
<kw name="Input Text" library="AppiumLibrary">
<arg>@{KWARGS}</arg>
<doc>Types the given `text` into text field identified by `locator`.</doc>
<msg timestamp="20211029 16:45:50.536" level="INFO">Typing text 'bliimocheck@mailinator.com' into text field '//android.widget.EditText[@text='Email']'</msg>
<status status="PASS" starttime="20211029 16:45:50.531" endtime="20211029 16:45:51.862"/>
</kw>
<status status="PASS" starttime="20211029 16:45:50.531" endtime="20211029 16:45:51.862"/>
</kw>
<status status="PASS" starttime="20211029 16:45:50.530" endtime="20211029 16:45:51.862"/>
</kw>
<status status="PASS" starttime="20211029 16:45:49.502" endtime="20211029 16:45:51.862"/>
</kw>
<kw name="Input User Password" library="resources">
<arg>${USERPASSWORD}</arg>
<arg>${PASSWORD_FIELD}</arg>
<kw name="Run Keyword Until Success" library="resources">
<arg>Wait Until Page Contains Element</arg>
<arg>${FIELD}</arg>
<kw name="Wait Until Keyword Succeeds" library="BuiltIn">
<arg>5s</arg>
<arg>1s</arg>
<arg>${KW}</arg>
<arg>@{KWARGS}</arg>
<doc>Runs the specified keyword and retries if it fails.</doc>
<kw name="Wait Until Page Contains Element" library="AppiumLibrary">
<arg>@{KWARGS}</arg>
[...]
<arg>${locator}</arg>
<doc>Click element identified by `locator`.</doc>
<msg timestamp="20211029 16:56:05.449" level="INFO">Clicking element 'xpath=/hierarchy/android.widget.FrameLayout/android.widget.LinearLayout/android.widget.FrameLayout/android.widget.LinearLayout/android.widget.FrameLayout/android.widget.FrameLayout/android.view.ViewGroup/android.view.ViewGroup/android.view.ViewGroup/android.view.ViewGroup/android.view.ViewGroup/android.view.ViewGroup/android.view.ViewGroup/android.view.ViewGroup/android.view.ViewGroup/android.view.ViewGroup/android.view.ViewGroup/android.view.ViewGroup[5]/android.view.ViewGroup/android.widget.ImageView'.</msg>
<status status="PASS" starttime="20211029 16:56:05.443" endtime="20211029 16:56:05.598"/>
</kw>
<status status="PASS" starttime="20211029 16:56:05.300" endtime="20211029 16:56:05.598"/>
</kw>
<kw name="Tap The Element" library="resources">
<arg>//android.widget.TextView[@text='Copy to clipboard']</arg>
<kw name="Wait Until Page Contains Element" library="AppiumLibrary">
<arg>${locator}</arg>
<doc>Waits until element specified with `locator` appears on current page.</doc>
<status status="PASS" starttime="20211029 16:56:05.599" endtime="20211029 16:56:08.605"/>
</kw>
<kw name="Click Element" library="AppiumLibrary">
<arg>${locator}</arg>
<doc>Click element identified by `locator`.</doc>
<msg timestamp="20211029 16:56:08.610" level="INFO">Clicking element '//android.widget.TextView[@text='Copy to clipboard']'.</msg>
<status status="PASS" starttime="20211029 16:56:08.605" endtime="20211029 16:56:08.757"/>
</kw>
<status status="PASS" starttime="20211029 16:56:05.599" endtime="20211029 16:56:08.760"/>
</kw>
<kw name="Sleep" library="BuiltIn">
<arg>5</arg>
<doc>Pauses the test executed for the given time.</doc>
<msg timestamp="20211029 16:56:13.762" level="INFO">Slept 5 seconds</msg>
<status status="PASS" starttime="20211029 16:56:08.760" endtime="20211029 16:56:13.762"/>
</kw>
<status status="PASS" starttime="20211029 16:56:05.300" endtime="20211029 16:56:13.763"/>
</kw>
<kw name="Swipe" library="AppiumLibrary">
<arg>5</arg>
<arg>173</arg>
<arg>176</arg>
<arg>178</arg>
<doc>Swipe from one point to another point, for an optional duration.</doc>
<status status="PASS" starttime="20211029 16:56:13.763" endtime="20211029 16:56:15.060"/>
</kw>
<status status="PASS" starttime="20211029 16:55:08.576" endtime="20211029 16:56:15.060"/>
</iter>
<iter>
<var name="${robot}">//android.widget.TextView[@text='RADYO NATIN']</var>
<kw name="Sleep" library="BuiltIn">
<arg>5</arg>
<doc>Pauses the test executed for the given time.</doc>
<msg timestamp="20211029 16:56:20.063" level="INFO">Slept 5 seconds</msg>
<status status="PASS" starttime="20211029 16:56:15.061" endtime="20211029 16:56:20.063"/>
</kw>
<kw name="Log" library="BuiltIn">
<arg>${robot}</arg>
<doc>Logs the given message with the given level.</doc>
<msg timestamp="20211029 16:56:20.064" level="INFO">//android.widget.TextView[@text='RADYO NATIN']</msg>
<status status="PASS" starttime="20211029 16:56:20.063" endtime="20211029 16:56:20.064"/>
</kw>
<kw name="View Radio Station" library="resources">
<arg>${robot}</arg>
<kw name="Sleep" library="BuiltIn">
<arg>5</arg>
<doc>Pauses the test executed for the given time.</doc>
<msg timestamp="20211029 16:56:25.066" level="INFO">Slept 5 seconds</msg>
<status status="PASS" starttime="20211029 16:56:20.065" endtime="20211029 16:56:25.066"/>
</kw>
<kw name="Wait Until Page Contains Element" library="AppiumLibrary">
<arg>${RADIO_STATION}</arg>
<doc>Waits until element specified with `locator` appears on current page.</doc>
<status status="PASS" starttime="20211029 16:56:25.067" endtime="20211029 16:56:25.249"/>
</kw>
<kw name="Tap The Element" library="resources">
<arg>${RADIO_STATION}</arg>
<kw name="Wait Until Page Contains Element" library="AppiumLibrary">
<arg>${locator}</arg>
<doc>Waits until element specified with `locator` appears on current page.</doc>
<status status="PASS" starttime="20211029 16:56:25.250" endtime="20211029 16:56:25.403"/>
</kw>
<kw name="Click Element" library="AppiumLibrary">
<arg>${locator}</arg>
<doc>Click element identified by `locator`.</doc>
<msg timestamp="20211029 16:56:25.409" level="INFO">Clicking element '//android.widget.TextView[@text='RADYO NATIN']'.</msg>
<status status="PASS" starttime="20211029 16:56:25.404" endtime="20211029 16:56:25.590"/>
</kw>
<status status="PASS" starttime="20211029 16:56:25.249" endtime="20211029 16:56:25.590"/>
</kw>
<kw name="Sleep" library="BuiltIn">
<arg>5</arg>
<doc>Pauses the test executed for the given time.</doc>
<msg timestamp="20211029 16:56:30.592" level="INFO">Slept 5 seconds</msg>
<status status="PASS" starttime="20211029 16:56:25.590" endtime="20211029 16:56:30.592"/>
</kw>
<status status="PASS" starttime="20211029 16:56:20.064" endtime="20211029 16:56:30.592"/>
</kw>
<kw name="Handle Radio Station" library="resources">
<arg>${MUTE_ICON}</arg>
<for flavor="IN RANGE">
<var>${i}</var>
<value>2</value>
<iter>
<var name="${i}">0</var>
<kw name="Wait Until Page Contains Element" library="AppiumLibrary">
<arg>${ICON}</arg>
<doc>Waits until element specified with `locator` appears on current page.</doc>
<status status="PASS" starttime="20211029 16:56:30.594" endtime="20211029 16:56:30.703"/>
</kw>
<kw name="Click Element" library="AppiumLibrary">
<arg>${ICON}</arg>
<doc>Click element identified by `locator`.</doc>
<msg timestamp="20211029 16:56:30.709" level="INFO">Clicking element 'xpath=/hierarchy/android.widget.FrameLayout/android.widget.LinearLayout/android.widget.FrameLayout/android.widget.LinearLayout/android.widget.FrameLayout/android.widget.FrameLayout/android.view.ViewGroup/android.view.ViewGroup/android.view.ViewGroup/android.view.ViewGroup[2]/android.view.ViewGroup/android.view.ViewGroup/android.view.ViewGroup/android.view.ViewGroup/android.view.ViewGroup/android.view.ViewGroup/android.view.ViewGroup/android.view.ViewGroup[3]/android.view.ViewGroup/android.widget.ImageView'.</msg>
<status status="PASS" starttime="20211029 16:56:30.703" endtime="20211029 16:56:30.844"/>
</kw>
<kw name="Sleep" library="BuiltIn">
<arg>10</arg>
<doc>Pauses the test executed for the given time.</doc>
<msg timestamp="20211029 17:06:16.225" level="INFO">Slept 10 seconds</msg>
<status status="PASS" starttime="20211029 16:56:30.844" endtime="20211029 17:06:16.225"/>
</kw>
<kw name="Log To Console" library="BuiltIn">
<arg>${i}</arg>
<doc>Logs the given message to the console.</doc>
<status status="PASS" starttime="20211029 17:06:16.226" endtime="20211029 17:06:16.227"/>
</kw>
<status status="PASS" starttime="20211029 16:56:30.593" endtime="20211029 17:06:16.227"/>
</iter>
<iter>
<var name="${i}">1</var>
<kw name="Wait Until Page Contains Element" library="AppiumLibrary">
<arg>${ICON}</arg>
<doc>Waits until element specified with `locator` appears on current page.</doc>
<kw name="Capture Page Screenshot" library="AppiumLibrary">
<doc>Takes a screenshot of the current page and embeds it into the log.</doc>
<msg timestamp="20211029 17:06:16.948" level="FAIL">InvalidSessionIdException: Message: A session is either terminated or not started
</msg>
<status status="FAIL" starttime="20211029 17:06:16.930" endtime="20211029 17:06:16.948"/>
</kw>
<msg timestamp="20211029 17:06:16.955" level="WARN">Keyword 'Capture Page Screenshot' could not be run on failure: InvalidSessionIdException: Message: A session is either terminated or not started
</msg>
<msg timestamp="20211029 17:06:16.958" level="FAIL">InvalidSessionIdException: Message: A session is either terminated or not started
</msg>
<status status="FAIL" starttime="20211029 17:06:16.228" endtime="20211029 17:06:16.958"/>
</kw>
<kw name="Click Element" library="AppiumLibrary">
<arg>${ICON}</arg>
<doc>Click element identified by `locator`.</doc>
<status status="NOT RUN" starttime="20211029 17:06:16.958" endtime="20211029 17:06:16.959"/>
</kw>
<kw name="Sleep" library="BuiltIn">
<arg>10</arg>
<doc>Pauses the test executed for the given time.</doc>
<status status="NOT RUN" starttime="20211029 17:06:16.959" endtime="20211029 17:06:16.959"/>
</kw>
<kw name="Log To Console" library="BuiltIn">
<arg>${i}</arg>
<doc>Logs the given message to the console.</doc>
<status status="NOT RUN" starttime="20211029 17:06:16.959" endtime="20211029 17:06:16.959"/>
</kw>
<status status="FAIL" starttime="20211029 17:06:16.228" endtime="20211029 17:06:16.959"/>
</iter>
<status status="FAIL" starttime="20211029 16:56:30.593" endtime="20211029 17:06:16.960"/>
</for>
<status status="FAIL" starttime="20211029 16:56:30.592" endtime="20211029 17:06:16.962"/>
</kw>
<kw name="Handle Radio Station" library="resources">
<arg>${PLAY_ICON}</arg>
<status status="NOT RUN" starttime="20211029 17:06:16.964" endtime="20211029 17:06:16.964"/>
</kw>
<kw name="Handle Share Icon" library="resources">
<status status="NOT RUN" starttime="20211029 17:06:16.966" endtime="20211029 17:06:16.966"/>
</kw>
<kw name="Swipe" library="AppiumLibrary">
<arg>5</arg>
<arg>173</arg>
<arg>176</arg>
<arg>178</arg>
<doc>Swipe from one point to another point, for an optional duration.</doc>
<status status="NOT RUN" starttime="20211029 17:06:16.966" endtime="20211029 17:06:16.967"/>
</kw>
<status status="FAIL" starttime="20211029 16:56:15.061" endtime="20211029 17:06:16.967"/>
</iter>
<status status="FAIL" starttime="20211029 16:52:49.834" endtime="20211029 17:06:16.967"/>
</for>
<kw name="Quit Application" library="AppiumLibrary" type="TEARDOWN">
<doc>Quit application. Application can be quit while Appium session is kept alive.
This keyword can be used to close application during test case or between test cases.</doc>
<kw name="Capture Page Screenshot" library="AppiumLibrary">
<doc>Takes a screenshot of the current page and embeds it into the log.</doc>
<msg timestamp="20211029 17:06:17.089" level="FAIL">InvalidSessionIdException: Message: A session is either terminated or not started
</msg>
<status status="FAIL" starttime="20211029 17:06:16.977" endtime="20211029 17:06:17.103"/>
</kw>
<msg timestamp="20211029 17:06:17.117" level="WARN">Keyword 'Capture Page Screenshot' could not be run on failure: InvalidSessionIdException: Message: A session is either terminated or not started
</msg>
<msg timestamp="20211029 17:06:17.121" level="FAIL">InvalidSessionIdException: Message: A session is either terminated or not started
</msg>
<status status="FAIL" starttime="20211029 17:06:16.969" endtime="20211029 17:06:17.121">InvalidSessionIdException: Message: A session is either terminated or not started
</status>
</kw>
<tag>positive</tag>
<tag>sanity</tag>
<status status="FAIL" starttime="20211029 16:52:12.260" endtime="20211029 17:06:17.121">InvalidSessionIdException: Message: A session is either terminated or not started


Also teardown failed:
InvalidSessionIdException: Message: A session is either terminated or not started
</status>
</test>
<kw name="Close Application" library="AppiumLibrary" type="TEARDOWN">
<doc>Closes the current application and also close webdriver session.</doc>
<kw name="Capture Page Screenshot" library="AppiumLibrary">
<doc>Takes a screenshot of the current page and embeds it into the log.</doc>
<msg timestamp="20211029 17:06:17.164" level="FAIL">InvalidSessionIdException: Message: A session is either terminated or not started
</msg>
<status status="FAIL" starttime="20211029 17:06:17.151" endtime="20211029 17:06:17.164"/>
</kw>
<msg timestamp="20211029 17:06:17.173" level="WARN">Keyword 'Capture Page Screenshot' could not be run on failure: InvalidSessionIdException: Message: A session is either terminated or not started
</msg>
<msg timestamp="20211029 17:06:17.174" level="FAIL">InvalidSessionIdException: Message: A session is either terminated or not started
</msg>
<status status="FAIL" starttime="20211029 17:06:17.128" endtime="20211029 17:06:17.174">InvalidSessionIdException: Message: A session is either terminated or not started
</status>
</kw>
<doc>A test case for a user is able to view radio station and use the functionality (mute and unmute, play and pause ...)</doc>
<status status="FAIL" starttime="20211029 16:52:00.784" endtime="20211029 17:06:17.175">Suite teardown failed:
InvalidSessionIdException: Message: A session is either terminated or not started
</status>
</suite>
<suite id="s1-s10" name="Sign Up" source="/Users/qa_tester/Desktop/MBC-APP/Tests/MBC/Android/sign_up.robot">
<kw name="Open MBC Application" library="resources" type="SETUP">
<kw name="Open Application" library="AppiumLibrary">
<arg>http://localhost:4723/wd/hub</arg>
<arg>platformName=Android</arg>
<arg>deviceName=Galaxy J5 Prime</arg>
<arg>appPackage=${MBC-APPLICATION-ID}</arg>
<arg>appActivity=${MBC-APPLICATION-ACTIVITY}</arg>
<arg>udid=4200933406a59453</arg>
<arg>automationName=Uiautomator2</arg>
<doc>Opens a new application to given Appium server.
Capabilities of appium server, Android and iOS,
Please check https://github.com/appium/appium/blob/master/docs/en/writing-running-appium/server-args.md
| *Option*            | *Man.* | *Description*     |
| remote_url          | Yes    | Appium server url |
| alias               | no     | alias             |</doc>
<status status="PASS" starttime="20211029 17:06:17.198" endtime="20211029 17:06:37.194"/>
</kw>
<status status="PASS" starttime="20211029 17:06:17.197" endtime="20211029 17:06:37.194"/>
</kw>
<test id="s1-s10-t1" name="Negative Test Case">
<kw name="Launch Application" library="AppiumLibrary" type="SETUP">
<doc>Launch application. Application can be launched while Appium session running.
This keyword can be used to launch application during test case or between test cases.</doc>
<status status="PASS" starttime="20211029 17:06:37.197" endtime="20211029 17:06:41.959"/>
</kw>
<kw name="Sign Up with User" library="resources">
<kw name="Sleep" library="BuiltIn">
<arg>5</arg>
<doc>Pauses the test executed for the given time.</doc>
<status status="FAIL" starttime="20211029 17:06:41.960" endtime="20211029 17:06:44.153"/>
</kw>
<kw name="Wait Until Page Contains Element" library="AppiumLibrary">
<arg>xpath=/hierarchy/android.widget.FrameLayout/android.widget.LinearLayout/android.widget.FrameLayout/android.widget.LinearLayout/android.widget.FrameLayout/android.widget.FrameLayout/android.view.ViewGroup/android.view.ViewGroup/android.view.ViewGroup/android.view.ViewGroup/android.view.ViewGroup/android.view.ViewGroup/android.view.ViewGroup/android.view.ViewGroup/android.view.ViewGroup[3]/android.view.ViewGroup/android.view.ViewGroup[4]</arg>
<doc>Waits until element specified with `locator` appears on current page.</doc>
<status status="NOT RUN" starttime="20211029 17:06:44.154" endtime="20211029 17:06:44.154"/>
</kw>
<kw name="Tap The Element" library="resources">
<arg>xpath=/hierarchy/android.widget.FrameLayout/android.widget.LinearLayout/android.widget.FrameLayout/android.widget.LinearLayout/android.widget.FrameLayout/android.widget.FrameLayout/android.view.ViewGroup/android.view.ViewGroup/android.view.ViewGroup/android.view.ViewGroup/android.view.ViewGroup/android.view.ViewGroup/android.view.ViewGroup/android.view.ViewGroup/android.view.ViewGroup[3]/android.view.ViewGroup/android.view.ViewGroup[4]</arg>
<status status="NOT RUN" starttime="20211029 17:06:44.154" endtime="20211029 17:06:44.154"/>
</kw>
<status status="FAIL" starttime="20211029 17:06:41.959" endtime="20211029 17:06:44.154"/>
</kw>
<kw name="Handle Register" library="resources">
<arg>${USER_DETAILS}[email]</arg>
<status status="NOT RUN" starttime="20211029 17:06:44.155" endtime="20211029 17:06:44.155"/>
</kw>
<kw name="Quit Application" library="AppiumLibrary" type="TEARDOWN">
<doc>Quit application. Application can be quit while Appium session is kept alive.
This keyword can be used to close application during test case or between test cases.</doc>
<status status="PASS" starttime="20211029 17:06:44.156" endtime="20211029 17:06:44.350"/>
</kw>
<doc>This is to be able to check a negative test case for email already taken</doc>
<tag>email_already_exist</tag>
<tag>negative</tag>
<status status="FAIL" starttime="20211029 17:06:37.194" endtime="20211029 17:06:44.350">Execution terminated by signal</status>
</test>
<test id="s1-s10-t2" name="Positive Test Case">
<doc>This is to be able to check a positive test case for email already taken</doc>
<tag>positive</tag>
<tag>robot:exit</tag>
<tag>sanity</tag>
<status status="FAIL" starttime="20211029 17:06:44.363" endtime="20211029 17:06:44.374">Test execution stopped due to a fatal error.</status>
</test>
<kw name="Close Application" library="AppiumLibrary" type="TEARDOWN">
<doc>Closes the current application and also close webdriver session.</doc>
<status status="PASS" starttime="20211029 17:06:44.382" endtime="20211029 17:06:44.592"/>
</kw>
<doc>A test case for user is able to register

This test has a workflow that is created using keywords in
the imported resource file.</doc>
<status status="FAIL" starttime="20211029 17:06:17.180" endtime="20211029 17:06:44.592"/>
</suite>
<suite id="s1-s11" name="Terms Of Use" source="/Users/qa_tester/Desktop/MBC-APP/Tests/MBC/Android/terms_of_use.robot">
<test id="s1-s11-t1" name="Terms of Use test case">
<tag>positive</tag>
<tag>robot:exit</tag>
<tag>sanity</tag>
<status status="FAIL" starttime="20211029 17:06:44.595" endtime="20211029 17:06:44.595">Test execution stopped due to a fatal error.</status>
</test>
<doc>A test case for a user is able to view terms of use screen</doc>
<status status="FAIL" starttime="20211029 17:06:44.594" endtime="20211029 17:06:44.596"/>
</suite>
<status status="FAIL" starttime="20211029 16:43:18.967" endtime="20211029 17:06:44.598"/>
</suite>
<statistics>
<total>
<stat pass="9" fail="5" skip="0">All Tests</stat>
</total>
<tag>
<stat pass="9" fail="3" skip="0" info="combined" combined="NOT robot:exit">NOT robot:exit</stat>
<stat pass="0" fail="1" skip="0">email_already_exist</stat>
<stat pass="2" fail="0" skip="0">invalid_credentials</stat>
<stat pass="2" fail="1" skip="0">negative</stat>
<stat pass="5" fail="3" skip="0">positive</stat>
<stat pass="6" fail="4" skip="0">sanity</stat>
</tag>
<suite>
<stat pass="9" fail="5" skip="0" id="s1" name="Android">Android</stat>
<stat pass="1" fail="0" skip="0" id="s1-s1" name="Edit Profile">Android.Edit Profile</stat>
<stat pass="0" fail="1" skip="0" id="s1-s2" name="Forgot Password">Android.Forgot Password</stat>
<stat pass="1" fail="0" skip="0" id="s1-s3" name="Game">Android.Game</stat>
<stat pass="3" fail="0" skip="0" id="s1-s4" name="Login">Android.Login</stat>
<stat pass="1" fail="0" skip="0" id="s1-s5" name="login with FB">Android.login with FB</stat>
<stat pass="1" fail="0" skip="0" id="s1-s6" name="Notification">Android.Notification</stat>
<stat pass="1" fail="0" skip="0" id="s1-s7" name="Papremyo">Android.Papremyo</stat>
<stat pass="1" fail="0" skip="0" id="s1-s8" name="Privacy Policy">Android.Privacy Policy</stat>
<stat pass="0" fail="1" skip="0" id="s1-s9" name="Radio Station">Android.Radio Station</stat>
<stat pass="0" fail="2" skip="0" id="s1-s10" name="Sign Up">Android.Sign Up</stat>
<stat pass="0" fail="1" skip="0" id="s1-s11" name="Terms Of Use">Android.Terms Of Use</stat>
</suite>
</statistics>
<errors>
<msg timestamp="20211029 16:45:01.158" level="WARN">Open Browser is for quick experimentation and debugging only. Use New Page for production.</msg>
<msg timestamp="20211029 17:06:16.955" level="WARN">Keyword 'Capture Page Screenshot' could not be run on failure: InvalidSessionIdException: Message: A session is either terminated or not started
</msg>
<msg timestamp="20211029 17:06:17.117" level="WARN">Keyword 'Capture Page Screenshot' could not be run on failure: InvalidSessionIdException: Message: A session is either terminated or not started
</msg>
<msg timestamp="20211029 17:06:17.173" level="WARN">Keyword 'Capture Page Screenshot' could not be run on failure: InvalidSessionIdException: Message: A session is either terminated or not started
</msg>
</errors>
</robot>
